<?xml version="1.0" encoding="UTF-8"?>
<coverage generated="1778682603691" clover="3.2.0">
  <project timestamp="1778682603691" name="All files">
    <metrics statements="203" coveredstatements="201" conditionals="157" coveredconditionals="118" methods="83" coveredmethods="76" elements="443" coveredelements="395" complexity="0" loc="203" ncloc="203" packages="3" files="5" classes="5"/>
    <package name="app.(parent).gifts">
      <metrics statements="57" coveredstatements="56" conditionals="38" coveredconditionals="36" methods="12" coveredmethods="11"/>
      <file name="[id].tsx" path="/Users/fx024/Work/FamilyFun/app/(parent)/gifts/[id].tsx">
        <metrics statements="35" coveredstatements="34" conditionals="16" coveredconditionals="15" methods="9" coveredmethods="8"/>
        <line num="16" count="24" type="stmt"/>
        <line num="17" count="24" type="stmt"/>
        <line num="18" count="24" type="stmt"/>
        <line num="19" count="24" type="stmt"/>
        <line num="20" count="24" type="stmt"/>
        <line num="21" count="24" type="stmt"/>
        <line num="23" count="24" type="stmt"/>
        <line num="24" count="24" type="stmt"/>
        <line num="26" count="24" type="stmt"/>
        <line num="27" count="24" type="cond" truecount="2" falsecount="0"/>
        <line num="29" count="24" type="cond" truecount="2" falsecount="0"/>
        <line num="31" count="23" type="stmt"/>
        <line num="32" count="2" type="cond" truecount="3" falsecount="1"/>
        <line num="33" count="2" type="stmt"/>
        <line num="34" count="2" type="stmt"/>
        <line num="35" count="2" type="stmt"/>
        <line num="36" count="1" type="stmt"/>
        <line num="38" count="1" type="stmt"/>
        <line num="40" count="2" type="stmt"/>
        <line num="44" count="23" type="stmt"/>
        <line num="45" count="2" type="stmt"/>
        <line num="46" count="2" type="stmt"/>
        <line num="47" count="2" type="stmt"/>
        <line num="48" count="1" type="stmt"/>
        <line num="50" count="1" type="stmt"/>
        <line num="52" count="2" type="stmt"/>
        <line num="56" count="23" type="stmt"/>
        <line num="57" count="3" type="stmt"/>
        <line num="63" count="2" type="stmt"/>
        <line num="64" count="2" type="stmt"/>
        <line num="65" count="1" type="stmt"/>
        <line num="67" count="1" type="stmt"/>
        <line num="74" count="23" type="stmt"/>
        <line num="79" count="0" type="stmt"/>
        <line num="137" count="1" type="stmt"/>
      </file>
      <file name="edit.tsx" path="/Users/fx024/Work/FamilyFun/app/(parent)/gifts/edit.tsx">
        <metrics statements="22" coveredstatements="22" conditionals="22" coveredconditionals="21" methods="3" coveredmethods="3"/>
        <line num="11" count="26" type="stmt"/>
        <line num="12" count="26" type="stmt"/>
        <line num="13" count="26" type="stmt"/>
        <line num="14" count="26" type="stmt"/>
        <line num="16" count="26" type="stmt"/>
        <line num="18" count="26" type="cond" truecount="2" falsecount="0"/>
        <line num="19" count="26" type="cond" truecount="2" falsecount="0"/>
        <line num="20" count="26" type="cond" truecount="2" falsecount="0"/>
        <line num="21" count="26" type="cond" truecount="2" falsecount="0"/>
        <line num="22" count="26" type="cond" truecount="2" falsecount="0"/>
        <line num="23" count="26" type="stmt"/>
        <line num="25" count="26" type="cond" truecount="2" falsecount="0"/>
        <line num="27" count="25" type="stmt"/>
        <line num="28" count="4" type="cond" truecount="1" falsecount="1"/>
        <line num="29" count="4" type="stmt"/>
        <line num="30" count="4" type="stmt"/>
        <line num="31" count="4" type="stmt"/>
        <line num="38" count="3" type="stmt"/>
        <line num="40" count="1" type="stmt"/>
        <line num="42" count="4" type="stmt"/>
        <line num="46" count="25" type="stmt"/>
        <line num="97" count="1" type="stmt"/>
      </file>
    </package>
    <package name="app.(parent).missions">
      <metrics statements="53" coveredstatements="52" conditionals="35" coveredconditionals="30" methods="27" coveredmethods="26"/>
      <file name="[id].tsx" path="/Users/fx024/Work/FamilyFun/app/(parent)/missions/[id].tsx">
        <metrics statements="53" coveredstatements="52" conditionals="35" coveredconditionals="30" methods="27" coveredmethods="26"/>
        <line num="16" count="28" type="stmt"/>
        <line num="17" count="28" type="stmt"/>
        <line num="18" count="28" type="stmt"/>
        <line num="19" count="28" type="stmt"/>
        <line num="20" count="28" type="stmt"/>
        <line num="21" count="28" type="stmt"/>
        <line num="22" count="28" type="stmt"/>
        <line num="24" count="28" type="stmt"/>
        <line num="26" count="28" type="stmt"/>
        <line num="27" count="29" type="stmt"/>
        <line num="28" count="29" type="stmt"/>
        <line num="30" count="84" type="stmt"/>
        <line num="31" count="28" type="stmt"/>
        <line num="32" count="29" type="cond" truecount="2" falsecount="0"/>
        <line num="33" count="27" type="stmt"/>
        <line num="34" count="56" type="stmt"/>
        <line num="36" count="28" type="stmt"/>
        <line num="37" count="31" type="cond" truecount="2" falsecount="0"/>
        <line num="39" count="28" type="stmt"/>
        <line num="40" count="3" type="cond" truecount="1" falsecount="1"/>
        <line num="41" count="3" type="stmt"/>
        <line num="42" count="3" type="stmt"/>
        <line num="43" count="2" type="cond" truecount="1" falsecount="1"/>
        <line num="45" count="1" type="stmt"/>
        <line num="49" count="28" type="stmt"/>
        <line num="50" count="2" type="cond" truecount="3" falsecount="1"/>
        <line num="51" count="2" type="stmt"/>
        <line num="52" count="2" type="stmt"/>
        <line num="53" count="2" type="stmt"/>
        <line num="55" count="1" type="stmt"/>
        <line num="57" count="2" type="stmt"/>
        <line num="61" count="28" type="stmt"/>
        <line num="62" count="3" type="cond" truecount="4" falsecount="1"/>
        <line num="63" count="3" type="stmt"/>
        <line num="64" count="3" type="stmt"/>
        <line num="66" count="1" type="stmt"/>
        <line num="70" count="28" type="stmt"/>
        <line num="71" count="2" type="stmt"/>
        <line num="76" count="1" type="cond" truecount="1" falsecount="1"/>
        <line num="82" count="28" type="cond" truecount="2" falsecount="0"/>
        <line num="84" count="27" type="stmt"/>
        <line num="85" count="28" type="stmt"/>
        <line num="100" count="2" type="stmt"/>
        <line num="108" count="2" type="stmt"/>
        <line num="114" count="1" type="stmt"/>
        <line num="132" count="27" type="stmt"/>
        <line num="141" count="0" type="stmt"/>
        <line num="153" count="51" type="stmt"/>
        <line num="163" count="29" type="stmt"/>
        <line num="166" count="2" type="stmt"/>
        <line num="177" count="29" type="stmt"/>
        <line num="180" count="1" type="stmt"/>
        <line num="200" count="1" type="stmt"/>
      </file>
    </package>
    <package name="stores">
      <metrics statements="93" coveredstatements="93" conditionals="84" coveredconditionals="52" methods="44" coveredmethods="39"/>
      <file name="giftsStore.ts" path="/Users/fx024/Work/FamilyFun/stores/giftsStore.ts">
        <metrics statements="30" coveredstatements="30" conditionals="24" coveredconditionals="16" methods="18" coveredmethods="18"/>
        <line num="18" count="1" type="stmt"/>
        <line num="23" count="3" type="stmt"/>
        <line num="24" count="3" type="stmt"/>
        <line num="25" count="3" type="stmt"/>
        <line num="31" count="3" type="cond" truecount="2" falsecount="0"/>
        <line num="32" count="2" type="cond" truecount="1" falsecount="1"/>
        <line num="34" count="3" type="stmt"/>
        <line num="39" count="1" type="stmt"/>
        <line num="40" count="1" type="cond" truecount="1" falsecount="1"/>
        <line num="41" count="1" type="stmt"/>
        <line num="45" count="1" type="stmt"/>
        <line num="49" count="1" type="cond" truecount="1" falsecount="1"/>
        <line num="51" count="1" type="stmt"/>
        <line num="53" count="1" type="cond" truecount="1" falsecount="1"/>
        <line num="59" count="1" type="stmt"/>
        <line num="63" count="1" type="cond" truecount="1" falsecount="1"/>
        <line num="65" count="1" type="stmt"/>
        <line num="67" count="1" type="cond" truecount="1" falsecount="1"/>
        <line num="73" count="1" type="stmt"/>
        <line num="77" count="1" type="cond" truecount="1" falsecount="1"/>
        <line num="79" count="1" type="stmt"/>
        <line num="81" count="1" type="cond" truecount="1" falsecount="1"/>
        <line num="87" count="3" type="stmt"/>
        <line num="90" count="3" type="cond" truecount="2" falsecount="0"/>
        <line num="92" count="2" type="stmt"/>
        <line num="94" count="3" type="cond" truecount="2" falsecount="0"/>
        <line num="100" count="2" type="stmt"/>
        <line num="104" count="2" type="cond" truecount="2" falsecount="0"/>
        <line num="106" count="1" type="stmt"/>
        <line num="107" count="2" type="stmt"/>
      </file>
      <file name="missionsStore.ts" path="/Users/fx024/Work/FamilyFun/stores/missionsStore.ts">
        <metrics statements="63" coveredstatements="63" conditionals="60" coveredconditionals="36" methods="26" coveredmethods="21"/>
        <line num="23" count="1" type="stmt"/>
        <line num="29" count="2" type="stmt"/>
        <line num="30" count="2" type="stmt"/>
        <line num="31" count="2" type="stmt"/>
        <line num="38" count="2" type="cond" truecount="1" falsecount="1"/>
        <line num="39" count="2" type="cond" truecount="1" falsecount="1"/>
        <line num="41" count="2" type="stmt"/>
        <line num="46" count="1" type="stmt"/>
        <line num="47" count="1" type="cond" truecount="1" falsecount="1"/>
        <line num="48" count="1" type="stmt"/>
        <line num="49" count="1" type="stmt"/>
        <line num="53" count="1" type="stmt"/>
        <line num="56" count="1" type="cond" truecount="1" falsecount="1"/>
        <line num="58" count="1" type="stmt"/>
        <line num="60" count="1" type="cond" truecount="1" falsecount="1"/>
        <line num="66" count="1" type="stmt"/>
        <line num="70" count="1" type="cond" truecount="1" falsecount="1"/>
        <line num="72" count="1" type="stmt"/>
        <line num="73" count="2" type="stmt"/>
        <line num="78" count="8" type="stmt"/>
        <line num="84" count="8" type="cond" truecount="1" falsecount="1"/>
        <line num="85" count="8" type="cond" truecount="1" falsecount="1"/>
        <line num="89" count="2" type="stmt"/>
        <line num="95" count="2" type="cond" truecount="1" falsecount="1"/>
        <line num="96" count="2" type="stmt"/>
        <line num="99" count="2" type="stmt"/>
        <line num="100" count="2" type="cond" truecount="1" falsecount="1"/>
        <line num="101" count="2" type="cond" truecount="2" falsecount="0"/>
        <line num="103" count="1" type="stmt"/>
        <line num="113" count="1" type="stmt"/>
        <line num="119" count="1" type="cond" truecount="1" falsecount="1"/>
        <line num="120" count="1" type="stmt"/>
        <line num="133" count="1" type="stmt"/>
        <line num="139" count="1" type="cond" truecount="1" falsecount="1"/>
        <line num="140" count="1" type="stmt"/>
        <line num="144" count="2" type="stmt"/>
        <line num="151" count="2" type="cond" truecount="1" falsecount="1"/>
        <line num="152" count="2" type="cond" truecount="4" falsecount="0"/>
        <line num="153" count="1" type="stmt"/>
        <line num="156" count="1" type="stmt"/>
        <line num="157" count="1" type="cond" truecount="1" falsecount="1"/>
        <line num="158" count="1" type="stmt"/>
        <line num="159" count="1" type="stmt"/>
        <line num="165" count="1" type="cond" truecount="3" falsecount="1"/>
        <line num="166" count="1" type="stmt"/>
        <line num="178" count="1" type="stmt"/>
        <line num="186" count="1" type="cond" truecount="1" falsecount="1"/>
        <line num="189" count="1" type="stmt"/>
        <line num="190" count="1" type="cond" truecount="1" falsecount="1"/>
        <line num="191" count="1" type="stmt"/>
        <line num="195" count="1" type="cond" truecount="1" falsecount="1"/>
        <line num="196" count="1" type="stmt"/>
        <line num="197" count="1" type="cond" truecount="1" falsecount="1"/>
        <line num="198" count="1" type="cond" truecount="1" falsecount="1"/>
        <line num="199" count="1" type="cond" truecount="1" falsecount="1"/>
        <line num="200" count="1" type="cond" truecount="1" falsecount="1"/>
        <line num="204" count="1" type="stmt"/>
        <line num="218" count="3" type="stmt"/>
        <line num="229" count="3" type="cond" truecount="2" falsecount="0"/>
        <line num="230" count="2" type="stmt"/>
        <line num="233" count="2" type="stmt"/>
        <line num="234" count="2" type="cond" truecount="1" falsecount="1"/>
        <line num="235" count="2" type="stmt"/>
      </file>
    </package>
  </project>
</coverage>
