{"/Users/fx024/Work/FamilyFun/app/(parent)/gifts/[id].tsx": {"path":"/Users/fx024/Work/FamilyFun/app/(parent)/gifts/[id].tsx","statementMap":{"0":{"start":{"line":16,"column":17},"end":{"line":16,"column":55}},"1":{"start":{"line":17,"column":16},"end":{"line":17,"column":32}},"2":{"start":{"line":18,"column":17},"end":{"line":18,"column":28}},"3":{"start":{"line":19,"column":18},"end":{"line":19,"column":48}},"4":{"start":{"line":19,"column":38},"end":{"line":19,"column":47}},"5":{"start":{"line":20,"column":57},"end":{"line":20,"column":72}},"6":{"start":{"line":21,"column":22},"end":{"line":21,"column":38}},"7":{"start":{"line":23,"column":38},"end":{"line":23,"column":50}},"8":{"start":{"line":24,"column":32},"end":{"line":24,"column":47}},"9":{"start":{"line":26,"column":15},"end":{"line":26,"column":45}},"10":{"start":{"line":26,"column":33},"end":{"line":26,"column":44}},"11":{"start":{"line":27,"column":20},"end":{"line":27,"column":89}},"12":{"start":{"line":27,"column":47},"end":{"line":27,"column":69}},"13":{"start":{"line":29,"column":2},"end":{"line":29,"column":25}},"14":{"start":{"line":29,"column":13},"end":{"line":29,"column":25}},"15":{"start":{"line":31,"column":24},"end":{"line":42,"column":3}},"16":{"start":{"line":32,"column":4},"end":{"line":32,"column":40}},"17":{"start":{"line":32,"column":33},"end":{"line":32,"column":40}},"18":{"start":{"line":33,"column":4},"end":{"line":33,"column":21}},"19":{"start":{"line":34,"column":4},"end":{"line":41,"column":5}},"20":{"start":{"line":35,"column":6},"end":{"line":35,"column":71}},"21":{"start":{"line":36,"column":6},"end":{"line":36,"column":20}},"22":{"start":{"line":38,"column":6},"end":{"line":38,"column":52}},"23":{"start":{"line":40,"column":6},"end":{"line":40,"column":24}},"24":{"start":{"line":44,"column":23},"end":{"line":54,"column":3}},"25":{"start":{"line":45,"column":4},"end":{"line":45,"column":21}},"26":{"start":{"line":46,"column":4},"end":{"line":53,"column":5}},"27":{"start":{"line":47,"column":6},"end":{"line":47,"column":32}},"28":{"start":{"line":48,"column":6},"end":{"line":48,"column":20}},"29":{"start":{"line":50,"column":6},"end":{"line":50,"column":52}},"30":{"start":{"line":52,"column":6},"end":{"line":52,"column":24}},"31":{"start":{"line":56,"column":23},"end":{"line":72,"column":3}},"32":{"start":{"line":57,"column":4},"end":{"line":71,"column":7}},"33":{"start":{"line":63,"column":10},"end":{"line":68,"column":11}},"34":{"start":{"line":64,"column":12},"end":{"line":64,"column":38}},"35":{"start":{"line":65,"column":12},"end":{"line":65,"column":26}},"36":{"start":{"line":67,"column":12},"end":{"line":67,"column":58}},"37":{"start":{"line":74,"column":2},"end":{"line":134,"column":4}},"38":{"start":{"line":79,"column":36},"end":{"line":79,"column":85}},"39":{"start":{"line":137,"column":15},"end":{"line":192,"column":2}}},"fnMap":{"0":{"name":"ParentGiftDetailScreen","decl":{"start":{"line":15,"column":24},"end":{"line":15,"column":46}},"loc":{"start":{"line":15,"column":49},"end":{"line":135,"column":1}},"line":15},"1":{"name":"(anonymous_1)","decl":{"start":{"line":19,"column":31},"end":{"line":19,"column":32}},"loc":{"start":{"line":19,"column":38},"end":{"line":19,"column":47}},"line":19},"2":{"name":"(anonymous_2)","decl":{"start":{"line":26,"column":26},"end":{"line":26,"column":27}},"loc":{"start":{"line":26,"column":33},"end":{"line":26,"column":44}},"line":26},"3":{"name":"(anonymous_3)","decl":{"start":{"line":27,"column":40},"end":{"line":27,"column":41}},"loc":{"start":{"line":27,"column":47},"end":{"line":27,"column":69}},"line":27},"4":{"name":"(anonymous_4)","decl":{"start":{"line":31,"column":24},"end":{"line":31,"column":25}},"loc":{"start":{"line":31,"column":36},"end":{"line":42,"column":3}},"line":31},"5":{"name":"(anonymous_5)","decl":{"start":{"line":44,"column":23},"end":{"line":44,"column":24}},"loc":{"start":{"line":44,"column":35},"end":{"line":54,"column":3}},"line":44},"6":{"name":"(anonymous_6)","decl":{"start":{"line":56,"column":23},"end":{"line":56,"column":24}},"loc":{"start":{"line":56,"column":29},"end":{"line":72,"column":3}},"line":56},"7":{"name":"(anonymous_7)","decl":{"start":{"line":62,"column":17},"end":{"line":62,"column":18}},"loc":{"start":{"line":62,"column":29},"end":{"line":69,"column":9}},"line":62},"8":{"name":"(anonymous_8)","decl":{"start":{"line":79,"column":30},"end":{"line":79,"column":31}},"loc":{"start":{"line":79,"column":36},"end":{"line":79,"column":85}},"line":79}},"branchMap":{"0":{"loc":{"start":{"line":27,"column":20},"end":{"line":27,"column":89}},"type":"cond-expr","locations":[{"start":{"line":27,"column":27},"end":{"line":27,"column":84}},{"start":{"line":27,"column":87},"end":{"line":27,"column":89}}],"line":27},"1":{"loc":{"start":{"line":29,"column":2},"end":{"line":29,"column":25}},"type":"if","locations":[{"start":{"line":29,"column":2},"end":{"line":29,"column":25}},{"start":{},"end":{}}],"line":29},"2":{"loc":{"start":{"line":32,"column":4},"end":{"line":32,"column":40}},"type":"if","locations":[{"start":{"line":32,"column":4},"end":{"line":32,"column":40}},{"start":{},"end":{}}],"line":32},"3":{"loc":{"start":{"line":32,"column":8},"end":{"line":32,"column":31}},"type":"binary-expr","locations":[{"start":{"line":32,"column":8},"end":{"line":32,"column":19}},{"start":{"line":32,"column":23},"end":{"line":32,"column":31}}],"line":32},"4":{"loc":{"start":{"line":85,"column":9},"end":{"line":85,"column":87}},"type":"binary-expr","locations":[{"start":{"line":85,"column":9},"end":{"line":85,"column":25}},{"start":{"line":85,"column":29},"end":{"line":85,"column":87}}],"line":85},"5":{"loc":{"start":{"line":86,"column":9},"end":{"line":88,"column":9}},"type":"binary-expr","locations":[{"start":{"line":86,"column":9},"end":{"line":86,"column":22}},{"start":{"line":87,"column":10},"end":{"line":87,"column":76}}],"line":86},"6":{"loc":{"start":{"line":91,"column":7},"end":{"line":116,"column":7}},"type":"binary-expr","locations":[{"start":{"line":91,"column":7},"end":{"line":91,"column":41}},{"start":{"line":92,"column":8},"end":{"line":115,"column":15}}],"line":91},"7":{"loc":{"start":{"line":118,"column":7},"end":{"line":125,"column":7}},"type":"binary-expr","locations":[{"start":{"line":118,"column":7},"end":{"line":118,"column":33}},{"start":{"line":119,"column":8},"end":{"line":124,"column":15}}],"line":118}},"s":{"0":24,"1":24,"2":24,"3":24,"4":24,"5":24,"6":24,"7":24,"8":24,"9":24,"10":23,"11":24,"12":23,"13":24,"14":1,"15":23,"16":2,"17":0,"18":2,"19":2,"20":2,"21":1,"22":1,"23":2,"24":23,"25":2,"26":2,"27":2,"28":1,"29":1,"30":2,"31":23,"32":3,"33":2,"34":2,"35":1,"36":1,"37":23,"38":0,"39":1},"f":{"0":24,"1":24,"2":23,"3":23,"4":2,"5":2,"6":3,"7":2,"8":0},"b":{"0":[23,1],"1":[1,23],"2":[0,2],"3":[2,2],"4":[23,22],"5":[23,22],"6":[23,22],"7":[23,1]},"_coverageSchema":"1a1c01bbd47fc00a2c39e90264f33305004495a9","hash":"0b93905e4ddc58d6e54dbec93bb6c35f854d22a0"}
,"/Users/fx024/Work/FamilyFun/app/(parent)/gifts/edit.tsx": {"path":"/Users/fx024/Work/FamilyFun/app/(parent)/gifts/edit.tsx","statementMap":{"0":{"start":{"line":11,"column":17},"end":{"line":11,"column":55}},"1":{"start":{"line":12,"column":16},"end":{"line":12,"column":32}},"2":{"start":{"line":13,"column":17},"end":{"line":13,"column":28}},"3":{"start":{"line":14,"column":32},"end":{"line":14,"column":47}},"4":{"start":{"line":16,"column":15},"end":{"line":16,"column":45}},"5":{"start":{"line":16,"column":33},"end":{"line":16,"column":44}},"6":{"start":{"line":18,"column":28},"end":{"line":18,"column":55}},"7":{"start":{"line":19,"column":40},"end":{"line":19,"column":73}},"8":{"start":{"line":20,"column":34},"end":{"line":20,"column":65}},"9":{"start":{"line":21,"column":32},"end":{"line":21,"column":62}},"10":{"start":{"line":22,"column":38},"end":{"line":22,"column":97}},"11":{"start":{"line":23,"column":32},"end":{"line":23,"column":47}},"12":{"start":{"line":25,"column":2},"end":{"line":25,"column":25}},"13":{"start":{"line":25,"column":13},"end":{"line":25,"column":25}},"14":{"start":{"line":27,"column":21},"end":{"line":44,"column":3}},"15":{"start":{"line":28,"column":4},"end":{"line":28,"column":23}},"16":{"start":{"line":28,"column":16},"end":{"line":28,"column":23}},"17":{"start":{"line":29,"column":4},"end":{"line":29,"column":21}},"18":{"start":{"line":30,"column":4},"end":{"line":43,"column":5}},"19":{"start":{"line":31,"column":6},"end":{"line":37,"column":9}},"20":{"start":{"line":38,"column":6},"end":{"line":38,"column":20}},"21":{"start":{"line":40,"column":6},"end":{"line":40,"column":52}},"22":{"start":{"line":42,"column":6},"end":{"line":42,"column":24}},"23":{"start":{"line":46,"column":2},"end":{"line":94,"column":4}},"24":{"start":{"line":97,"column":15},"end":{"line":108,"column":2}}},"fnMap":{"0":{"name":"EditGiftScreen","decl":{"start":{"line":10,"column":24},"end":{"line":10,"column":38}},"loc":{"start":{"line":10,"column":41},"end":{"line":95,"column":1}},"line":10},"1":{"name":"(anonymous_1)","decl":{"start":{"line":16,"column":26},"end":{"line":16,"column":27}},"loc":{"start":{"line":16,"column":33},"end":{"line":16,"column":44}},"line":16},"2":{"name":"(anonymous_2)","decl":{"start":{"line":27,"column":21},"end":{"line":27,"column":22}},"loc":{"start":{"line":27,"column":33},"end":{"line":44,"column":3}},"line":27}},"branchMap":{"0":{"loc":{"start":{"line":18,"column":37},"end":{"line":18,"column":54}},"type":"binary-expr","locations":[{"start":{"line":18,"column":37},"end":{"line":18,"column":48}},{"start":{"line":18,"column":52},"end":{"line":18,"column":54}}],"line":18},"1":{"loc":{"start":{"line":19,"column":49},"end":{"line":19,"column":72}},"type":"binary-expr","locations":[{"start":{"line":19,"column":49},"end":{"line":19,"column":66}},{"start":{"line":19,"column":70},"end":{"line":19,"column":72}}],"line":19},"2":{"loc":{"start":{"line":20,"column":43},"end":{"line":20,"column":64}},"type":"binary-expr","locations":[{"start":{"line":20,"column":43},"end":{"line":20,"column":58}},{"start":{"line":20,"column":62},"end":{"line":20,"column":64}}],"line":20},"3":{"loc":{"start":{"line":21,"column":41},"end":{"line":21,"column":61}},"type":"binary-expr","locations":[{"start":{"line":21,"column":41},"end":{"line":21,"column":55}},{"start":{"line":21,"column":59},"end":{"line":21,"column":61}}],"line":21},"4":{"loc":{"start":{"line":22,"column":47},"end":{"line":22,"column":96}},"type":"cond-expr","locations":[{"start":{"line":22,"column":67},"end":{"line":22,"column":91}},{"start":{"line":22,"column":94},"end":{"line":22,"column":96}}],"line":22},"5":{"loc":{"start":{"line":25,"column":2},"end":{"line":25,"column":25}},"type":"if","locations":[{"start":{"line":25,"column":2},"end":{"line":25,"column":25}},{"start":{},"end":{}}],"line":25},"6":{"loc":{"start":{"line":28,"column":4},"end":{"line":28,"column":23}},"type":"if","locations":[{"start":{"line":28,"column":4},"end":{"line":28,"column":23}},{"start":{},"end":{}}],"line":28},"7":{"loc":{"start":{"line":33,"column":21},"end":{"line":33,"column":40}},"type":"binary-expr","locations":[{"start":{"line":33,"column":21},"end":{"line":33,"column":32}},{"start":{"line":33,"column":36},"end":{"line":33,"column":40}}],"line":33},"8":{"loc":{"start":{"line":34,"column":19},"end":{"line":34,"column":35}},"type":"binary-expr","locations":[{"start":{"line":34,"column":19},"end":{"line":34,"column":27}},{"start":{"line":34,"column":31},"end":{"line":34,"column":35}}],"line":34},"9":{"loc":{"start":{"line":35,"column":18},"end":{"line":35,"column":33}},"type":"binary-expr","locations":[{"start":{"line":35,"column":18},"end":{"line":35,"column":25}},{"start":{"line":35,"column":29},"end":{"line":35,"column":33}}],"line":35},"10":{"loc":{"start":{"line":36,"column":21},"end":{"line":36,"column":65}},"type":"cond-expr","locations":[{"start":{"line":36,"column":34},"end":{"line":36,"column":58}},{"start":{"line":36,"column":61},"end":{"line":36,"column":65}}],"line":36}},"s":{"0":26,"1":26,"2":26,"3":26,"4":26,"5":25,"6":26,"7":26,"8":26,"9":26,"10":26,"11":26,"12":26,"13":1,"14":25,"15":4,"16":0,"17":4,"18":4,"19":4,"20":3,"21":1,"22":4,"23":25,"24":1},"f":{"0":26,"1":25,"2":4},"b":{"0":[26,1],"1":[26,2],"2":[26,2],"3":[26,2],"4":[24,2],"5":[1,25],"6":[0,4],"7":[4,1],"8":[4,1],"9":[4,1],"10":[3,1]},"_coverageSchema":"1a1c01bbd47fc00a2c39e90264f33305004495a9","hash":"16f30bdc6740ec0a56ccca56dc209429bbc187c4"}
,"/Users/fx024/Work/FamilyFun/app/(parent)/missions/[id].tsx": {"path":"/Users/fx024/Work/FamilyFun/app/(parent)/missions/[id].tsx","statementMap":{"0":{"start":{"line":16,"column":17},"end":{"line":16,"column":55}},"1":{"start":{"line":17,"column":16},"end":{"line":17,"column":32}},"2":{"start":{"line":18,"column":17},"end":{"line":18,"column":28}},"3":{"start":{"line":19,"column":18},"end":{"line":19,"column":48}},"4":{"start":{"line":19,"column":38},"end":{"line":19,"column":47}},"5":{"start":{"line":20,"column":126},"end":{"line":20,"column":144}},"6":{"start":{"line":21,"column":22},"end":{"line":21,"column":38}},"7":{"start":{"line":22,"column":23},"end":{"line":22,"column":58}},"8":{"start":{"line":22,"column":43},"end":{"line":22,"column":57}},"9":{"start":{"line":24,"column":44},"end":{"line":24,"column":59}},"10":{"start":{"line":26,"column":18},"end":{"line":26,"column":51}},"11":{"start":{"line":26,"column":39},"end":{"line":26,"column":50}},"12":{"start":{"line":27,"column":29},"end":{"line":27,"column":75}},"13":{"start":{"line":27,"column":55},"end":{"line":27,"column":74}},"14":{"start":{"line":28,"column":29},"end":{"line":28,"column":85}},"15":{"start":{"line":28,"column":62},"end":{"line":28,"column":84}},"16":{"start":{"line":30,"column":19},"end":{"line":30,"column":60}},"17":{"start":{"line":30,"column":41},"end":{"line":30,"column":59}},"18":{"start":{"line":31,"column":27},"end":{"line":33,"column":27}},"19":{"start":{"line":32,"column":19},"end":{"line":32,"column":67}},"20":{"start":{"line":33,"column":16},"end":{"line":33,"column":26}},"21":{"start":{"line":34,"column":29},"end":{"line":34,"column":85}},"22":{"start":{"line":34,"column":52},"end":{"line":34,"column":84}},"23":{"start":{"line":36,"column":23},"end":{"line":37,"column":62}},"24":{"start":{"line":37,"column":4},"end":{"line":37,"column":62}},"25":{"start":{"line":37,"column":24},"end":{"line":37,"column":40}},"26":{"start":{"line":39,"column":25},"end":{"line":47,"column":3}},"27":{"start":{"line":40,"column":4},"end":{"line":40,"column":25}},"28":{"start":{"line":40,"column":18},"end":{"line":40,"column":25}},"29":{"start":{"line":41,"column":4},"end":{"line":46,"column":5}},"30":{"start":{"line":42,"column":6},"end":{"line":42,"column":65}},"31":{"start":{"line":43,"column":6},"end":{"line":43,"column":71}},"32":{"start":{"line":43,"column":29},"end":{"line":43,"column":71}},"33":{"start":{"line":45,"column":6},"end":{"line":45,"column":52}},"34":{"start":{"line":49,"column":23},"end":{"line":59,"column":3}},"35":{"start":{"line":50,"column":4},"end":{"line":50,"column":48}},"36":{"start":{"line":50,"column":41},"end":{"line":50,"column":48}},"37":{"start":{"line":51,"column":4},"end":{"line":51,"column":27}},"38":{"start":{"line":52,"column":4},"end":{"line":58,"column":5}},"39":{"start":{"line":53,"column":6},"end":{"line":53,"column":71}},"40":{"start":{"line":55,"column":6},"end":{"line":55,"column":52}},"41":{"start":{"line":57,"column":6},"end":{"line":57,"column":30}},"42":{"start":{"line":61,"column":31},"end":{"line":68,"column":3}},"43":{"start":{"line":62,"column":4},"end":{"line":62,"column":64}},"44":{"start":{"line":62,"column":57},"end":{"line":62,"column":64}},"45":{"start":{"line":63,"column":4},"end":{"line":67,"column":5}},"46":{"start":{"line":64,"column":6},"end":{"line":64,"column":85}},"47":{"start":{"line":66,"column":6},"end":{"line":66,"column":52}},"48":{"start":{"line":70,"column":24},"end":{"line":80,"column":3}},"49":{"start":{"line":71,"column":4},"end":{"line":79,"column":7}},"50":{"start":{"line":76,"column":10},"end":{"line":76,"column":56}},"51":{"start":{"line":76,"column":23},"end":{"line":76,"column":56}},"52":{"start":{"line":82,"column":2},"end":{"line":82,"column":28}},"53":{"start":{"line":82,"column":16},"end":{"line":82,"column":28}},"54":{"start":{"line":84,"column":27},"end":{"line":130,"column":3}},"55":{"start":{"line":85,"column":4},"end":{"line":129,"column":11}},"56":{"start":{"line":100,"column":27},"end":{"line":100,"column":62}},"57":{"start":{"line":108,"column":27},"end":{"line":108,"column":62}},"58":{"start":{"line":114,"column":27},"end":{"line":114,"column":62}},"59":{"start":{"line":132,"column":2},"end":{"line":197,"column":4}},"60":{"start":{"line":141,"column":36},"end":{"line":141,"column":91}},"61":{"start":{"line":153,"column":32},"end":{"line":153,"column":39}},"62":{"start":{"line":163,"column":14},"end":{"line":171,"column":26}},"63":{"start":{"line":166,"column":31},"end":{"line":166,"column":53}},"64":{"start":{"line":177,"column":14},"end":{"line":184,"column":26}},"65":{"start":{"line":180,"column":31},"end":{"line":180,"column":61}},"66":{"start":{"line":200,"column":15},"end":{"line":301,"column":2}}},"fnMap":{"0":{"name":"ParentMissionDetailScreen","decl":{"start":{"line":15,"column":24},"end":{"line":15,"column":49}},"loc":{"start":{"line":15,"column":52},"end":{"line":198,"column":1}},"line":15},"1":{"name":"(anonymous_1)","decl":{"start":{"line":19,"column":31},"end":{"line":19,"column":32}},"loc":{"start":{"line":19,"column":38},"end":{"line":19,"column":47}},"line":19},"2":{"name":"(anonymous_2)","decl":{"start":{"line":22,"column":36},"end":{"line":22,"column":37}},"loc":{"start":{"line":22,"column":43},"end":{"line":22,"column":57}},"line":22},"3":{"name":"(anonymous_3)","decl":{"start":{"line":26,"column":32},"end":{"line":26,"column":33}},"loc":{"start":{"line":26,"column":39},"end":{"line":26,"column":50}},"line":26},"4":{"name":"(anonymous_4)","decl":{"start":{"line":27,"column":48},"end":{"line":27,"column":49}},"loc":{"start":{"line":27,"column":55},"end":{"line":27,"column":74}},"line":27},"5":{"name":"(anonymous_5)","decl":{"start":{"line":28,"column":55},"end":{"line":28,"column":56}},"loc":{"start":{"line":28,"column":62},"end":{"line":28,"column":84}},"line":28},"6":{"name":"(anonymous_6)","decl":{"start":{"line":30,"column":34},"end":{"line":30,"column":35}},"loc":{"start":{"line":30,"column":41},"end":{"line":30,"column":59}},"line":30},"7":{"name":"(anonymous_7)","decl":{"start":{"line":32,"column":12},"end":{"line":32,"column":13}},"loc":{"start":{"line":32,"column":19},"end":{"line":32,"column":67}},"line":32},"8":{"name":"(anonymous_8)","decl":{"start":{"line":33,"column":9},"end":{"line":33,"column":10}},"loc":{"start":{"line":33,"column":16},"end":{"line":33,"column":26}},"line":33},"9":{"name":"(anonymous_9)","decl":{"start":{"line":34,"column":45},"end":{"line":34,"column":46}},"loc":{"start":{"line":34,"column":52},"end":{"line":34,"column":84}},"line":34},"10":{"name":"(anonymous_10)","decl":{"start":{"line":36,"column":23},"end":{"line":36,"column":24}},"loc":{"start":{"line":37,"column":4},"end":{"line":37,"column":62}},"line":37},"11":{"name":"(anonymous_11)","decl":{"start":{"line":37,"column":17},"end":{"line":37,"column":18}},"loc":{"start":{"line":37,"column":24},"end":{"line":37,"column":40}},"line":37},"12":{"name":"(anonymous_12)","decl":{"start":{"line":39,"column":25},"end":{"line":39,"column":26}},"loc":{"start":{"line":39,"column":90},"end":{"line":47,"column":3}},"line":39},"13":{"name":"(anonymous_13)","decl":{"start":{"line":49,"column":23},"end":{"line":49,"column":24}},"loc":{"start":{"line":49,"column":50},"end":{"line":59,"column":3}},"line":49},"14":{"name":"(anonymous_14)","decl":{"start":{"line":61,"column":31},"end":{"line":61,"column":32}},"loc":{"start":{"line":61,"column":58},"end":{"line":68,"column":3}},"line":61},"15":{"name":"(anonymous_15)","decl":{"start":{"line":70,"column":24},"end":{"line":70,"column":25}},"loc":{"start":{"line":70,"column":30},"end":{"line":80,"column":3}},"line":70},"16":{"name":"(anonymous_16)","decl":{"start":{"line":75,"column":17},"end":{"line":75,"column":18}},"loc":{"start":{"line":75,"column":29},"end":{"line":77,"column":9}},"line":75},"17":{"name":"(anonymous_17)","decl":{"start":{"line":84,"column":27},"end":{"line":84,"column":28}},"loc":{"start":{"line":85,"column":4},"end":{"line":129,"column":11}},"line":85},"18":{"name":"(anonymous_18)","decl":{"start":{"line":100,"column":21},"end":{"line":100,"column":22}},"loc":{"start":{"line":100,"column":27},"end":{"line":100,"column":62}},"line":100},"19":{"name":"(anonymous_19)","decl":{"start":{"line":108,"column":21},"end":{"line":108,"column":22}},"loc":{"start":{"line":108,"column":27},"end":{"line":108,"column":62}},"line":108},"20":{"name":"(anonymous_20)","decl":{"start":{"line":114,"column":21},"end":{"line":114,"column":22}},"loc":{"start":{"line":114,"column":27},"end":{"line":114,"column":62}},"line":114},"21":{"name":"(anonymous_21)","decl":{"start":{"line":141,"column":30},"end":{"line":141,"column":31}},"loc":{"start":{"line":141,"column":36},"end":{"line":141,"column":91}},"line":141},"22":{"name":"(anonymous_22)","decl":{"start":{"line":153,"column":22},"end":{"line":153,"column":23}},"loc":{"start":{"line":153,"column":32},"end":{"line":153,"column":39}},"line":153},"23":{"name":"(anonymous_23)","decl":{"start":{"line":162,"column":36},"end":{"line":162,"column":37}},"loc":{"start":{"line":163,"column":14},"end":{"line":171,"column":26}},"line":163},"24":{"name":"(anonymous_24)","decl":{"start":{"line":166,"column":25},"end":{"line":166,"column":26}},"loc":{"start":{"line":166,"column":31},"end":{"line":166,"column":53}},"line":166},"25":{"name":"(anonymous_25)","decl":{"start":{"line":176,"column":36},"end":{"line":176,"column":37}},"loc":{"start":{"line":177,"column":14},"end":{"line":184,"column":26}},"line":177},"26":{"name":"(anonymous_26)","decl":{"start":{"line":180,"column":25},"end":{"line":180,"column":26}},"loc":{"start":{"line":180,"column":31},"end":{"line":180,"column":61}},"line":180}},"branchMap":{"0":{"loc":{"start":{"line":32,"column":19},"end":{"line":32,"column":67}},"type":"binary-expr","locations":[{"start":{"line":32,"column":19},"end":{"line":32,"column":41}},{"start":{"line":32,"column":45},"end":{"line":32,"column":67}}],"line":32},"1":{"loc":{"start":{"line":37,"column":4},"end":{"line":37,"column":62}},"type":"binary-expr","locations":[{"start":{"line":37,"column":4},"end":{"line":37,"column":55}},{"start":{"line":37,"column":59},"end":{"line":37,"column":62}}],"line":37},"2":{"loc":{"start":{"line":40,"column":4},"end":{"line":40,"column":25}},"type":"if","locations":[{"start":{"line":40,"column":4},"end":{"line":40,"column":25}},{"start":{},"end":{}}],"line":40},"3":{"loc":{"start":{"line":43,"column":6},"end":{"line":43,"column":71}},"type":"if","locations":[{"start":{"line":43,"column":6},"end":{"line":43,"column":71}},{"start":{},"end":{}}],"line":43},"4":{"loc":{"start":{"line":50,"column":4},"end":{"line":50,"column":48}},"type":"if","locations":[{"start":{"line":50,"column":4},"end":{"line":50,"column":48}},{"start":{},"end":{}}],"line":50},"5":{"loc":{"start":{"line":50,"column":8},"end":{"line":50,"column":39}},"type":"binary-expr","locations":[{"start":{"line":50,"column":8},"end":{"line":50,"column":27}},{"start":{"line":50,"column":31},"end":{"line":50,"column":39}}],"line":50},"6":{"loc":{"start":{"line":62,"column":4},"end":{"line":62,"column":64}},"type":"if","locations":[{"start":{"line":62,"column":4},"end":{"line":62,"column":64}},{"start":{},"end":{}}],"line":62},"7":{"loc":{"start":{"line":62,"column":8},"end":{"line":62,"column":55}},"type":"binary-expr","locations":[{"start":{"line":62,"column":8},"end":{"line":62,"column":27}},{"start":{"line":62,"column":31},"end":{"line":62,"column":43}},{"start":{"line":62,"column":47},"end":{"line":62,"column":55}}],"line":62},"8":{"loc":{"start":{"line":76,"column":10},"end":{"line":76,"column":56}},"type":"if","locations":[{"start":{"line":76,"column":10},"end":{"line":76,"column":56}},{"start":{},"end":{}}],"line":76},"9":{"loc":{"start":{"line":82,"column":2},"end":{"line":82,"column":28}},"type":"if","locations":[{"start":{"line":82,"column":2},"end":{"line":82,"column":28}},{"start":{},"end":{}}],"line":82},"10":{"loc":{"start":{"line":92,"column":7},"end":{"line":92,"column":64}},"type":"binary-expr","locations":[{"start":{"line":92,"column":7},"end":{"line":92,"column":16}},{"start":{"line":92,"column":20},"end":{"line":92,"column":64}}],"line":92},"11":{"loc":{"start":{"line":93,"column":7},"end":{"line":128,"column":7}},"type":"cond-expr","locations":[{"start":{"line":94,"column":8},"end":{"line":103,"column":15}},{"start":{"line":104,"column":10},"end":{"line":128,"column":7}}],"line":93},"12":{"loc":{"start":{"line":104,"column":10},"end":{"line":128,"column":7}},"type":"cond-expr","locations":[{"start":{"line":105,"column":8},"end":{"line":118,"column":15}},{"start":{"line":120,"column":8},"end":{"line":127,"column":15}}],"line":104},"13":{"loc":{"start":{"line":123,"column":21},"end":{"line":123,"column":79}},"type":"cond-expr","locations":[{"start":{"line":123,"column":50},"end":{"line":123,"column":64}},{"start":{"line":123,"column":67},"end":{"line":123,"column":79}}],"line":123},"14":{"loc":{"start":{"line":126,"column":11},"end":{"line":126,"column":87}},"type":"cond-expr","locations":[{"start":{"line":126,"column":40},"end":{"line":126,"column":62}},{"start":{"line":126,"column":65},"end":{"line":126,"column":87}}],"line":126},"15":{"loc":{"start":{"line":138,"column":13},"end":{"line":138,"column":97}},"type":"binary-expr","locations":[{"start":{"line":138,"column":13},"end":{"line":138,"column":32}},{"start":{"line":138,"column":36},"end":{"line":138,"column":97}}],"line":138},"16":{"loc":{"start":{"line":158,"column":7},"end":{"line":188,"column":7}},"type":"binary-expr","locations":[{"start":{"line":158,"column":7},"end":{"line":158,"column":36}},{"start":{"line":159,"column":8},"end":{"line":187,"column":15}}],"line":158}},"s":{"0":28,"1":28,"2":28,"3":28,"4":28,"5":28,"6":28,"7":28,"8":28,"9":28,"10":28,"11":27,"12":28,"13":29,"14":28,"15":29,"16":28,"17":84,"18":28,"19":29,"20":27,"21":28,"22":56,"23":28,"24":28,"25":31,"26":28,"27":3,"28":0,"29":3,"30":3,"31":2,"32":2,"33":1,"34":28,"35":2,"36":0,"37":2,"38":2,"39":2,"40":1,"41":2,"42":28,"43":3,"44":0,"45":3,"46":3,"47":1,"48":28,"49":2,"50":1,"51":1,"52":28,"53":1,"54":27,"55":28,"56":2,"57":2,"58":1,"59":27,"60":0,"61":51,"62":29,"63":2,"64":29,"65":1,"66":1},"f":{"0":28,"1":28,"2":28,"3":27,"4":29,"5":29,"6":84,"7":29,"8":27,"9":56,"10":28,"11":31,"12":3,"13":2,"14":3,"15":2,"16":1,"17":28,"18":2,"19":2,"20":1,"21":0,"22":51,"23":29,"24":2,"25":29,"26":1},"b":{"0":[29,25],"1":[28,1],"2":[0,3],"3":[2,0],"4":[0,2],"5":[2,2],"6":[0,3],"7":[3,3,3],"8":[1,0],"9":[1,27],"10":[28,26],"11":[4,24],"12":[22,2],"13":[1,1],"14":[1,1],"15":[27,26],"16":[27,26]},"_coverageSchema":"1a1c01bbd47fc00a2c39e90264f33305004495a9","hash":"a0ba67a3fac9630f2c91d1e335c87e5e34a79129"}
,"/Users/fx024/Work/FamilyFun/stores/giftsStore.ts": {"path":"/Users/fx024/Work/FamilyFun/stores/giftsStore.ts","statementMap":{"0":{"start":{"line":18,"column":29},"end":{"line":110,"column":3}},"1":{"start":{"line":18,"column":63},"end":{"line":110,"column":1}},"2":{"start":{"line":23,"column":4},"end":{"line":23,"column":27}},"3":{"start":{"line":24,"column":4},"end":{"line":35,"column":5}},"4":{"start":{"line":25,"column":30},"end":{"line":29,"column":50}},"5":{"start":{"line":31,"column":6},"end":{"line":31,"column":29}},"6":{"start":{"line":31,"column":17},"end":{"line":31,"column":29}},"7":{"start":{"line":32,"column":6},"end":{"line":32,"column":45}},"8":{"start":{"line":34,"column":6},"end":{"line":34,"column":30}},"9":{"start":{"line":39,"column":22},"end":{"line":39,"column":72}},"10":{"start":{"line":40,"column":4},"end":{"line":40,"column":27}},"11":{"start":{"line":40,"column":15},"end":{"line":40,"column":27}},"12":{"start":{"line":41,"column":4},"end":{"line":41,"column":43}},"13":{"start":{"line":45,"column":22},"end":{"line":48,"column":23}},"14":{"start":{"line":49,"column":4},"end":{"line":49,"column":27}},"15":{"start":{"line":49,"column":15},"end":{"line":49,"column":27}},"16":{"start":{"line":51,"column":4},"end":{"line":55,"column":8}},"17":{"start":{"line":51,"column":20},"end":{"line":55,"column":5}},"18":{"start":{"line":53,"column":8},"end":{"line":53,"column":92}},"19":{"start":{"line":59,"column":22},"end":{"line":62,"column":23}},"20":{"start":{"line":63,"column":4},"end":{"line":63,"column":27}},"21":{"start":{"line":63,"column":15},"end":{"line":63,"column":27}},"22":{"start":{"line":65,"column":4},"end":{"line":69,"column":8}},"23":{"start":{"line":65,"column":20},"end":{"line":69,"column":5}},"24":{"start":{"line":67,"column":8},"end":{"line":67,"column":67}},"25":{"start":{"line":73,"column":22},"end":{"line":76,"column":23}},"26":{"start":{"line":77,"column":4},"end":{"line":77,"column":27}},"27":{"start":{"line":77,"column":15},"end":{"line":77,"column":27}},"28":{"start":{"line":79,"column":4},"end":{"line":83,"column":8}},"29":{"start":{"line":79,"column":20},"end":{"line":83,"column":5}},"30":{"start":{"line":81,"column":8},"end":{"line":81,"column":67}},"31":{"start":{"line":87,"column":22},"end":{"line":89,"column":23}},"32":{"start":{"line":90,"column":4},"end":{"line":90,"column":27}},"33":{"start":{"line":90,"column":15},"end":{"line":90,"column":27}},"34":{"start":{"line":92,"column":4},"end":{"line":96,"column":8}},"35":{"start":{"line":92,"column":20},"end":{"line":96,"column":5}},"36":{"start":{"line":94,"column":8},"end":{"line":94,"column":50}},"37":{"start":{"line":100,"column":22},"end":{"line":103,"column":23}},"38":{"start":{"line":104,"column":4},"end":{"line":104,"column":27}},"39":{"start":{"line":104,"column":15},"end":{"line":104,"column":27}},"40":{"start":{"line":106,"column":4},"end":{"line":108,"column":8}},"41":{"start":{"line":106,"column":20},"end":{"line":108,"column":5}},"42":{"start":{"line":107,"column":39},"end":{"line":107,"column":54}}},"fnMap":{"0":{"name":"(anonymous_0)","decl":{"start":{"line":18,"column":48},"end":{"line":18,"column":49}},"loc":{"start":{"line":18,"column":63},"end":{"line":110,"column":1}},"line":18},"1":{"name":"(anonymous_1)","decl":{"start":{"line":22,"column":14},"end":{"line":22,"column":15}},"loc":{"start":{"line":22,"column":42},"end":{"line":36,"column":3}},"line":22},"2":{"name":"(anonymous_2)","decl":{"start":{"line":38,"column":11},"end":{"line":38,"column":12}},"loc":{"start":{"line":38,"column":27},"end":{"line":42,"column":3}},"line":38},"3":{"name":"(anonymous_3)","decl":{"start":{"line":44,"column":15},"end":{"line":44,"column":16}},"loc":{"start":{"line":44,"column":57},"end":{"line":56,"column":3}},"line":44},"4":{"name":"(anonymous_4)","decl":{"start":{"line":51,"column":8},"end":{"line":51,"column":9}},"loc":{"start":{"line":51,"column":20},"end":{"line":55,"column":5}},"line":51},"5":{"name":"(anonymous_5)","decl":{"start":{"line":52,"column":29},"end":{"line":52,"column":30}},"loc":{"start":{"line":53,"column":8},"end":{"line":53,"column":92}},"line":53},"6":{"name":"(anonymous_6)","decl":{"start":{"line":58,"column":14},"end":{"line":58,"column":15}},"loc":{"start":{"line":58,"column":32},"end":{"line":70,"column":3}},"line":58},"7":{"name":"(anonymous_7)","decl":{"start":{"line":65,"column":8},"end":{"line":65,"column":9}},"loc":{"start":{"line":65,"column":20},"end":{"line":69,"column":5}},"line":65},"8":{"name":"(anonymous_8)","decl":{"start":{"line":66,"column":29},"end":{"line":66,"column":30}},"loc":{"start":{"line":67,"column":8},"end":{"line":67,"column":67}},"line":67},"9":{"name":"(anonymous_9)","decl":{"start":{"line":72,"column":14},"end":{"line":72,"column":15}},"loc":{"start":{"line":72,"column":32},"end":{"line":84,"column":3}},"line":72},"10":{"name":"(anonymous_10)","decl":{"start":{"line":79,"column":8},"end":{"line":79,"column":9}},"loc":{"start":{"line":79,"column":20},"end":{"line":83,"column":5}},"line":79},"11":{"name":"(anonymous_11)","decl":{"start":{"line":80,"column":29},"end":{"line":80,"column":30}},"loc":{"start":{"line":81,"column":8},"end":{"line":81,"column":67}},"line":81},"12":{"name":"(anonymous_12)","decl":{"start":{"line":86,"column":14},"end":{"line":86,"column":15}},"loc":{"start":{"line":86,"column":41},"end":{"line":97,"column":3}},"line":86},"13":{"name":"(anonymous_13)","decl":{"start":{"line":92,"column":8},"end":{"line":92,"column":9}},"loc":{"start":{"line":92,"column":20},"end":{"line":96,"column":5}},"line":92},"14":{"name":"(anonymous_14)","decl":{"start":{"line":93,"column":29},"end":{"line":93,"column":30}},"loc":{"start":{"line":94,"column":8},"end":{"line":94,"column":50}},"line":94},"15":{"name":"(anonymous_15)","decl":{"start":{"line":99,"column":14},"end":{"line":99,"column":15}},"loc":{"start":{"line":99,"column":32},"end":{"line":109,"column":3}},"line":99},"16":{"name":"(anonymous_16)","decl":{"start":{"line":106,"column":8},"end":{"line":106,"column":9}},"loc":{"start":{"line":106,"column":20},"end":{"line":108,"column":5}},"line":106},"17":{"name":"(anonymous_17)","decl":{"start":{"line":107,"column":32},"end":{"line":107,"column":33}},"loc":{"start":{"line":107,"column":39},"end":{"line":107,"column":54}},"line":107}},"branchMap":{"0":{"loc":{"start":{"line":31,"column":6},"end":{"line":31,"column":29}},"type":"if","locations":[{"start":{"line":31,"column":6},"end":{"line":31,"column":29}},{"start":{},"end":{}}],"line":31},"1":{"loc":{"start":{"line":32,"column":19},"end":{"line":32,"column":41}},"type":"binary-expr","locations":[{"start":{"line":32,"column":20},"end":{"line":32,"column":34}},{"start":{"line":32,"column":39},"end":{"line":32,"column":41}}],"line":32},"2":{"loc":{"start":{"line":40,"column":4},"end":{"line":40,"column":27}},"type":"if","locations":[{"start":{"line":40,"column":4},"end":{"line":40,"column":27}},{"start":{},"end":{}}],"line":40},"3":{"loc":{"start":{"line":49,"column":4},"end":{"line":49,"column":27}},"type":"if","locations":[{"start":{"line":49,"column":4},"end":{"line":49,"column":27}},{"start":{},"end":{}}],"line":49},"4":{"loc":{"start":{"line":53,"column":8},"end":{"line":53,"column":92}},"type":"cond-expr","locations":[{"start":{"line":53,"column":26},"end":{"line":53,"column":88}},{"start":{"line":53,"column":91},"end":{"line":53,"column":92}}],"line":53},"5":{"loc":{"start":{"line":63,"column":4},"end":{"line":63,"column":27}},"type":"if","locations":[{"start":{"line":63,"column":4},"end":{"line":63,"column":27}},{"start":{},"end":{}}],"line":63},"6":{"loc":{"start":{"line":67,"column":8},"end":{"line":67,"column":67}},"type":"cond-expr","locations":[{"start":{"line":67,"column":26},"end":{"line":67,"column":63}},{"start":{"line":67,"column":66},"end":{"line":67,"column":67}}],"line":67},"7":{"loc":{"start":{"line":77,"column":4},"end":{"line":77,"column":27}},"type":"if","locations":[{"start":{"line":77,"column":4},"end":{"line":77,"column":27}},{"start":{},"end":{}}],"line":77},"8":{"loc":{"start":{"line":81,"column":8},"end":{"line":81,"column":67}},"type":"cond-expr","locations":[{"start":{"line":81,"column":26},"end":{"line":81,"column":63}},{"start":{"line":81,"column":66},"end":{"line":81,"column":67}}],"line":81},"9":{"loc":{"start":{"line":90,"column":4},"end":{"line":90,"column":27}},"type":"if","locations":[{"start":{"line":90,"column":4},"end":{"line":90,"column":27}},{"start":{},"end":{}}],"line":90},"10":{"loc":{"start":{"line":94,"column":8},"end":{"line":94,"column":50}},"type":"cond-expr","locations":[{"start":{"line":94,"column":26},"end":{"line":94,"column":46}},{"start":{"line":94,"column":49},"end":{"line":94,"column":50}}],"line":94},"11":{"loc":{"start":{"line":104,"column":4},"end":{"line":104,"column":27}},"type":"if","locations":[{"start":{"line":104,"column":4},"end":{"line":104,"column":27}},{"start":{},"end":{}}],"line":104}},"s":{"0":1,"1":1,"2":3,"3":3,"4":3,"5":3,"6":1,"7":2,"8":3,"9":1,"10":1,"11":0,"12":1,"13":1,"14":1,"15":0,"16":1,"17":1,"18":1,"19":1,"20":1,"21":0,"22":1,"23":1,"24":1,"25":1,"26":1,"27":0,"28":1,"29":1,"30":1,"31":3,"32":3,"33":1,"34":2,"35":2,"36":3,"37":2,"38":2,"39":1,"40":1,"41":1,"42":2},"f":{"0":1,"1":3,"2":1,"3":1,"4":1,"5":1,"6":1,"7":1,"8":1,"9":1,"10":1,"11":1,"12":3,"13":2,"14":3,"15":2,"16":1,"17":2},"b":{"0":[1,2],"1":[2,0],"2":[0,1],"3":[0,1],"4":[1,0],"5":[0,1],"6":[1,0],"7":[0,1],"8":[1,0],"9":[1,2],"10":[2,1],"11":[1,1]},"_coverageSchema":"1a1c01bbd47fc00a2c39e90264f33305004495a9","hash":"5a29c9116e8ba6743304e7191822aadd4ff6a131"}
,"/Users/fx024/Work/FamilyFun/stores/missionsStore.ts": {"path":"/Users/fx024/Work/FamilyFun/stores/missionsStore.ts","statementMap":{"0":{"start":{"line":23,"column":32},"end":{"line":245,"column":3}},"1":{"start":{"line":23,"column":69},"end":{"line":245,"column":1}},"2":{"start":{"line":29,"column":4},"end":{"line":29,"column":27}},"3":{"start":{"line":30,"column":4},"end":{"line":42,"column":5}},"4":{"start":{"line":31,"column":30},"end":{"line":36,"column":50}},"5":{"start":{"line":38,"column":6},"end":{"line":38,"column":29}},"6":{"start":{"line":38,"column":17},"end":{"line":38,"column":29}},"7":{"start":{"line":39,"column":6},"end":{"line":39,"column":51}},"8":{"start":{"line":41,"column":6},"end":{"line":41,"column":30}},"9":{"start":{"line":46,"column":28},"end":{"line":46,"column":106}},"10":{"start":{"line":47,"column":4},"end":{"line":47,"column":27}},"11":{"start":{"line":47,"column":15},"end":{"line":47,"column":27}},"12":{"start":{"line":48,"column":4},"end":{"line":48,"column":49}},"13":{"start":{"line":49,"column":4},"end":{"line":49,"column":29}},"14":{"start":{"line":53,"column":22},"end":{"line":55,"column":26}},"15":{"start":{"line":56,"column":4},"end":{"line":56,"column":27}},"16":{"start":{"line":56,"column":15},"end":{"line":56,"column":27}},"17":{"start":{"line":58,"column":4},"end":{"line":62,"column":8}},"18":{"start":{"line":58,"column":20},"end":{"line":62,"column":5}},"19":{"start":{"line":60,"column":8},"end":{"line":60,"column":53}},"20":{"start":{"line":66,"column":22},"end":{"line":69,"column":26}},"21":{"start":{"line":70,"column":4},"end":{"line":70,"column":27}},"22":{"start":{"line":70,"column":15},"end":{"line":70,"column":27}},"23":{"start":{"line":72,"column":4},"end":{"line":74,"column":8}},"24":{"start":{"line":72,"column":20},"end":{"line":74,"column":5}},"25":{"start":{"line":73,"column":45},"end":{"line":73,"column":63}},"26":{"start":{"line":78,"column":28},"end":{"line":82,"column":48}},"27":{"start":{"line":84,"column":4},"end":{"line":84,"column":27}},"28":{"start":{"line":84,"column":15},"end":{"line":84,"column":27}},"29":{"start":{"line":85,"column":4},"end":{"line":85,"column":62}},"30":{"start":{"line":89,"column":22},"end":{"line":94,"column":6}},"31":{"start":{"line":95,"column":4},"end":{"line":95,"column":27}},"32":{"start":{"line":95,"column":15},"end":{"line":95,"column":27}},"33":{"start":{"line":96,"column":4},"end":{"line":96,"column":43}},"34":{"start":{"line":99,"column":20},"end":{"line":99,"column":66}},"35":{"start":{"line":99,"column":47},"end":{"line":99,"column":65}},"36":{"start":{"line":100,"column":4},"end":{"line":129,"column":5}},"37":{"start":{"line":101,"column":6},"end":{"line":128,"column":7}},"38":{"start":{"line":103,"column":8},"end":{"line":110,"column":27}},"39":{"start":{"line":113,"column":39},"end":{"line":117,"column":19}},"40":{"start":{"line":119,"column":8},"end":{"line":127,"column":9}},"41":{"start":{"line":120,"column":10},"end":{"line":126,"column":29}},"42":{"start":{"line":133,"column":22},"end":{"line":138,"column":6}},"43":{"start":{"line":139,"column":4},"end":{"line":139,"column":27}},"44":{"start":{"line":139,"column":15},"end":{"line":139,"column":27}},"45":{"start":{"line":140,"column":4},"end":{"line":140,"column":43}},"46":{"start":{"line":144,"column":28},"end":{"line":150,"column":15}},"47":{"start":{"line":151,"column":4},"end":{"line":151,"column":27}},"48":{"start":{"line":151,"column":15},"end":{"line":151,"column":27}},"49":{"start":{"line":152,"column":4},"end":{"line":152,"column":102}},"50":{"start":{"line":152,"column":36},"end":{"line":152,"column":102}},"51":{"start":{"line":153,"column":4},"end":{"line":153,"column":43}},"52":{"start":{"line":156,"column":23},"end":{"line":156,"column":75}},"53":{"start":{"line":156,"column":53},"end":{"line":156,"column":74}},"54":{"start":{"line":157,"column":4},"end":{"line":174,"column":5}},"55":{"start":{"line":158,"column":22},"end":{"line":158,"column":80}},"56":{"start":{"line":158,"column":49},"end":{"line":158,"column":79}},"57":{"start":{"line":159,"column":37},"end":{"line":163,"column":17}},"58":{"start":{"line":165,"column":6},"end":{"line":173,"column":7}},"59":{"start":{"line":166,"column":8},"end":{"line":172,"column":27}},"60":{"start":{"line":178,"column":22},"end":{"line":185,"column":29}},"61":{"start":{"line":186,"column":4},"end":{"line":186,"column":27}},"62":{"start":{"line":186,"column":15},"end":{"line":186,"column":27}},"63":{"start":{"line":189,"column":23},"end":{"line":189,"column":75}},"64":{"start":{"line":189,"column":53},"end":{"line":189,"column":74}},"65":{"start":{"line":190,"column":4},"end":{"line":192,"column":5}},"66":{"start":{"line":191,"column":6},"end":{"line":191,"column":57}},"67":{"start":{"line":195,"column":4},"end":{"line":213,"column":5}},"68":{"start":{"line":196,"column":22},"end":{"line":196,"column":80}},"69":{"start":{"line":196,"column":49},"end":{"line":196,"column":79}},"70":{"start":{"line":197,"column":6},"end":{"line":212,"column":7}},"71":{"start":{"line":198,"column":26},"end":{"line":198,"column":90}},"72":{"start":{"line":199,"column":22},"end":{"line":199,"column":83}},"73":{"start":{"line":200,"column":21},"end":{"line":202,"column":57}},"74":{"start":{"line":204,"column":8},"end":{"line":211,"column":27}},"75":{"start":{"line":218,"column":28},"end":{"line":228,"column":15}},"76":{"start":{"line":229,"column":4},"end":{"line":229,"column":27}},"77":{"start":{"line":229,"column":15},"end":{"line":229,"column":27}},"78":{"start":{"line":230,"column":4},"end":{"line":230,"column":43}},"79":{"start":{"line":233,"column":20},"end":{"line":233,"column":66}},"80":{"start":{"line":233,"column":47},"end":{"line":233,"column":65}},"81":{"start":{"line":234,"column":4},"end":{"line":243,"column":5}},"82":{"start":{"line":235,"column":6},"end":{"line":242,"column":25}}},"fnMap":{"0":{"name":"(anonymous_0)","decl":{"start":{"line":23,"column":54},"end":{"line":23,"column":55}},"loc":{"start":{"line":23,"column":69},"end":{"line":245,"column":1}},"line":23},"1":{"name":"(anonymous_1)","decl":{"start":{"line":28,"column":17},"end":{"line":28,"column":18}},"loc":{"start":{"line":28,"column":45},"end":{"line":43,"column":3}},"line":28},"2":{"name":"(anonymous_2)","decl":{"start":{"line":45,"column":17},"end":{"line":45,"column":18}},"loc":{"start":{"line":45,"column":36},"end":{"line":50,"column":3}},"line":45},"3":{"name":"(anonymous_3)","decl":{"start":{"line":52,"column":17},"end":{"line":52,"column":18}},"loc":{"start":{"line":52,"column":47},"end":{"line":63,"column":3}},"line":52},"4":{"name":"(anonymous_4)","decl":{"start":{"line":58,"column":8},"end":{"line":58,"column":9}},"loc":{"start":{"line":58,"column":20},"end":{"line":62,"column":5}},"line":58},"5":{"name":"(anonymous_5)","decl":{"start":{"line":59,"column":35},"end":{"line":59,"column":36}},"loc":{"start":{"line":60,"column":8},"end":{"line":60,"column":53}},"line":60},"6":{"name":"(anonymous_6)","decl":{"start":{"line":65,"column":18},"end":{"line":65,"column":19}},"loc":{"start":{"line":65,"column":47},"end":{"line":75,"column":3}},"line":65},"7":{"name":"(anonymous_7)","decl":{"start":{"line":72,"column":8},"end":{"line":72,"column":9}},"loc":{"start":{"line":72,"column":20},"end":{"line":74,"column":5}},"line":72},"8":{"name":"(anonymous_8)","decl":{"start":{"line":73,"column":38},"end":{"line":73,"column":39}},"loc":{"start":{"line":73,"column":45},"end":{"line":73,"column":63}},"line":73},"9":{"name":"(anonymous_9)","decl":{"start":{"line":77,"column":20},"end":{"line":77,"column":21}},"loc":{"start":{"line":77,"column":48},"end":{"line":86,"column":3}},"line":77},"10":{"name":"(anonymous_10)","decl":{"start":{"line":88,"column":16},"end":{"line":88,"column":17}},"loc":{"start":{"line":88,"column":74},"end":{"line":130,"column":3}},"line":88},"11":{"name":"(anonymous_11)","decl":{"start":{"line":99,"column":40},"end":{"line":99,"column":41}},"loc":{"start":{"line":99,"column":47},"end":{"line":99,"column":65}},"line":99},"12":{"name":"(anonymous_12)","decl":{"start":{"line":110,"column":16},"end":{"line":110,"column":17}},"loc":{"start":{"line":110,"column":22},"end":{"line":110,"column":25}},"line":110},"13":{"name":"(anonymous_13)","decl":{"start":{"line":126,"column":18},"end":{"line":126,"column":19}},"loc":{"start":{"line":126,"column":24},"end":{"line":126,"column":27}},"line":126},"14":{"name":"(anonymous_14)","decl":{"start":{"line":132,"column":17},"end":{"line":132,"column":18}},"loc":{"start":{"line":132,"column":63},"end":{"line":141,"column":3}},"line":132},"15":{"name":"(anonymous_15)","decl":{"start":{"line":143,"column":17},"end":{"line":143,"column":18}},"loc":{"start":{"line":143,"column":57},"end":{"line":175,"column":3}},"line":143},"16":{"name":"(anonymous_16)","decl":{"start":{"line":156,"column":46},"end":{"line":156,"column":47}},"loc":{"start":{"line":156,"column":53},"end":{"line":156,"column":74}},"line":156},"17":{"name":"(anonymous_17)","decl":{"start":{"line":158,"column":42},"end":{"line":158,"column":43}},"loc":{"start":{"line":158,"column":49},"end":{"line":158,"column":79}},"line":158},"18":{"name":"(anonymous_18)","decl":{"start":{"line":172,"column":16},"end":{"line":172,"column":17}},"loc":{"start":{"line":172,"column":22},"end":{"line":172,"column":25}},"line":172},"19":{"name":"(anonymous_19)","decl":{"start":{"line":177,"column":22},"end":{"line":177,"column":23}},"loc":{"start":{"line":177,"column":67},"end":{"line":214,"column":3}},"line":177},"20":{"name":"(anonymous_20)","decl":{"start":{"line":189,"column":46},"end":{"line":189,"column":47}},"loc":{"start":{"line":189,"column":53},"end":{"line":189,"column":74}},"line":189},"21":{"name":"(anonymous_21)","decl":{"start":{"line":196,"column":42},"end":{"line":196,"column":43}},"loc":{"start":{"line":196,"column":49},"end":{"line":196,"column":79}},"line":196},"22":{"name":"(anonymous_22)","decl":{"start":{"line":211,"column":16},"end":{"line":211,"column":17}},"loc":{"start":{"line":211,"column":22},"end":{"line":211,"column":25}},"line":211},"23":{"name":"(anonymous_23)","decl":{"start":{"line":216,"column":24},"end":{"line":216,"column":25}},"loc":{"start":{"line":216,"column":77},"end":{"line":244,"column":3}},"line":216},"24":{"name":"(anonymous_24)","decl":{"start":{"line":233,"column":40},"end":{"line":233,"column":41}},"loc":{"start":{"line":233,"column":47},"end":{"line":233,"column":65}},"line":233},"25":{"name":"(anonymous_25)","decl":{"start":{"line":242,"column":14},"end":{"line":242,"column":15}},"loc":{"start":{"line":242,"column":20},"end":{"line":242,"column":23}},"line":242}},"branchMap":{"0":{"loc":{"start":{"line":38,"column":6},"end":{"line":38,"column":29}},"type":"if","locations":[{"start":{"line":38,"column":6},"end":{"line":38,"column":29}},{"start":{},"end":{}}],"line":38},"1":{"loc":{"start":{"line":39,"column":22},"end":{"line":39,"column":47}},"type":"binary-expr","locations":[{"start":{"line":39,"column":23},"end":{"line":39,"column":40}},{"start":{"line":39,"column":45},"end":{"line":39,"column":47}}],"line":39},"2":{"loc":{"start":{"line":47,"column":4},"end":{"line":47,"column":27}},"type":"if","locations":[{"start":{"line":47,"column":4},"end":{"line":47,"column":27}},{"start":{},"end":{}}],"line":47},"3":{"loc":{"start":{"line":56,"column":4},"end":{"line":56,"column":27}},"type":"if","locations":[{"start":{"line":56,"column":4},"end":{"line":56,"column":27}},{"start":{},"end":{}}],"line":56},"4":{"loc":{"start":{"line":60,"column":8},"end":{"line":60,"column":53}},"type":"cond-expr","locations":[{"start":{"line":60,"column":29},"end":{"line":60,"column":49}},{"start":{"line":60,"column":52},"end":{"line":60,"column":53}}],"line":60},"5":{"loc":{"start":{"line":70,"column":4},"end":{"line":70,"column":27}},"type":"if","locations":[{"start":{"line":70,"column":4},"end":{"line":70,"column":27}},{"start":{},"end":{}}],"line":70},"6":{"loc":{"start":{"line":84,"column":4},"end":{"line":84,"column":27}},"type":"if","locations":[{"start":{"line":84,"column":4},"end":{"line":84,"column":27}},{"start":{},"end":{}}],"line":84},"7":{"loc":{"start":{"line":85,"column":23},"end":{"line":85,"column":58}},"type":"binary-expr","locations":[{"start":{"line":85,"column":24},"end":{"line":85,"column":51}},{"start":{"line":85,"column":56},"end":{"line":85,"column":58}}],"line":85},"8":{"loc":{"start":{"line":95,"column":4},"end":{"line":95,"column":27}},"type":"if","locations":[{"start":{"line":95,"column":4},"end":{"line":95,"column":27}},{"start":{},"end":{}}],"line":95},"9":{"loc":{"start":{"line":100,"column":4},"end":{"line":129,"column":5}},"type":"if","locations":[{"start":{"line":100,"column":4},"end":{"line":129,"column":5}},{"start":{},"end":{}}],"line":100},"10":{"loc":{"start":{"line":101,"column":6},"end":{"line":128,"column":7}},"type":"if","locations":[{"start":{"line":101,"column":6},"end":{"line":128,"column":7}},{"start":{"line":111,"column":13},"end":{"line":128,"column":7}}],"line":101},"11":{"loc":{"start":{"line":119,"column":8},"end":{"line":127,"column":9}},"type":"if","locations":[{"start":{"line":119,"column":8},"end":{"line":127,"column":9}},{"start":{},"end":{}}],"line":119},"12":{"loc":{"start":{"line":137,"column":12},"end":{"line":137,"column":24}},"type":"binary-expr","locations":[{"start":{"line":137,"column":12},"end":{"line":137,"column":16}},{"start":{"line":137,"column":20},"end":{"line":137,"column":24}}],"line":137},"13":{"loc":{"start":{"line":139,"column":4},"end":{"line":139,"column":27}},"type":"if","locations":[{"start":{"line":139,"column":4},"end":{"line":139,"column":27}},{"start":{},"end":{}}],"line":139},"14":{"loc":{"start":{"line":147,"column":14},"end":{"line":147,"column":26}},"type":"binary-expr","locations":[{"start":{"line":147,"column":14},"end":{"line":147,"column":18}},{"start":{"line":147,"column":22},"end":{"line":147,"column":26}}],"line":147},"15":{"loc":{"start":{"line":151,"column":4},"end":{"line":151,"column":27}},"type":"if","locations":[{"start":{"line":151,"column":4},"end":{"line":151,"column":27}},{"start":{},"end":{}}],"line":151},"16":{"loc":{"start":{"line":152,"column":4},"end":{"line":152,"column":102}},"type":"if","locations":[{"start":{"line":152,"column":4},"end":{"line":152,"column":102}},{"start":{},"end":{}}],"line":152},"17":{"loc":{"start":{"line":152,"column":8},"end":{"line":152,"column":34}},"type":"binary-expr","locations":[{"start":{"line":152,"column":8},"end":{"line":152,"column":13}},{"start":{"line":152,"column":17},"end":{"line":152,"column":34}}],"line":152},"18":{"loc":{"start":{"line":157,"column":4},"end":{"line":174,"column":5}},"type":"if","locations":[{"start":{"line":157,"column":4},"end":{"line":174,"column":5}},{"start":{},"end":{}}],"line":157},"19":{"loc":{"start":{"line":165,"column":6},"end":{"line":173,"column":7}},"type":"if","locations":[{"start":{"line":165,"column":6},"end":{"line":173,"column":7}},{"start":{},"end":{}}],"line":165},"20":{"loc":{"start":{"line":165,"column":10},"end":{"line":165,"column":33}},"type":"binary-expr","locations":[{"start":{"line":165,"column":10},"end":{"line":165,"column":17}},{"start":{"line":165,"column":21},"end":{"line":165,"column":33}}],"line":165},"21":{"loc":{"start":{"line":186,"column":4},"end":{"line":186,"column":27}},"type":"if","locations":[{"start":{"line":186,"column":4},"end":{"line":186,"column":27}},{"start":{},"end":{}}],"line":186},"22":{"loc":{"start":{"line":190,"column":4},"end":{"line":192,"column":5}},"type":"if","locations":[{"start":{"line":190,"column":4},"end":{"line":192,"column":5}},{"start":{},"end":{}}],"line":190},"23":{"loc":{"start":{"line":195,"column":4},"end":{"line":213,"column":5}},"type":"if","locations":[{"start":{"line":195,"column":4},"end":{"line":213,"column":5}},{"start":{},"end":{}}],"line":195},"24":{"loc":{"start":{"line":197,"column":6},"end":{"line":212,"column":7}},"type":"if","locations":[{"start":{"line":197,"column":6},"end":{"line":212,"column":7}},{"start":{},"end":{}}],"line":197},"25":{"loc":{"start":{"line":198,"column":26},"end":{"line":198,"column":90}},"type":"cond-expr","locations":[{"start":{"line":198,"column":50},"end":{"line":198,"column":69}},{"start":{"line":198,"column":72},"end":{"line":198,"column":90}}],"line":198},"26":{"loc":{"start":{"line":199,"column":22},"end":{"line":199,"column":83}},"type":"cond-expr","locations":[{"start":{"line":199,"column":46},"end":{"line":199,"column":63}},{"start":{"line":199,"column":66},"end":{"line":199,"column":83}}],"line":199},"27":{"loc":{"start":{"line":200,"column":21},"end":{"line":202,"column":57}},"type":"cond-expr","locations":[{"start":{"line":201,"column":12},"end":{"line":201,"column":105}},{"start":{"line":202,"column":12},"end":{"line":202,"column":57}}],"line":200},"28":{"loc":{"start":{"line":229,"column":4},"end":{"line":229,"column":27}},"type":"if","locations":[{"start":{"line":229,"column":4},"end":{"line":229,"column":27}},{"start":{},"end":{}}],"line":229},"29":{"loc":{"start":{"line":234,"column":4},"end":{"line":243,"column":5}},"type":"if","locations":[{"start":{"line":234,"column":4},"end":{"line":243,"column":5}},{"start":{},"end":{}}],"line":234}},"s":{"0":1,"1":1,"2":2,"3":2,"4":2,"5":2,"6":0,"7":2,"8":2,"9":1,"10":1,"11":0,"12":1,"13":1,"14":1,"15":1,"16":0,"17":1,"18":1,"19":1,"20":1,"21":1,"22":0,"23":1,"24":1,"25":2,"26":8,"27":8,"28":0,"29":8,"30":2,"31":2,"32":0,"33":2,"34":2,"35":2,"36":2,"37":2,"38":1,"39":1,"40":1,"41":1,"42":1,"43":1,"44":0,"45":1,"46":2,"47":2,"48":0,"49":2,"50":1,"51":1,"52":1,"53":1,"54":1,"55":1,"56":1,"57":1,"58":1,"59":1,"60":1,"61":1,"62":0,"63":1,"64":1,"65":1,"66":1,"67":1,"68":1,"69":1,"70":1,"71":1,"72":1,"73":1,"74":1,"75":3,"76":3,"77":1,"78":2,"79":2,"80":2,"81":2,"82":2},"f":{"0":1,"1":2,"2":1,"3":1,"4":1,"5":1,"6":1,"7":1,"8":2,"9":8,"10":2,"11":2,"12":0,"13":0,"14":1,"15":2,"16":1,"17":1,"18":0,"19":1,"20":1,"21":1,"22":0,"23":3,"24":2,"25":0},"b":{"0":[0,2],"1":[2,0],"2":[0,1],"3":[0,1],"4":[1,0],"5":[0,1],"6":[0,8],"7":[8,0],"8":[0,2],"9":[2,0],"10":[1,1],"11":[1,0],"12":[1,0],"13":[0,1],"14":[2,1],"15":[0,2],"16":[1,1],"17":[2,2],"18":[1,0],"19":[1,0],"20":[1,1],"21":[0,1],"22":[1,0],"23":[1,0],"24":[1,0],"25":[1,0],"26":[1,0],"27":[1,0],"28":[1,2],"29":[2,0]},"_coverageSchema":"1a1c01bbd47fc00a2c39e90264f33305004495a9","hash":"8abc1a8cae457192bc5723787eaf9025f6dd7942"}
}
