{"/Users/fx024/Work/FamilyFun/app/index.tsx": {"path":"/Users/fx024/Work/FamilyFun/app/index.tsx","statementMap":{"0":{"start":{"line":5,"column":31},"end":{"line":5,"column":45}},"1":{"start":{"line":7,"column":2},"end":{"line":9,"column":3}},"2":{"start":{"line":8,"column":4},"end":{"line":8,"column":45}},"3":{"start":{"line":11,"column":2},"end":{"line":13,"column":3}},"4":{"start":{"line":12,"column":4},"end":{"line":12,"column":52}},"5":{"start":{"line":15,"column":2},"end":{"line":17,"column":3}},"6":{"start":{"line":16,"column":4},"end":{"line":16,"column":41}},"7":{"start":{"line":19,"column":2},"end":{"line":19,"column":38}}},"fnMap":{"0":{"name":"Index","decl":{"start":{"line":4,"column":24},"end":{"line":4,"column":29}},"loc":{"start":{"line":4,"column":32},"end":{"line":20,"column":1}},"line":4}},"branchMap":{"0":{"loc":{"start":{"line":7,"column":2},"end":{"line":9,"column":3}},"type":"if","locations":[{"start":{"line":7,"column":2},"end":{"line":9,"column":3}},{"start":{},"end":{}}],"line":7},"1":{"loc":{"start":{"line":11,"column":2},"end":{"line":13,"column":3}},"type":"if","locations":[{"start":{"line":11,"column":2},"end":{"line":13,"column":3}},{"start":{},"end":{}}],"line":11},"2":{"loc":{"start":{"line":15,"column":2},"end":{"line":17,"column":3}},"type":"if","locations":[{"start":{"line":15,"column":2},"end":{"line":17,"column":3}},{"start":{},"end":{}}],"line":15}},"s":{"0":5,"1":5,"2":1,"3":4,"4":2,"5":2,"6":1,"7":1},"f":{"0":5},"b":{"0":[1,4],"1":[2,2],"2":[1,1]},"_coverageSchema":"1a1c01bbd47fc00a2c39e90264f33305004495a9","hash":"b0fb243f804acbe1a728ace56ecd9b9f9fb0a8a4"}
,"/Users/fx024/Work/FamilyFun/app/(auth)/family-setup.tsx": {"path":"/Users/fx024/Work/FamilyFun/app/(auth)/family-setup.tsx","statementMap":{"0":{"start":{"line":12,"column":16},"end":{"line":12,"column":32}},"1":{"start":{"line":13,"column":17},"end":{"line":13,"column":28}},"2":{"start":{"line":14,"column":36},"end":{"line":14,"column":50}},"3":{"start":{"line":15,"column":39},"end":{"line":15,"column":55}},"4":{"start":{"line":17,"column":26},"end":{"line":17,"column":74}},"5":{"start":{"line":18,"column":38},"end":{"line":18,"column":50}},"6":{"start":{"line":19,"column":38},"end":{"line":19,"column":50}},"7":{"start":{"line":20,"column":32},"end":{"line":20,"column":47}},"8":{"start":{"line":22,"column":23},"end":{"line":47,"column":3}},"9":{"start":{"line":23,"column":4},"end":{"line":23,"column":28}},"10":{"start":{"line":23,"column":21},"end":{"line":23,"column":28}},"11":{"start":{"line":24,"column":4},"end":{"line":31,"column":5}},"12":{"start":{"line":25,"column":6},"end":{"line":25,"column":27}},"13":{"start":{"line":26,"column":29},"end":{"line":26,"column":60}},"14":{"start":{"line":27,"column":6},"end":{"line":30,"column":7}},"15":{"start":{"line":28,"column":8},"end":{"line":28,"column":126}},"16":{"start":{"line":29,"column":8},"end":{"line":29,"column":15}},"17":{"start":{"line":32,"column":4},"end":{"line":32,"column":21}},"18":{"start":{"line":33,"column":4},"end":{"line":46,"column":5}},"19":{"start":{"line":34,"column":29},"end":{"line":34,"column":61}},"20":{"start":{"line":35,"column":6},"end":{"line":35,"column":61}},"21":{"start":{"line":36,"column":6},"end":{"line":36,"column":56}},"22":{"start":{"line":37,"column":6},"end":{"line":37,"column":57}},"23":{"start":{"line":38,"column":6},"end":{"line":38,"column":27}},"24":{"start":{"line":39,"column":6},"end":{"line":39,"column":85}},"25":{"start":{"line":41,"column":18},"end":{"line":41,"column":75}},"26":{"start":{"line":42,"column":6},"end":{"line":42,"column":33}},"27":{"start":{"line":43,"column":6},"end":{"line":43,"column":50}},"28":{"start":{"line":45,"column":6},"end":{"line":45,"column":24}},"29":{"start":{"line":49,"column":21},"end":{"line":61,"column":3}},"30":{"start":{"line":50,"column":4},"end":{"line":50,"column":40}},"31":{"start":{"line":50,"column":33},"end":{"line":50,"column":40}},"32":{"start":{"line":51,"column":4},"end":{"line":51,"column":21}},"33":{"start":{"line":52,"column":4},"end":{"line":60,"column":5}},"34":{"start":{"line":53,"column":6},"end":{"line":53,"column":47}},"35":{"start":{"line":54,"column":6},"end":{"line":54,"column":27}},"36":{"start":{"line":57,"column":6},"end":{"line":57,"column":62}},"37":{"start":{"line":59,"column":6},"end":{"line":59,"column":24}},"38":{"start":{"line":63,"column":2},"end":{"line":82,"column":3}},"39":{"start":{"line":64,"column":4},"end":{"line":81,"column":6}},"40":{"start":{"line":70,"column":25},"end":{"line":70,"column":42}},"41":{"start":{"line":76,"column":25},"end":{"line":76,"column":40}},"42":{"start":{"line":84,"column":2},"end":{"line":112,"column":3}},"43":{"start":{"line":85,"column":4},"end":{"line":111,"column":6}},"44":{"start":{"line":106,"column":25},"end":{"line":106,"column":42}},"45":{"start":{"line":114,"column":2},"end":{"line":143,"column":4}},"46":{"start":{"line":138,"column":23},"end":{"line":138,"column":40}},"47":{"start":{"line":146,"column":15},"end":{"line":169,"column":2}}},"fnMap":{"0":{"name":"FamilySetupScreen","decl":{"start":{"line":11,"column":24},"end":{"line":11,"column":41}},"loc":{"start":{"line":11,"column":44},"end":{"line":144,"column":1}},"line":11},"1":{"name":"(anonymous_1)","decl":{"start":{"line":22,"column":23},"end":{"line":22,"column":24}},"loc":{"start":{"line":22,"column":35},"end":{"line":47,"column":3}},"line":22},"2":{"name":"(anonymous_2)","decl":{"start":{"line":49,"column":21},"end":{"line":49,"column":22}},"loc":{"start":{"line":49,"column":33},"end":{"line":61,"column":3}},"line":49},"3":{"name":"(anonymous_3)","decl":{"start":{"line":70,"column":19},"end":{"line":70,"column":20}},"loc":{"start":{"line":70,"column":25},"end":{"line":70,"column":42}},"line":70},"4":{"name":"(anonymous_4)","decl":{"start":{"line":76,"column":19},"end":{"line":76,"column":20}},"loc":{"start":{"line":76,"column":25},"end":{"line":76,"column":40}},"line":76},"5":{"name":"(anonymous_5)","decl":{"start":{"line":106,"column":19},"end":{"line":106,"column":20}},"loc":{"start":{"line":106,"column":25},"end":{"line":106,"column":42}},"line":106},"6":{"name":"(anonymous_6)","decl":{"start":{"line":138,"column":17},"end":{"line":138,"column":18}},"loc":{"start":{"line":138,"column":23},"end":{"line":138,"column":40}},"line":138}},"branchMap":{"0":{"loc":{"start":{"line":23,"column":4},"end":{"line":23,"column":28}},"type":"if","locations":[{"start":{"line":23,"column":4},"end":{"line":23,"column":28}},{"start":{},"end":{}}],"line":23},"1":{"loc":{"start":{"line":24,"column":4},"end":{"line":31,"column":5}},"type":"if","locations":[{"start":{"line":24,"column":4},"end":{"line":31,"column":5}},{"start":{},"end":{}}],"line":24},"2":{"loc":{"start":{"line":27,"column":6},"end":{"line":30,"column":7}},"type":"if","locations":[{"start":{"line":27,"column":6},"end":{"line":30,"column":7}},{"start":{},"end":{}}],"line":27},"3":{"loc":{"start":{"line":41,"column":18},"end":{"line":41,"column":75}},"type":"binary-expr","locations":[{"start":{"line":41,"column":18},"end":{"line":41,"column":32}},{"start":{"line":41,"column":36},"end":{"line":41,"column":50}},{"start":{"line":41,"column":54},"end":{"line":41,"column":75}}],"line":41},"4":{"loc":{"start":{"line":50,"column":4},"end":{"line":50,"column":40}},"type":"if","locations":[{"start":{"line":50,"column":4},"end":{"line":50,"column":40}},{"start":{},"end":{}}],"line":50},"5":{"loc":{"start":{"line":50,"column":8},"end":{"line":50,"column":31}},"type":"binary-expr","locations":[{"start":{"line":50,"column":8},"end":{"line":50,"column":19}},{"start":{"line":50,"column":23},"end":{"line":50,"column":31}}],"line":50},"6":{"loc":{"start":{"line":63,"column":2},"end":{"line":82,"column":3}},"type":"if","locations":[{"start":{"line":63,"column":2},"end":{"line":82,"column":3}},{"start":{},"end":{}}],"line":63},"7":{"loc":{"start":{"line":84,"column":2},"end":{"line":112,"column":3}},"type":"if","locations":[{"start":{"line":84,"column":2},"end":{"line":112,"column":3}},{"start":{},"end":{}}],"line":84}},"s":{"0":23,"1":23,"2":23,"3":23,"4":23,"5":23,"6":23,"7":23,"8":23,"9":2,"10":0,"11":2,"12":0,"13":0,"14":0,"15":0,"16":0,"17":2,"18":2,"19":2,"20":2,"21":2,"22":1,"23":1,"24":1,"25":1,"26":1,"27":1,"28":2,"29":23,"30":1,"31":0,"32":1,"33":1,"34":1,"35":1,"36":0,"37":1,"38":23,"39":8,"40":4,"41":2,"42":15,"43":10,"44":1,"45":5,"46":0,"47":1},"f":{"0":23,"1":2,"2":1,"3":4,"4":2,"5":1,"6":0},"b":{"0":[0,2],"1":[0,2],"2":[0,0],"3":[1,0,0],"4":[0,1],"5":[1,1],"6":[8,15],"7":[10,5]},"_coverageSchema":"1a1c01bbd47fc00a2c39e90264f33305004495a9","hash":"1d740add1ea251bd49c62af575f56ee894af404b"}
,"/Users/fx024/Work/FamilyFun/app/(auth)/login.tsx": {"path":"/Users/fx024/Work/FamilyFun/app/(auth)/login.tsx","statementMap":{"0":{"start":{"line":21,"column":16},"end":{"line":21,"column":32}},"1":{"start":{"line":22,"column":17},"end":{"line":22,"column":28}},"2":{"start":{"line":23,"column":17},"end":{"line":23,"column":46}},"3":{"start":{"line":23,"column":37},"end":{"line":23,"column":45}},"4":{"start":{"line":25,"column":27},"end":{"line":25,"column":65}},"5":{"start":{"line":26,"column":18},"end":{"line":29,"column":3}},"6":{"start":{"line":27,"column":4},"end":{"line":27,"column":16}},"7":{"start":{"line":28,"column":4},"end":{"line":28,"column":20}},"8":{"start":{"line":30,"column":28},"end":{"line":30,"column":40}},"9":{"start":{"line":31,"column":40},"end":{"line":31,"column":52}},"10":{"start":{"line":32,"column":38},"end":{"line":32,"column":50}},"11":{"start":{"line":33,"column":34},"end":{"line":33,"column":46}},"12":{"start":{"line":34,"column":32},"end":{"line":34,"column":47}},"13":{"start":{"line":36,"column":22},"end":{"line":64,"column":3}},"14":{"start":{"line":37,"column":4},"end":{"line":37,"column":26}},"15":{"start":{"line":37,"column":19},"end":{"line":37,"column":26}},"16":{"start":{"line":38,"column":4},"end":{"line":38,"column":21}},"17":{"start":{"line":39,"column":4},"end":{"line":63,"column":5}},"18":{"start":{"line":40,"column":23},"end":{"line":40,"column":28}},"19":{"start":{"line":42,"column":6},"end":{"line":55,"column":7}},"20":{"start":{"line":43,"column":8},"end":{"line":43,"column":48}},"21":{"start":{"line":43,"column":41},"end":{"line":43,"column":48}},"22":{"start":{"line":45,"column":45},"end":{"line":46,"column":94}},"23":{"start":{"line":48,"column":8},"end":{"line":51,"column":9}},"24":{"start":{"line":49,"column":10},"end":{"line":49,"column":64}},"25":{"start":{"line":50,"column":10},"end":{"line":50,"column":17}},"26":{"start":{"line":52,"column":8},"end":{"line":52,"column":26}},"27":{"start":{"line":54,"column":8},"end":{"line":54,"column":27}},"28":{"start":{"line":54,"column":20},"end":{"line":54,"column":27}},"29":{"start":{"line":57,"column":6},"end":{"line":57,"column":41}},"30":{"start":{"line":59,"column":18},"end":{"line":59,"column":75}},"31":{"start":{"line":60,"column":6},"end":{"line":60,"column":43}},"32":{"start":{"line":62,"column":6},"end":{"line":62,"column":24}},"33":{"start":{"line":66,"column":19},"end":{"line":66,"column":96}},"34":{"start":{"line":68,"column":2},"end":{"line":147,"column":4}},"35":{"start":{"line":81,"column":27},"end":{"line":81,"column":44}},"36":{"start":{"line":90,"column":27},"end":{"line":90,"column":43}},"37":{"start":{"line":141,"column":25},"end":{"line":141,"column":56}},"38":{"start":{"line":150,"column":15},"end":{"line":207,"column":2}}},"fnMap":{"0":{"name":"LoginScreen","decl":{"start":{"line":20,"column":24},"end":{"line":20,"column":35}},"loc":{"start":{"line":20,"column":38},"end":{"line":148,"column":1}},"line":20},"1":{"name":"(anonymous_1)","decl":{"start":{"line":23,"column":30},"end":{"line":23,"column":31}},"loc":{"start":{"line":23,"column":37},"end":{"line":23,"column":45}},"line":23},"2":{"name":"(anonymous_2)","decl":{"start":{"line":26,"column":18},"end":{"line":26,"column":19}},"loc":{"start":{"line":26,"column":45},"end":{"line":29,"column":3}},"line":26},"3":{"name":"(anonymous_3)","decl":{"start":{"line":36,"column":22},"end":{"line":36,"column":23}},"loc":{"start":{"line":36,"column":34},"end":{"line":64,"column":3}},"line":36},"4":{"name":"(anonymous_4)","decl":{"start":{"line":81,"column":21},"end":{"line":81,"column":22}},"loc":{"start":{"line":81,"column":27},"end":{"line":81,"column":44}},"line":81},"5":{"name":"(anonymous_5)","decl":{"start":{"line":90,"column":21},"end":{"line":90,"column":22}},"loc":{"start":{"line":90,"column":27},"end":{"line":90,"column":43}},"line":90},"6":{"name":"(anonymous_6)","decl":{"start":{"line":141,"column":19},"end":{"line":141,"column":20}},"loc":{"start":{"line":141,"column":25},"end":{"line":141,"column":56}},"line":141}},"branchMap":{"0":{"loc":{"start":{"line":37,"column":4},"end":{"line":37,"column":26}},"type":"if","locations":[{"start":{"line":37,"column":4},"end":{"line":37,"column":26}},{"start":{},"end":{}}],"line":37},"1":{"loc":{"start":{"line":42,"column":6},"end":{"line":55,"column":7}},"type":"if","locations":[{"start":{"line":42,"column":6},"end":{"line":55,"column":7}},{"start":{"line":53,"column":13},"end":{"line":55,"column":7}}],"line":42},"2":{"loc":{"start":{"line":43,"column":8},"end":{"line":43,"column":48}},"type":"if","locations":[{"start":{"line":43,"column":8},"end":{"line":43,"column":48}},{"start":{},"end":{}}],"line":43},"3":{"loc":{"start":{"line":43,"column":12},"end":{"line":43,"column":39}},"type":"binary-expr","locations":[{"start":{"line":43,"column":12},"end":{"line":43,"column":24}},{"start":{"line":43,"column":28},"end":{"line":43,"column":39}}],"line":43},"4":{"loc":{"start":{"line":48,"column":8},"end":{"line":51,"column":9}},"type":"if","locations":[{"start":{"line":48,"column":8},"end":{"line":51,"column":9}},{"start":{},"end":{}}],"line":48},"5":{"loc":{"start":{"line":48,"column":12},"end":{"line":48,"column":32}},"type":"binary-expr","locations":[{"start":{"line":48,"column":12},"end":{"line":48,"column":23}},{"start":{"line":48,"column":27},"end":{"line":48,"column":32}}],"line":48},"6":{"loc":{"start":{"line":54,"column":8},"end":{"line":54,"column":27}},"type":"if","locations":[{"start":{"line":54,"column":8},"end":{"line":54,"column":27}},{"start":{},"end":{}}],"line":54},"7":{"loc":{"start":{"line":59,"column":18},"end":{"line":59,"column":75}},"type":"binary-expr","locations":[{"start":{"line":59,"column":18},"end":{"line":59,"column":32}},{"start":{"line":59,"column":36},"end":{"line":59,"column":50}},{"start":{"line":59,"column":54},"end":{"line":59,"column":75}}],"line":59},"8":{"loc":{"start":{"line":66,"column":19},"end":{"line":66,"column":96}},"type":"cond-expr","locations":[{"start":{"line":66,"column":39},"end":{"line":66,"column":56}},{"start":{"line":66,"column":59},"end":{"line":66,"column":96}}],"line":66},"9":{"loc":{"start":{"line":66,"column":39},"end":{"line":66,"column":56}},"type":"binary-expr","locations":[{"start":{"line":66,"column":39},"end":{"line":66,"column":44}},{"start":{"line":66,"column":48},"end":{"line":66,"column":56}}],"line":66},"10":{"loc":{"start":{"line":66,"column":59},"end":{"line":66,"column":96}},"type":"binary-expr","locations":[{"start":{"line":66,"column":59},"end":{"line":66,"column":70}},{"start":{"line":66,"column":74},"end":{"line":66,"column":84}},{"start":{"line":66,"column":88},"end":{"line":66,"column":96}}],"line":66},"11":{"loc":{"start":{"line":71,"column":16},"end":{"line":71,"column":60}},"type":"cond-expr","locations":[{"start":{"line":71,"column":40},"end":{"line":71,"column":49}},{"start":{"line":71,"column":52},"end":{"line":71,"column":60}}],"line":71},"12":{"loc":{"start":{"line":80,"column":39},"end":{"line":80,"column":83}},"type":"binary-expr","locations":[{"start":{"line":80,"column":39},"end":{"line":80,"column":56}},{"start":{"line":80,"column":60},"end":{"line":80,"column":83}}],"line":80},"13":{"loc":{"start":{"line":84,"column":43},"end":{"line":84,"column":85}},"type":"binary-expr","locations":[{"start":{"line":84,"column":43},"end":{"line":84,"column":60}},{"start":{"line":84,"column":64},"end":{"line":84,"column":85}}],"line":84},"14":{"loc":{"start":{"line":89,"column":39},"end":{"line":89,"column":82}},"type":"binary-expr","locations":[{"start":{"line":89,"column":39},"end":{"line":89,"column":55}},{"start":{"line":89,"column":59},"end":{"line":89,"column":82}}],"line":89},"15":{"loc":{"start":{"line":93,"column":43},"end":{"line":93,"column":84}},"type":"binary-expr","locations":[{"start":{"line":93,"column":43},"end":{"line":93,"column":59}},{"start":{"line":93,"column":63},"end":{"line":93,"column":84}}],"line":93},"16":{"loc":{"start":{"line":99,"column":9},"end":{"line":123,"column":9}},"type":"cond-expr","locations":[{"start":{"line":100,"column":10},"end":{"line":107,"column":12}},{"start":{"line":109,"column":10},"end":{"line":122,"column":13}}],"line":99}},"s":{"0":25,"1":25,"2":25,"3":25,"4":25,"5":25,"6":4,"7":4,"8":25,"9":25,"10":25,"11":25,"12":25,"13":25,"14":3,"15":0,"16":3,"17":3,"18":3,"19":3,"20":1,"21":0,"22":1,"23":1,"24":0,"25":0,"26":1,"27":2,"28":0,"29":3,"30":1,"31":1,"32":3,"33":25,"34":25,"35":1,"36":3,"37":1,"38":1},"f":{"0":25,"1":25,"2":4,"3":3,"4":1,"5":3,"6":1},"b":{"0":[0,3],"1":[1,2],"2":[0,1],"3":[1,1],"4":[0,1],"5":[1,1],"6":[0,2],"7":[1,0,0],"8":[17,8],"9":[17,8],"10":[8,5,4],"11":[25,0],"12":[25,17],"13":[25,17],"14":[25,8],"15":[25,8],"16":[17,8]},"_coverageSchema":"1a1c01bbd47fc00a2c39e90264f33305004495a9","hash":"148350fa74dae30f1ea502df28f66b311efef273"}
,"/Users/fx024/Work/FamilyFun/app/(auth)/register.tsx": {"path":"/Users/fx024/Work/FamilyFun/app/(auth)/register.tsx","statementMap":{"0":{"start":{"line":22,"column":16},"end":{"line":22,"column":32}},"1":{"start":{"line":23,"column":17},"end":{"line":23,"column":28}},"2":{"start":{"line":24,"column":17},"end":{"line":24,"column":46}},"3":{"start":{"line":24,"column":37},"end":{"line":24,"column":45}},"4":{"start":{"line":26,"column":42},"end":{"line":26,"column":73}},"5":{"start":{"line":27,"column":40},"end":{"line":27,"column":52}},"6":{"start":{"line":28,"column":28},"end":{"line":28,"column":40}},"7":{"start":{"line":29,"column":34},"end":{"line":29,"column":46}},"8":{"start":{"line":30,"column":32},"end":{"line":30,"column":47}},"9":{"start":{"line":32,"column":18},"end":{"line":32,"column":42}},"10":{"start":{"line":34,"column":25},"end":{"line":58,"column":3}},"11":{"start":{"line":35,"column":4},"end":{"line":35,"column":59}},"12":{"start":{"line":35,"column":52},"end":{"line":35,"column":59}},"13":{"start":{"line":36,"column":4},"end":{"line":36,"column":35}},"14":{"start":{"line":36,"column":28},"end":{"line":36,"column":35}},"15":{"start":{"line":38,"column":4},"end":{"line":38,"column":21}},"16":{"start":{"line":39,"column":4},"end":{"line":57,"column":5}},"17":{"start":{"line":41,"column":23},"end":{"line":45,"column":34}},"18":{"start":{"line":46,"column":29},"end":{"line":48,"column":15}},"19":{"start":{"line":50,"column":6},"end":{"line":50,"column":72}},"20":{"start":{"line":51,"column":6},"end":{"line":51,"column":45}},"21":{"start":{"line":53,"column":18},"end":{"line":53,"column":75}},"22":{"start":{"line":54,"column":6},"end":{"line":54,"column":45}},"23":{"start":{"line":56,"column":6},"end":{"line":56,"column":24}},"24":{"start":{"line":60,"column":22},"end":{"line":60,"column":83}},"25":{"start":{"line":63,"column":2},"end":{"line":97,"column":3}},"26":{"start":{"line":64,"column":4},"end":{"line":96,"column":6}},"27":{"start":{"line":72,"column":27},"end":{"line":72,"column":52}},"28":{"start":{"line":81,"column":27},"end":{"line":81,"column":51}},"29":{"start":{"line":90,"column":27},"end":{"line":90,"column":55}},"30":{"start":{"line":100,"column":2},"end":{"line":151,"column":4}},"31":{"start":{"line":145,"column":25},"end":{"line":145,"column":46}},"32":{"start":{"line":154,"column":15},"end":{"line":206,"column":2}}},"fnMap":{"0":{"name":"RegisterScreen","decl":{"start":{"line":21,"column":24},"end":{"line":21,"column":38}},"loc":{"start":{"line":21,"column":41},"end":{"line":152,"column":1}},"line":21},"1":{"name":"(anonymous_1)","decl":{"start":{"line":24,"column":30},"end":{"line":24,"column":31}},"loc":{"start":{"line":24,"column":37},"end":{"line":24,"column":45}},"line":24},"2":{"name":"(anonymous_2)","decl":{"start":{"line":34,"column":25},"end":{"line":34,"column":26}},"loc":{"start":{"line":34,"column":37},"end":{"line":58,"column":3}},"line":34},"3":{"name":"(anonymous_3)","decl":{"start":{"line":72,"column":21},"end":{"line":72,"column":22}},"loc":{"start":{"line":72,"column":27},"end":{"line":72,"column":52}},"line":72},"4":{"name":"(anonymous_4)","decl":{"start":{"line":81,"column":21},"end":{"line":81,"column":22}},"loc":{"start":{"line":81,"column":27},"end":{"line":81,"column":51}},"line":81},"5":{"name":"(anonymous_5)","decl":{"start":{"line":90,"column":21},"end":{"line":90,"column":22}},"loc":{"start":{"line":90,"column":27},"end":{"line":90,"column":55}},"line":90},"6":{"name":"(anonymous_6)","decl":{"start":{"line":145,"column":19},"end":{"line":145,"column":20}},"loc":{"start":{"line":145,"column":25},"end":{"line":145,"column":46}},"line":145}},"branchMap":{"0":{"loc":{"start":{"line":35,"column":4},"end":{"line":35,"column":59}},"type":"if","locations":[{"start":{"line":35,"column":4},"end":{"line":35,"column":59}},{"start":{},"end":{}}],"line":35},"1":{"loc":{"start":{"line":35,"column":8},"end":{"line":35,"column":50}},"type":"binary-expr","locations":[{"start":{"line":35,"column":8},"end":{"line":35,"column":21}},{"start":{"line":35,"column":25},"end":{"line":35,"column":37}},{"start":{"line":35,"column":41},"end":{"line":35,"column":50}}],"line":35},"2":{"loc":{"start":{"line":36,"column":4},"end":{"line":36,"column":35}},"type":"if","locations":[{"start":{"line":36,"column":4},"end":{"line":36,"column":35}},{"start":{},"end":{}}],"line":36},"3":{"loc":{"start":{"line":36,"column":8},"end":{"line":36,"column":26}},"type":"binary-expr","locations":[{"start":{"line":36,"column":8},"end":{"line":36,"column":16}},{"start":{"line":36,"column":20},"end":{"line":36,"column":26}}],"line":36},"4":{"loc":{"start":{"line":46,"column":29},"end":{"line":48,"column":15}},"type":"cond-expr","locations":[{"start":{"line":47,"column":10},"end":{"line":47,"column":54}},{"start":{"line":48,"column":10},"end":{"line":48,"column":15}}],"line":46},"5":{"loc":{"start":{"line":53,"column":18},"end":{"line":53,"column":75}},"type":"binary-expr","locations":[{"start":{"line":53,"column":18},"end":{"line":53,"column":32}},{"start":{"line":53,"column":36},"end":{"line":53,"column":50}},{"start":{"line":53,"column":54},"end":{"line":53,"column":75}}],"line":53},"6":{"loc":{"start":{"line":60,"column":22},"end":{"line":60,"column":83}},"type":"binary-expr","locations":[{"start":{"line":60,"column":22},"end":{"line":60,"column":34}},{"start":{"line":60,"column":38},"end":{"line":60,"column":49}},{"start":{"line":60,"column":53},"end":{"line":60,"column":61}},{"start":{"line":60,"column":66},"end":{"line":60,"column":73}},{"start":{"line":60,"column":77},"end":{"line":60,"column":82}}],"line":60},"7":{"loc":{"start":{"line":63,"column":2},"end":{"line":97,"column":3}},"type":"if","locations":[{"start":{"line":63,"column":2},"end":{"line":97,"column":3}},{"start":{},"end":{}}],"line":63},"8":{"loc":{"start":{"line":103,"column":16},"end":{"line":103,"column":60}},"type":"cond-expr","locations":[{"start":{"line":103,"column":40},"end":{"line":103,"column":49}},{"start":{"line":103,"column":52},"end":{"line":103,"column":60}}],"line":103},"9":{"loc":{"start":{"line":108,"column":34},"end":{"line":108,"column":80}},"type":"cond-expr","locations":[{"start":{"line":108,"column":44},"end":{"line":108,"column":60}},{"start":{"line":108,"column":63},"end":{"line":108,"column":80}}],"line":108},"10":{"loc":{"start":{"line":118,"column":9},"end":{"line":127,"column":9}},"type":"binary-expr","locations":[{"start":{"line":118,"column":9},"end":{"line":118,"column":17}},{"start":{"line":119,"column":10},"end":{"line":126,"column":12}}],"line":118}},"s":{"0":16,"1":16,"2":16,"3":16,"4":16,"5":16,"6":16,"7":16,"8":16,"9":16,"10":16,"11":1,"12":0,"13":1,"14":0,"15":1,"16":1,"17":1,"18":1,"19":1,"20":1,"21":0,"22":0,"23":1,"24":16,"25":16,"26":7,"27":3,"28":1,"29":1,"30":9,"31":1,"32":1},"f":{"0":16,"1":16,"2":1,"3":3,"4":1,"5":1,"6":1},"b":{"0":[0,1],"1":[1,1,1],"2":[0,1],"3":[1,1],"4":[0,1],"5":[0,0,0],"6":[16,9,5,3,3],"7":[7,9],"8":[9,0],"9":[1,8],"10":[9,8]},"_coverageSchema":"1a1c01bbd47fc00a2c39e90264f33305004495a9","hash":"9db04388fc4c908b314ae6d7cd2212f37d785486"}
,"/Users/fx024/Work/FamilyFun/app/(auth)/role-select.tsx": {"path":"/Users/fx024/Work/FamilyFun/app/(auth)/role-select.tsx","statementMap":{"0":{"start":{"line":13,"column":16},"end":{"line":13,"column":32}},"1":{"start":{"line":14,"column":17},"end":{"line":14,"column":28}},"2":{"start":{"line":15,"column":18},"end":{"line":15,"column":48}},"3":{"start":{"line":15,"column":38},"end":{"line":15,"column":47}},"4":{"start":{"line":16,"column":42},"end":{"line":16,"column":73}},"5":{"start":{"line":17,"column":32},"end":{"line":17,"column":47}},"6":{"start":{"line":19,"column":25},"end":{"line":30,"column":3}},"7":{"start":{"line":20,"column":4},"end":{"line":20,"column":30}},"8":{"start":{"line":20,"column":23},"end":{"line":20,"column":30}},"9":{"start":{"line":21,"column":4},"end":{"line":21,"column":21}},"10":{"start":{"line":22,"column":4},"end":{"line":29,"column":5}},"11":{"start":{"line":23,"column":6},"end":{"line":23,"column":34}},"12":{"start":{"line":24,"column":6},"end":{"line":24,"column":45}},"13":{"start":{"line":28,"column":6},"end":{"line":28,"column":24}},"14":{"start":{"line":32,"column":2},"end":{"line":74,"column":4}},"15":{"start":{"line":38,"column":23},"end":{"line":38,"column":48}},"16":{"start":{"line":53,"column":23},"end":{"line":53,"column":47}},"17":{"start":{"line":77,"column":15},"end":{"line":122,"column":2}}},"fnMap":{"0":{"name":"RoleSelectScreen","decl":{"start":{"line":12,"column":24},"end":{"line":12,"column":40}},"loc":{"start":{"line":12,"column":43},"end":{"line":75,"column":1}},"line":12},"1":{"name":"(anonymous_1)","decl":{"start":{"line":15,"column":31},"end":{"line":15,"column":32}},"loc":{"start":{"line":15,"column":38},"end":{"line":15,"column":47}},"line":15},"2":{"name":"(anonymous_2)","decl":{"start":{"line":19,"column":25},"end":{"line":19,"column":26}},"loc":{"start":{"line":19,"column":37},"end":{"line":30,"column":3}},"line":19},"3":{"name":"(anonymous_3)","decl":{"start":{"line":38,"column":17},"end":{"line":38,"column":18}},"loc":{"start":{"line":38,"column":23},"end":{"line":38,"column":48}},"line":38},"4":{"name":"(anonymous_4)","decl":{"start":{"line":53,"column":17},"end":{"line":53,"column":18}},"loc":{"start":{"line":53,"column":23},"end":{"line":53,"column":47}},"line":53}},"branchMap":{"0":{"loc":{"start":{"line":20,"column":4},"end":{"line":20,"column":30}},"type":"if","locations":[{"start":{"line":20,"column":4},"end":{"line":20,"column":30}},{"start":{},"end":{}}],"line":20},"1":{"loc":{"start":{"line":37,"column":33},"end":{"line":37,"column":85}},"type":"binary-expr","locations":[{"start":{"line":37,"column":33},"end":{"line":37,"column":58}},{"start":{"line":37,"column":62},"end":{"line":37,"column":85}}],"line":37},"2":{"loc":{"start":{"line":43,"column":17},"end":{"line":43,"column":82}},"type":"cond-expr","locations":[{"start":{"line":43,"column":45},"end":{"line":43,"column":59}},{"start":{"line":43,"column":62},"end":{"line":43,"column":82}}],"line":43},"3":{"loc":{"start":{"line":45,"column":39},"end":{"line":45,"column":91}},"type":"binary-expr","locations":[{"start":{"line":45,"column":39},"end":{"line":45,"column":64}},{"start":{"line":45,"column":68},"end":{"line":45,"column":91}}],"line":45},"4":{"loc":{"start":{"line":52,"column":33},"end":{"line":52,"column":84}},"type":"binary-expr","locations":[{"start":{"line":52,"column":33},"end":{"line":52,"column":57}},{"start":{"line":52,"column":61},"end":{"line":52,"column":84}}],"line":52},"5":{"loc":{"start":{"line":58,"column":17},"end":{"line":58,"column":83}},"type":"cond-expr","locations":[{"start":{"line":58,"column":44},"end":{"line":58,"column":60}},{"start":{"line":58,"column":63},"end":{"line":58,"column":83}}],"line":58},"6":{"loc":{"start":{"line":60,"column":39},"end":{"line":60,"column":90}},"type":"binary-expr","locations":[{"start":{"line":60,"column":39},"end":{"line":60,"column":63}},{"start":{"line":60,"column":67},"end":{"line":60,"column":90}}],"line":60}},"s":{"0":6,"1":6,"2":6,"3":6,"4":6,"5":6,"6":6,"7":1,"8":0,"9":1,"10":1,"11":1,"12":1,"13":1,"14":6,"15":1,"16":0,"17":1},"f":{"0":6,"1":6,"2":1,"3":1,"4":0},"b":{"0":[0,1],"1":[6,3],"2":[3,3],"3":[6,3],"4":[6,0],"5":[0,6],"6":[6,0]},"_coverageSchema":"1a1c01bbd47fc00a2c39e90264f33305004495a9","hash":"981800ed232f58968453e9f3e3a24e939cd2d08d"}
,"/Users/fx024/Work/FamilyFun/app/(child)/history.tsx": {"path":"/Users/fx024/Work/FamilyFun/app/(child)/history.tsx","statementMap":{"0":{"start":{"line":13,"column":16},"end":{"line":13,"column":32}},"1":{"start":{"line":14,"column":18},"end":{"line":14,"column":48}},"2":{"start":{"line":14,"column":38},"end":{"line":14,"column":47}},"3":{"start":{"line":15,"column":42},"end":{"line":15,"column":69}},"4":{"start":{"line":16,"column":38},"end":{"line":16,"column":53}},"5":{"start":{"line":18,"column":28},"end":{"line":28,"column":3}},"6":{"start":{"line":19,"column":4},"end":{"line":19,"column":36}},"7":{"start":{"line":19,"column":29},"end":{"line":19,"column":36}},"8":{"start":{"line":20,"column":21},"end":{"line":25,"column":16}},"9":{"start":{"line":27,"column":4},"end":{"line":27,"column":51}},"10":{"start":{"line":30,"column":2},"end":{"line":32,"column":27}},"11":{"start":{"line":31,"column":4},"end":{"line":31,"column":24}},"12":{"start":{"line":34,"column":20},"end":{"line":38,"column":3}},"13":{"start":{"line":35,"column":4},"end":{"line":35,"column":24}},"14":{"start":{"line":36,"column":4},"end":{"line":36,"column":30}},"15":{"start":{"line":37,"column":4},"end":{"line":37,"column":25}},"16":{"start":{"line":40,"column":28},"end":{"line":64,"column":3}},"17":{"start":{"line":41,"column":4},"end":{"line":63,"column":11}},"18":{"start":{"line":66,"column":2},"end":{"line":78,"column":4}},"19":{"start":{"line":71,"column":30},"end":{"line":71,"column":37}},"20":{"start":{"line":81,"column":15},"end":{"line":115,"column":2}}},"fnMap":{"0":{"name":"HistoryScreen","decl":{"start":{"line":12,"column":24},"end":{"line":12,"column":37}},"loc":{"start":{"line":12,"column":40},"end":{"line":79,"column":1}},"line":12},"1":{"name":"(anonymous_1)","decl":{"start":{"line":14,"column":31},"end":{"line":14,"column":32}},"loc":{"start":{"line":14,"column":38},"end":{"line":14,"column":47}},"line":14},"2":{"name":"(anonymous_2)","decl":{"start":{"line":18,"column":28},"end":{"line":18,"column":29}},"loc":{"start":{"line":18,"column":40},"end":{"line":28,"column":3}},"line":18},"3":{"name":"(anonymous_3)","decl":{"start":{"line":30,"column":12},"end":{"line":30,"column":13}},"loc":{"start":{"line":30,"column":18},"end":{"line":32,"column":3}},"line":30},"4":{"name":"(anonymous_4)","decl":{"start":{"line":34,"column":20},"end":{"line":34,"column":21}},"loc":{"start":{"line":34,"column":32},"end":{"line":38,"column":3}},"line":34},"5":{"name":"(anonymous_5)","decl":{"start":{"line":40,"column":28},"end":{"line":40,"column":29}},"loc":{"start":{"line":41,"column":4},"end":{"line":63,"column":11}},"line":41},"6":{"name":"(anonymous_6)","decl":{"start":{"line":71,"column":20},"end":{"line":71,"column":21}},"loc":{"start":{"line":71,"column":30},"end":{"line":71,"column":37}},"line":71}},"branchMap":{"0":{"loc":{"start":{"line":19,"column":4},"end":{"line":19,"column":36}},"type":"if","locations":[{"start":{"line":19,"column":4},"end":{"line":19,"column":36}},{"start":{},"end":{}}],"line":19},"1":{"loc":{"start":{"line":27,"column":20},"end":{"line":27,"column":49}},"type":"binary-expr","locations":[{"start":{"line":27,"column":21},"end":{"line":27,"column":42}},{"start":{"line":27,"column":47},"end":{"line":27,"column":49}}],"line":27},"2":{"loc":{"start":{"line":44,"column":16},"end":{"line":44,"column":73}},"type":"cond-expr","locations":[{"start":{"line":44,"column":34},"end":{"line":44,"column":51}},{"start":{"line":44,"column":54},"end":{"line":44,"column":73}}],"line":44},"3":{"loc":{"start":{"line":46,"column":17},"end":{"line":46,"column":64}},"type":"cond-expr","locations":[{"start":{"line":46,"column":35},"end":{"line":46,"column":49}},{"start":{"line":46,"column":52},"end":{"line":46,"column":64}}],"line":46},"4":{"loc":{"start":{"line":57,"column":21},"end":{"line":57,"column":68}},"type":"cond-expr","locations":[{"start":{"line":57,"column":39},"end":{"line":57,"column":53}},{"start":{"line":57,"column":56},"end":{"line":57,"column":68}}],"line":57},"5":{"loc":{"start":{"line":60,"column":11},"end":{"line":60,"column":37}},"type":"cond-expr","locations":[{"start":{"line":60,"column":29},"end":{"line":60,"column":32}},{"start":{"line":60,"column":35},"end":{"line":60,"column":37}}],"line":60}},"s":{"0":4,"1":4,"2":4,"3":4,"4":4,"5":4,"6":2,"7":0,"8":2,"9":2,"10":4,"11":2,"12":4,"13":0,"14":0,"15":0,"16":4,"17":2,"18":4,"19":3,"20":1},"f":{"0":4,"1":4,"2":2,"3":2,"4":0,"5":2,"6":3},"b":{"0":[0,2],"1":[2,0],"2":[1,1],"3":[1,1],"4":[1,1],"5":[1,1]},"_coverageSchema":"1a1c01bbd47fc00a2c39e90264f33305004495a9","hash":"0731cbb9413ff66b1a14fd43c71cc33e0fa5000f"}
,"/Users/fx024/Work/FamilyFun/app/(child)/index.tsx": {"path":"/Users/fx024/Work/FamilyFun/app/(child)/index.tsx","statementMap":{"0":{"start":{"line":16,"column":16},"end":{"line":16,"column":32}},"1":{"start":{"line":17,"column":17},"end":{"line":17,"column":28}},"2":{"start":{"line":18,"column":17},"end":{"line":18,"column":36}},"3":{"start":{"line":19,"column":36},"end":{"line":19,"column":50}},"4":{"start":{"line":20,"column":38},"end":{"line":20,"column":56}},"5":{"start":{"line":21,"column":32},"end":{"line":21,"column":47}},"6":{"start":{"line":22,"column":38},"end":{"line":22,"column":59}},"7":{"start":{"line":24,"column":19},"end":{"line":24,"column":37}},"8":{"start":{"line":26,"column":2},"end":{"line":31,"column":17}},"9":{"start":{"line":27,"column":4},"end":{"line":30,"column":5}},"10":{"start":{"line":28,"column":6},"end":{"line":28,"column":30}},"11":{"start":{"line":29,"column":6},"end":{"line":29,"column":27}},"12":{"start":{"line":33,"column":20},"end":{"line":40,"column":3}},"13":{"start":{"line":34,"column":4},"end":{"line":34,"column":24}},"14":{"start":{"line":35,"column":4},"end":{"line":35,"column":25}},"15":{"start":{"line":36,"column":4},"end":{"line":38,"column":5}},"16":{"start":{"line":37,"column":6},"end":{"line":37,"column":73}},"17":{"start":{"line":39,"column":4},"end":{"line":39,"column":25}},"18":{"start":{"line":42,"column":24},"end":{"line":42,"column":98}},"19":{"start":{"line":42,"column":44},"end":{"line":42,"column":97}},"20":{"start":{"line":43,"column":25},"end":{"line":43,"column":70}},"21":{"start":{"line":43,"column":48},"end":{"line":43,"column":69}},"22":{"start":{"line":44,"column":17},"end":{"line":44,"column":45}},"23":{"start":{"line":46,"column":2},"end":{"line":104,"column":4}},"24":{"start":{"line":73,"column":25},"end":{"line":73,"column":57}},"25":{"start":{"line":89,"column":25},"end":{"line":89,"column":57}},"26":{"start":{"line":107,"column":15},"end":{"line":189,"column":2}}},"fnMap":{"0":{"name":"ChildDashboard","decl":{"start":{"line":15,"column":24},"end":{"line":15,"column":38}},"loc":{"start":{"line":15,"column":41},"end":{"line":105,"column":1}},"line":15},"1":{"name":"(anonymous_1)","decl":{"start":{"line":26,"column":12},"end":{"line":26,"column":13}},"loc":{"start":{"line":26,"column":18},"end":{"line":31,"column":3}},"line":26},"2":{"name":"(anonymous_2)","decl":{"start":{"line":33,"column":20},"end":{"line":33,"column":21}},"loc":{"start":{"line":33,"column":32},"end":{"line":40,"column":3}},"line":33},"3":{"name":"(anonymous_3)","decl":{"start":{"line":42,"column":37},"end":{"line":42,"column":38}},"loc":{"start":{"line":42,"column":44},"end":{"line":42,"column":97}},"line":42},"4":{"name":"(anonymous_4)","decl":{"start":{"line":43,"column":41},"end":{"line":43,"column":42}},"loc":{"start":{"line":43,"column":48},"end":{"line":43,"column":69}},"line":43},"5":{"name":"(anonymous_5)","decl":{"start":{"line":73,"column":19},"end":{"line":73,"column":20}},"loc":{"start":{"line":73,"column":25},"end":{"line":73,"column":57}},"line":73},"6":{"name":"(anonymous_6)","decl":{"start":{"line":89,"column":19},"end":{"line":89,"column":20}},"loc":{"start":{"line":89,"column":25},"end":{"line":89,"column":57}},"line":89}},"branchMap":{"0":{"loc":{"start":{"line":27,"column":4},"end":{"line":30,"column":5}},"type":"if","locations":[{"start":{"line":27,"column":4},"end":{"line":30,"column":5}},{"start":{},"end":{}}],"line":27},"1":{"loc":{"start":{"line":36,"column":4},"end":{"line":38,"column":5}},"type":"if","locations":[{"start":{"line":36,"column":4},"end":{"line":38,"column":5}},{"start":{},"end":{}}],"line":36},"2":{"loc":{"start":{"line":42,"column":44},"end":{"line":42,"column":97}},"type":"binary-expr","locations":[{"start":{"line":42,"column":44},"end":{"line":42,"column":67}},{"start":{"line":42,"column":71},"end":{"line":42,"column":97}}],"line":42},"3":{"loc":{"start":{"line":44,"column":17},"end":{"line":44,"column":45}},"type":"binary-expr","locations":[{"start":{"line":44,"column":17},"end":{"line":44,"column":40}},{"start":{"line":44,"column":44},"end":{"line":44,"column":45}}],"line":44},"4":{"loc":{"start":{"line":60,"column":42},"end":{"line":60,"column":69}},"type":"binary-expr","locations":[{"start":{"line":60,"column":42},"end":{"line":60,"column":63}},{"start":{"line":60,"column":67},"end":{"line":60,"column":69}}],"line":60}},"s":{"0":4,"1":4,"2":4,"3":4,"4":4,"5":4,"6":4,"7":4,"8":4,"9":4,"10":4,"11":4,"12":4,"13":0,"14":0,"15":0,"16":0,"17":0,"18":4,"19":4,"20":4,"21":8,"22":4,"23":4,"24":0,"25":0,"26":1},"f":{"0":4,"1":4,"2":0,"3":4,"4":8,"5":0,"6":0},"b":{"0":[4,0],"1":[0,0],"2":[4,4],"3":[4,0],"4":[4,0]},"_coverageSchema":"1a1c01bbd47fc00a2c39e90264f33305004495a9","hash":"45e65e9ce236cba6b1f9bd59e6f20e5dadad7053"}
,"/Users/fx024/Work/FamilyFun/app/(child)/settings.tsx": {"path":"/Users/fx024/Work/FamilyFun/app/(child)/settings.tsx","statementMap":{"0":{"start":{"line":11,"column":16},"end":{"line":11,"column":32}},"1":{"start":{"line":12,"column":46},"end":{"line":12,"column":60}},"2":{"start":{"line":14,"column":25},"end":{"line":18,"column":3}},"3":{"start":{"line":15,"column":20},"end":{"line":15,"column":59}},"4":{"start":{"line":16,"column":4},"end":{"line":16,"column":36}},"5":{"start":{"line":17,"column":4},"end":{"line":17,"column":52}},"6":{"start":{"line":20,"column":23},"end":{"line":25,"column":3}},"7":{"start":{"line":21,"column":4},"end":{"line":24,"column":7}},"8":{"start":{"line":27,"column":2},"end":{"line":52,"column":4}},"9":{"start":{"line":55,"column":15},"end":{"line":82,"column":2}}},"fnMap":{"0":{"name":"ChildSettingsScreen","decl":{"start":{"line":10,"column":24},"end":{"line":10,"column":43}},"loc":{"start":{"line":10,"column":46},"end":{"line":53,"column":1}},"line":10},"1":{"name":"(anonymous_1)","decl":{"start":{"line":14,"column":25},"end":{"line":14,"column":26}},"loc":{"start":{"line":14,"column":37},"end":{"line":18,"column":3}},"line":14},"2":{"name":"(anonymous_2)","decl":{"start":{"line":20,"column":23},"end":{"line":20,"column":24}},"loc":{"start":{"line":20,"column":29},"end":{"line":25,"column":3}},"line":20}},"branchMap":{"0":{"loc":{"start":{"line":15,"column":20},"end":{"line":15,"column":59}},"type":"cond-expr","locations":[{"start":{"line":15,"column":48},"end":{"line":15,"column":52}},{"start":{"line":15,"column":55},"end":{"line":15,"column":59}}],"line":15},"1":{"loc":{"start":{"line":38,"column":17},"end":{"line":38,"column":89}},"type":"cond-expr","locations":[{"start":{"line":38,"column":45},"end":{"line":38,"column":66}},{"start":{"line":38,"column":69},"end":{"line":38,"column":89}}],"line":38}},"s":{"0":6,"1":6,"2":6,"3":1,"4":1,"5":1,"6":6,"7":2,"8":6,"9":1},"f":{"0":6,"1":1,"2":2},"b":{"0":[0,1],"1":[0,6]},"_coverageSchema":"1a1c01bbd47fc00a2c39e90264f33305004495a9","hash":"d0e3caf6c9d1b331f5b3f9b4d27ee0747567bb37"}
,"/Users/fx024/Work/FamilyFun/app/(child)/missions/[id].tsx": {"path":"/Users/fx024/Work/FamilyFun/app/(child)/missions/[id].tsx","statementMap":{"0":{"start":{"line":14,"column":17},"end":{"line":14,"column":55}},"1":{"start":{"line":15,"column":16},"end":{"line":15,"column":32}},"2":{"start":{"line":16,"column":17},"end":{"line":16,"column":28}},"3":{"start":{"line":17,"column":18},"end":{"line":17,"column":48}},"4":{"start":{"line":17,"column":38},"end":{"line":17,"column":47}},"5":{"start":{"line":18,"column":65},"end":{"line":18,"column":83}},"6":{"start":{"line":20,"column":26},"end":{"line":20,"column":38}},"7":{"start":{"line":21,"column":32},"end":{"line":21,"column":47}},"8":{"start":{"line":23,"column":18},"end":{"line":23,"column":51}},"9":{"start":{"line":23,"column":39},"end":{"line":23,"column":50}},"10":{"start":{"line":24,"column":24},"end":{"line":26,"column":3}},"11":{"start":{"line":25,"column":11},"end":{"line":25,"column":60}},"12":{"start":{"line":27,"column":28},"end":{"line":27,"column":77}},"13":{"start":{"line":27,"column":54},"end":{"line":27,"column":76}},"14":{"start":{"line":28,"column":31},"end":{"line":28,"column":80}},"15":{"start":{"line":28,"column":57},"end":{"line":28,"column":79}},"16":{"start":{"line":30,"column":2},"end":{"line":36,"column":3}},"17":{"start":{"line":31,"column":4},"end":{"line":35,"column":6}},"18":{"start":{"line":38,"column":22},"end":{"line":48,"column":3}},"19":{"start":{"line":39,"column":4},"end":{"line":39,"column":36}},"20":{"start":{"line":39,"column":29},"end":{"line":39,"column":36}},"21":{"start":{"line":40,"column":4},"end":{"line":40,"column":21}},"22":{"start":{"line":41,"column":4},"end":{"line":47,"column":5}},"23":{"start":{"line":42,"column":6},"end":{"line":42,"column":68}},"24":{"start":{"line":44,"column":6},"end":{"line":44,"column":78}},"25":{"start":{"line":46,"column":6},"end":{"line":46,"column":24}},"26":{"start":{"line":50,"column":25},"end":{"line":62,"column":3}},"27":{"start":{"line":51,"column":4},"end":{"line":51,"column":58}},"28":{"start":{"line":51,"column":51},"end":{"line":51,"column":58}},"29":{"start":{"line":52,"column":4},"end":{"line":52,"column":21}},"30":{"start":{"line":53,"column":4},"end":{"line":61,"column":5}},"31":{"start":{"line":54,"column":6},"end":{"line":54,"column":86}},"32":{"start":{"line":55,"column":6},"end":{"line":55,"column":65}},"33":{"start":{"line":56,"column":6},"end":{"line":56,"column":20}},"34":{"start":{"line":58,"column":6},"end":{"line":58,"column":78}},"35":{"start":{"line":60,"column":6},"end":{"line":60,"column":24}},"36":{"start":{"line":64,"column":24},"end":{"line":107,"column":3}},"37":{"start":{"line":65,"column":4},"end":{"line":72,"column":5}},"38":{"start":{"line":66,"column":6},"end":{"line":71,"column":8}},"39":{"start":{"line":74,"column":4},"end":{"line":98,"column":5}},"40":{"start":{"line":75,"column":6},"end":{"line":97,"column":8}},"41":{"start":{"line":100,"column":4},"end":{"line":106,"column":6}},"42":{"start":{"line":109,"column":2},"end":{"line":131,"column":4}},"43":{"start":{"line":134,"column":15},"end":{"line":197,"column":2}}},"fnMap":{"0":{"name":"MissionDetailScreen","decl":{"start":{"line":13,"column":24},"end":{"line":13,"column":43}},"loc":{"start":{"line":13,"column":46},"end":{"line":132,"column":1}},"line":13},"1":{"name":"(anonymous_1)","decl":{"start":{"line":17,"column":31},"end":{"line":17,"column":32}},"loc":{"start":{"line":17,"column":38},"end":{"line":17,"column":47}},"line":17},"2":{"name":"(anonymous_2)","decl":{"start":{"line":23,"column":32},"end":{"line":23,"column":33}},"loc":{"start":{"line":23,"column":39},"end":{"line":23,"column":50}},"line":23},"3":{"name":"(anonymous_3)","decl":{"start":{"line":25,"column":4},"end":{"line":25,"column":5}},"loc":{"start":{"line":25,"column":11},"end":{"line":25,"column":60}},"line":25},"4":{"name":"(anonymous_4)","decl":{"start":{"line":27,"column":47},"end":{"line":27,"column":48}},"loc":{"start":{"line":27,"column":54},"end":{"line":27,"column":76}},"line":27},"5":{"name":"(anonymous_5)","decl":{"start":{"line":28,"column":50},"end":{"line":28,"column":51}},"loc":{"start":{"line":28,"column":57},"end":{"line":28,"column":79}},"line":28},"6":{"name":"(anonymous_6)","decl":{"start":{"line":38,"column":22},"end":{"line":38,"column":23}},"loc":{"start":{"line":38,"column":34},"end":{"line":48,"column":3}},"line":38},"7":{"name":"(anonymous_7)","decl":{"start":{"line":50,"column":25},"end":{"line":50,"column":26}},"loc":{"start":{"line":50,"column":37},"end":{"line":62,"column":3}},"line":50},"8":{"name":"(anonymous_8)","decl":{"start":{"line":64,"column":24},"end":{"line":64,"column":25}},"loc":{"start":{"line":64,"column":30},"end":{"line":107,"column":3}},"line":64}},"branchMap":{"0":{"loc":{"start":{"line":25,"column":11},"end":{"line":25,"column":60}},"type":"binary-expr","locations":[{"start":{"line":25,"column":11},"end":{"line":25,"column":30}},{"start":{"line":25,"column":34},"end":{"line":25,"column":60}}],"line":25},"1":{"loc":{"start":{"line":30,"column":2},"end":{"line":36,"column":3}},"type":"if","locations":[{"start":{"line":30,"column":2},"end":{"line":36,"column":3}},{"start":{},"end":{}}],"line":30},"2":{"loc":{"start":{"line":39,"column":4},"end":{"line":39,"column":36}},"type":"if","locations":[{"start":{"line":39,"column":4},"end":{"line":39,"column":36}},{"start":{},"end":{}}],"line":39},"3":{"loc":{"start":{"line":44,"column":37},"end":{"line":44,"column":76}},"type":"binary-expr","locations":[{"start":{"line":44,"column":37},"end":{"line":44,"column":51}},{"start":{"line":44,"column":55},"end":{"line":44,"column":76}}],"line":44},"4":{"loc":{"start":{"line":51,"column":4},"end":{"line":51,"column":58}},"type":"if","locations":[{"start":{"line":51,"column":4},"end":{"line":51,"column":58}},{"start":{},"end":{}}],"line":51},"5":{"loc":{"start":{"line":51,"column":8},"end":{"line":51,"column":49}},"type":"binary-expr","locations":[{"start":{"line":51,"column":8},"end":{"line":51,"column":27}},{"start":{"line":51,"column":31},"end":{"line":51,"column":49}}],"line":51},"6":{"loc":{"start":{"line":54,"column":67},"end":{"line":54,"column":84}},"type":"binary-expr","locations":[{"start":{"line":54,"column":67},"end":{"line":54,"column":71}},{"start":{"line":54,"column":75},"end":{"line":54,"column":84}}],"line":54},"7":{"loc":{"start":{"line":58,"column":37},"end":{"line":58,"column":76}},"type":"binary-expr","locations":[{"start":{"line":58,"column":37},"end":{"line":58,"column":51}},{"start":{"line":58,"column":55},"end":{"line":58,"column":76}}],"line":58},"8":{"loc":{"start":{"line":65,"column":4},"end":{"line":72,"column":5}},"type":"if","locations":[{"start":{"line":65,"column":4},"end":{"line":72,"column":5}},{"start":{},"end":{}}],"line":65},"9":{"loc":{"start":{"line":74,"column":4},"end":{"line":98,"column":5}},"type":"if","locations":[{"start":{"line":74,"column":4},"end":{"line":98,"column":5}},{"start":{},"end":{}}],"line":74},"10":{"loc":{"start":{"line":118,"column":9},"end":{"line":120,"column":9}},"type":"binary-expr","locations":[{"start":{"line":118,"column":9},"end":{"line":118,"column":28}},{"start":{"line":119,"column":10},"end":{"line":119,"column":71}}],"line":118},"11":{"loc":{"start":{"line":124,"column":27},"end":{"line":124,"column":93}},"type":"cond-expr","locations":[{"start":{"line":124,"column":63},"end":{"line":124,"column":72}},{"start":{"line":124,"column":75},"end":{"line":124,"column":93}}],"line":124}},"s":{"0":10,"1":10,"2":10,"3":10,"4":10,"5":10,"6":10,"7":10,"8":10,"9":10,"10":10,"11":5,"12":10,"13":5,"14":10,"15":5,"16":10,"17":0,"18":10,"19":1,"20":0,"21":1,"22":1,"23":1,"24":0,"25":1,"26":10,"27":1,"28":0,"29":1,"30":1,"31":1,"32":1,"33":1,"34":0,"35":1,"36":10,"37":10,"38":1,"39":9,"40":4,"41":5,"42":10,"43":1},"f":{"0":10,"1":10,"2":10,"3":5,"4":5,"5":5,"6":1,"7":1,"8":10},"b":{"0":[5,5],"1":[0,10],"2":[0,1],"3":[0,0],"4":[0,1],"5":[1,1],"6":[1,1],"7":[0,0],"8":[1,9],"9":[4,5],"10":[10,10],"11":[10,0]},"_coverageSchema":"1a1c01bbd47fc00a2c39e90264f33305004495a9","hash":"3e3530d90266564cdb40ffc7c0df44a7f6641c76"}
,"/Users/fx024/Work/FamilyFun/app/(child)/missions/index.tsx": {"path":"/Users/fx024/Work/FamilyFun/app/(child)/missions/index.tsx","statementMap":{"0":{"start":{"line":15,"column":16},"end":{"line":15,"column":32}},"1":{"start":{"line":16,"column":17},"end":{"line":16,"column":28}},"2":{"start":{"line":17,"column":18},"end":{"line":17,"column":48}},"3":{"start":{"line":17,"column":38},"end":{"line":17,"column":47}},"4":{"start":{"line":18,"column":78},"end":{"line":18,"column":96}},"5":{"start":{"line":19,"column":38},"end":{"line":19,"column":59}},"6":{"start":{"line":21,"column":19},"end":{"line":21,"column":37}},"7":{"start":{"line":23,"column":2},"end":{"line":28,"column":17}},"8":{"start":{"line":24,"column":4},"end":{"line":27,"column":5}},"9":{"start":{"line":25,"column":6},"end":{"line":25,"column":30}},"10":{"start":{"line":26,"column":6},"end":{"line":26,"column":33}},"11":{"start":{"line":30,"column":20},"end":{"line":36,"column":3}},"12":{"start":{"line":31,"column":4},"end":{"line":31,"column":24}},"13":{"start":{"line":32,"column":4},"end":{"line":34,"column":5}},"14":{"start":{"line":33,"column":6},"end":{"line":33,"column":79}},"15":{"start":{"line":35,"column":4},"end":{"line":35,"column":25}},"16":{"start":{"line":38,"column":20},"end":{"line":41,"column":5}},"17":{"start":{"line":39,"column":4},"end":{"line":41,"column":5}},"18":{"start":{"line":40,"column":13},"end":{"line":40,"column":95}},"19":{"start":{"line":43,"column":24},"end":{"line":76,"column":3}},"20":{"start":{"line":44,"column":4},"end":{"line":75,"column":16}},"21":{"start":{"line":44,"column":30},"end":{"line":44,"column":73}},"22":{"start":{"line":78,"column":2},"end":{"line":84,"column":3}},"23":{"start":{"line":79,"column":4},"end":{"line":83,"column":6}},"24":{"start":{"line":86,"column":2},"end":{"line":95,"column":4}},"25":{"start":{"line":91,"column":30},"end":{"line":91,"column":37}},"26":{"start":{"line":98,"column":15},"end":{"line":171,"column":2}}},"fnMap":{"0":{"name":"ChildMissionsScreen","decl":{"start":{"line":14,"column":24},"end":{"line":14,"column":43}},"loc":{"start":{"line":14,"column":46},"end":{"line":96,"column":1}},"line":14},"1":{"name":"(anonymous_1)","decl":{"start":{"line":17,"column":31},"end":{"line":17,"column":32}},"loc":{"start":{"line":17,"column":38},"end":{"line":17,"column":47}},"line":17},"2":{"name":"(anonymous_2)","decl":{"start":{"line":23,"column":12},"end":{"line":23,"column":13}},"loc":{"start":{"line":23,"column":18},"end":{"line":28,"column":3}},"line":23},"3":{"name":"(anonymous_3)","decl":{"start":{"line":30,"column":20},"end":{"line":30,"column":21}},"loc":{"start":{"line":30,"column":32},"end":{"line":36,"column":3}},"line":30},"4":{"name":"(anonymous_4)","decl":{"start":{"line":38,"column":20},"end":{"line":38,"column":21}},"loc":{"start":{"line":39,"column":4},"end":{"line":41,"column":5}},"line":39},"5":{"name":"(anonymous_5)","decl":{"start":{"line":40,"column":6},"end":{"line":40,"column":7}},"loc":{"start":{"line":40,"column":13},"end":{"line":40,"column":95}},"line":40},"6":{"name":"(anonymous_6)","decl":{"start":{"line":43,"column":24},"end":{"line":43,"column":25}},"loc":{"start":{"line":44,"column":4},"end":{"line":75,"column":16}},"line":44},"7":{"name":"(anonymous_7)","decl":{"start":{"line":44,"column":24},"end":{"line":44,"column":25}},"loc":{"start":{"line":44,"column":30},"end":{"line":44,"column":73}},"line":44},"8":{"name":"(anonymous_8)","decl":{"start":{"line":91,"column":20},"end":{"line":91,"column":21}},"loc":{"start":{"line":91,"column":30},"end":{"line":91,"column":37}},"line":91}},"branchMap":{"0":{"loc":{"start":{"line":24,"column":4},"end":{"line":27,"column":5}},"type":"if","locations":[{"start":{"line":24,"column":4},"end":{"line":27,"column":5}},{"start":{},"end":{}}],"line":24},"1":{"loc":{"start":{"line":32,"column":4},"end":{"line":34,"column":5}},"type":"if","locations":[{"start":{"line":32,"column":4},"end":{"line":34,"column":5}},{"start":{},"end":{}}],"line":32},"2":{"loc":{"start":{"line":40,"column":13},"end":{"line":40,"column":95}},"type":"binary-expr","locations":[{"start":{"line":40,"column":13},"end":{"line":40,"column":39}},{"start":{"line":40,"column":43},"end":{"line":40,"column":69}},{"start":{"line":40,"column":73},"end":{"line":40,"column":95}}],"line":40},"3":{"loc":{"start":{"line":50,"column":13},"end":{"line":54,"column":13}},"type":"binary-expr","locations":[{"start":{"line":50,"column":13},"end":{"line":50,"column":29}},{"start":{"line":51,"column":14},"end":{"line":53,"column":21}}],"line":50},"4":{"loc":{"start":{"line":64,"column":29},"end":{"line":64,"column":89}},"type":"cond-expr","locations":[{"start":{"line":64,"column":62},"end":{"line":64,"column":71}},{"start":{"line":64,"column":74},"end":{"line":64,"column":89}}],"line":64},"5":{"loc":{"start":{"line":67,"column":11},"end":{"line":72,"column":11}},"type":"binary-expr","locations":[{"start":{"line":67,"column":11},"end":{"line":67,"column":29}},{"start":{"line":68,"column":12},"end":{"line":71,"column":19}}],"line":67},"6":{"loc":{"start":{"line":78,"column":2},"end":{"line":84,"column":3}},"type":"if","locations":[{"start":{"line":78,"column":2},"end":{"line":84,"column":3}},{"start":{},"end":{}}],"line":78},"7":{"loc":{"start":{"line":78,"column":6},"end":{"line":78,"column":39}},"type":"binary-expr","locations":[{"start":{"line":78,"column":6},"end":{"line":78,"column":14}},{"start":{"line":78,"column":18},"end":{"line":78,"column":39}}],"line":78}},"s":{"0":6,"1":6,"2":6,"3":6,"4":6,"5":6,"6":6,"7":6,"8":6,"9":6,"10":6,"11":6,"12":0,"13":0,"14":0,"15":0,"16":6,"17":10,"18":10,"19":6,"20":10,"21":0,"22":6,"23":1,"24":5,"25":15,"26":1},"f":{"0":6,"1":6,"2":6,"3":0,"4":10,"5":10,"6":10,"7":0,"8":15},"b":{"0":[6,0],"1":[0,0],"2":[10,5,5],"3":[10,5],"4":[5,5],"5":[10,5],"6":[1,5],"7":[6,6]},"_coverageSchema":"1a1c01bbd47fc00a2c39e90264f33305004495a9","hash":"e64e5ed46a4a42aa3f7b99ffc5570207b72fdf00"}
,"/Users/fx024/Work/FamilyFun/app/(child)/wishlist/[id].tsx": {"path":"/Users/fx024/Work/FamilyFun/app/(child)/wishlist/[id].tsx","statementMap":{"0":{"start":{"line":13,"column":17},"end":{"line":13,"column":55}},"1":{"start":{"line":14,"column":16},"end":{"line":14,"column":32}},"2":{"start":{"line":15,"column":17},"end":{"line":15,"column":28}},"3":{"start":{"line":16,"column":18},"end":{"line":16,"column":48}},"4":{"start":{"line":16,"column":38},"end":{"line":16,"column":47}},"5":{"start":{"line":17,"column":44},"end":{"line":17,"column":59}},"6":{"start":{"line":18,"column":23},"end":{"line":18,"column":58}},"7":{"start":{"line":18,"column":43},"end":{"line":18,"column":57}},"8":{"start":{"line":20,"column":32},"end":{"line":20,"column":47}},"9":{"start":{"line":22,"column":15},"end":{"line":22,"column":45}},"10":{"start":{"line":22,"column":33},"end":{"line":22,"column":44}},"11":{"start":{"line":24,"column":2},"end":{"line":30,"column":3}},"12":{"start":{"line":25,"column":4},"end":{"line":29,"column":6}},"13":{"start":{"line":33,"column":4},"end":{"line":35,"column":54}},"14":{"start":{"line":37,"column":23},"end":{"line":53,"column":3}},"15":{"start":{"line":38,"column":4},"end":{"line":41,"column":5}},"16":{"start":{"line":39,"column":6},"end":{"line":39,"column":68}},"17":{"start":{"line":40,"column":6},"end":{"line":40,"column":13}},"18":{"start":{"line":42,"column":4},"end":{"line":42,"column":21}},"19":{"start":{"line":43,"column":4},"end":{"line":52,"column":5}},"20":{"start":{"line":44,"column":6},"end":{"line":44,"column":32}},"21":{"start":{"line":45,"column":6},"end":{"line":45,"column":27}},"22":{"start":{"line":46,"column":6},"end":{"line":46,"column":39}},"23":{"start":{"line":47,"column":6},"end":{"line":47,"column":20}},"24":{"start":{"line":49,"column":6},"end":{"line":49,"column":52}},"25":{"start":{"line":51,"column":6},"end":{"line":51,"column":24}},"26":{"start":{"line":55,"column":23},"end":{"line":71,"column":3}},"27":{"start":{"line":56,"column":4},"end":{"line":70,"column":7}},"28":{"start":{"line":62,"column":10},"end":{"line":67,"column":11}},"29":{"start":{"line":63,"column":12},"end":{"line":63,"column":38}},"30":{"start":{"line":64,"column":12},"end":{"line":64,"column":26}},"31":{"start":{"line":66,"column":12},"end":{"line":66,"column":58}},"32":{"start":{"line":73,"column":2},"end":{"line":126,"column":4}},"33":{"start":{"line":129,"column":15},"end":{"line":201,"column":2}}},"fnMap":{"0":{"name":"GiftDetailScreen","decl":{"start":{"line":12,"column":24},"end":{"line":12,"column":40}},"loc":{"start":{"line":12,"column":43},"end":{"line":127,"column":1}},"line":12},"1":{"name":"(anonymous_1)","decl":{"start":{"line":16,"column":31},"end":{"line":16,"column":32}},"loc":{"start":{"line":16,"column":38},"end":{"line":16,"column":47}},"line":16},"2":{"name":"(anonymous_2)","decl":{"start":{"line":18,"column":36},"end":{"line":18,"column":37}},"loc":{"start":{"line":18,"column":43},"end":{"line":18,"column":57}},"line":18},"3":{"name":"(anonymous_3)","decl":{"start":{"line":22,"column":26},"end":{"line":22,"column":27}},"loc":{"start":{"line":22,"column":33},"end":{"line":22,"column":44}},"line":22},"4":{"name":"(anonymous_4)","decl":{"start":{"line":37,"column":23},"end":{"line":37,"column":24}},"loc":{"start":{"line":37,"column":35},"end":{"line":53,"column":3}},"line":37},"5":{"name":"(anonymous_5)","decl":{"start":{"line":55,"column":23},"end":{"line":55,"column":24}},"loc":{"start":{"line":55,"column":29},"end":{"line":71,"column":3}},"line":55},"6":{"name":"(anonymous_6)","decl":{"start":{"line":61,"column":17},"end":{"line":61,"column":18}},"loc":{"start":{"line":61,"column":29},"end":{"line":68,"column":9}},"line":61}},"branchMap":{"0":{"loc":{"start":{"line":24,"column":2},"end":{"line":30,"column":3}},"type":"if","locations":[{"start":{"line":24,"column":2},"end":{"line":30,"column":3}},{"start":{},"end":{}}],"line":24},"1":{"loc":{"start":{"line":33,"column":4},"end":{"line":35,"column":54}},"type":"binary-expr","locations":[{"start":{"line":33,"column":4},"end":{"line":33,"column":30}},{"start":{"line":34,"column":4},"end":{"line":34,"column":29}},{"start":{"line":35,"column":4},"end":{"line":35,"column":54}}],"line":33},"2":{"loc":{"start":{"line":35,"column":5},"end":{"line":35,"column":33}},"type":"binary-expr","locations":[{"start":{"line":35,"column":5},"end":{"line":35,"column":28}},{"start":{"line":35,"column":32},"end":{"line":35,"column":33}}],"line":35},"3":{"loc":{"start":{"line":38,"column":4},"end":{"line":41,"column":5}},"type":"if","locations":[{"start":{"line":38,"column":4},"end":{"line":41,"column":5}},{"start":{},"end":{}}],"line":38},"4":{"loc":{"start":{"line":78,"column":9},"end":{"line":78,"column":87}},"type":"binary-expr","locations":[{"start":{"line":78,"column":9},"end":{"line":78,"column":25}},{"start":{"line":78,"column":29},"end":{"line":78,"column":87}}],"line":78},"5":{"loc":{"start":{"line":80,"column":9},"end":{"line":85,"column":9}},"type":"binary-expr","locations":[{"start":{"line":80,"column":9},"end":{"line":80,"column":34}},{"start":{"line":81,"column":10},"end":{"line":84,"column":17}}],"line":80},"6":{"loc":{"start":{"line":89,"column":45},"end":{"line":89,"column":73}},"type":"binary-expr","locations":[{"start":{"line":89,"column":45},"end":{"line":89,"column":68}},{"start":{"line":89,"column":72},"end":{"line":89,"column":73}}],"line":89},"7":{"loc":{"start":{"line":93,"column":7},"end":{"line":101,"column":7}},"type":"binary-expr","locations":[{"start":{"line":93,"column":7},"end":{"line":93,"column":33}},{"start":{"line":94,"column":8},"end":{"line":100,"column":10}}],"line":93},"8":{"loc":{"start":{"line":103,"column":7},"end":{"line":108,"column":7}},"type":"binary-expr","locations":[{"start":{"line":103,"column":7},"end":{"line":103,"column":41}},{"start":{"line":104,"column":8},"end":{"line":107,"column":15}}],"line":103},"9":{"loc":{"start":{"line":110,"column":7},"end":{"line":115,"column":7}},"type":"binary-expr","locations":[{"start":{"line":110,"column":7},"end":{"line":110,"column":33}},{"start":{"line":111,"column":8},"end":{"line":114,"column":15}}],"line":110},"10":{"loc":{"start":{"line":117,"column":7},"end":{"line":124,"column":7}},"type":"binary-expr","locations":[{"start":{"line":117,"column":7},"end":{"line":117,"column":33}},{"start":{"line":118,"column":8},"end":{"line":123,"column":10}}],"line":117}},"s":{"0":11,"1":11,"2":11,"3":11,"4":11,"5":11,"6":11,"7":11,"8":11,"9":11,"10":10,"11":11,"12":1,"13":10,"14":10,"15":1,"16":0,"17":0,"18":1,"19":1,"20":1,"21":1,"22":1,"23":1,"24":0,"25":1,"26":10,"27":1,"28":0,"29":0,"30":0,"31":0,"32":10,"33":1},"f":{"0":11,"1":11,"2":11,"3":10,"4":1,"5":1,"6":0},"b":{"0":[1,10],"1":[10,8,8],"2":[8,0],"3":[0,1],"4":[10,10],"5":[10,9],"6":[10,0],"7":[10,8],"8":[10,1],"9":[10,1],"10":[10,9]},"_coverageSchema":"1a1c01bbd47fc00a2c39e90264f33305004495a9","hash":"d92b64e08b3b24f7172cbc91f9cbdf82f5283e63"}
,"/Users/fx024/Work/FamilyFun/app/(child)/wishlist/add.tsx": {"path":"/Users/fx024/Work/FamilyFun/app/(child)/wishlist/add.tsx","statementMap":{"0":{"start":{"line":12,"column":16},"end":{"line":12,"column":32}},"1":{"start":{"line":13,"column":17},"end":{"line":13,"column":28}},"2":{"start":{"line":14,"column":18},"end":{"line":14,"column":48}},"3":{"start":{"line":14,"column":38},"end":{"line":14,"column":47}},"4":{"start":{"line":15,"column":18},"end":{"line":15,"column":49}},"5":{"start":{"line":15,"column":39},"end":{"line":15,"column":48}},"6":{"start":{"line":17,"column":28},"end":{"line":17,"column":40}},"7":{"start":{"line":18,"column":40},"end":{"line":18,"column":52}},"8":{"start":{"line":19,"column":34},"end":{"line":19,"column":46}},"9":{"start":{"line":20,"column":32},"end":{"line":20,"column":44}},"10":{"start":{"line":21,"column":32},"end":{"line":21,"column":47}},"11":{"start":{"line":23,"column":20},"end":{"line":41,"column":3}},"12":{"start":{"line":24,"column":4},"end":{"line":24,"column":46}},"13":{"start":{"line":24,"column":39},"end":{"line":24,"column":46}},"14":{"start":{"line":25,"column":4},"end":{"line":25,"column":21}},"15":{"start":{"line":26,"column":4},"end":{"line":40,"column":5}},"16":{"start":{"line":27,"column":6},"end":{"line":34,"column":9}},"17":{"start":{"line":35,"column":6},"end":{"line":35,"column":20}},"18":{"start":{"line":37,"column":6},"end":{"line":37,"column":52}},"19":{"start":{"line":39,"column":6},"end":{"line":39,"column":24}},"20":{"start":{"line":43,"column":2},"end":{"line":84,"column":4}},"21":{"start":{"line":87,"column":15},"end":{"line":96,"column":2}}},"fnMap":{"0":{"name":"AddGiftScreen","decl":{"start":{"line":11,"column":24},"end":{"line":11,"column":37}},"loc":{"start":{"line":11,"column":40},"end":{"line":85,"column":1}},"line":11},"1":{"name":"(anonymous_1)","decl":{"start":{"line":14,"column":31},"end":{"line":14,"column":32}},"loc":{"start":{"line":14,"column":38},"end":{"line":14,"column":47}},"line":14},"2":{"name":"(anonymous_2)","decl":{"start":{"line":15,"column":32},"end":{"line":15,"column":33}},"loc":{"start":{"line":15,"column":39},"end":{"line":15,"column":48}},"line":15},"3":{"name":"(anonymous_3)","decl":{"start":{"line":23,"column":20},"end":{"line":23,"column":21}},"loc":{"start":{"line":23,"column":32},"end":{"line":41,"column":3}},"line":23}},"branchMap":{"0":{"loc":{"start":{"line":24,"column":4},"end":{"line":24,"column":46}},"type":"if","locations":[{"start":{"line":24,"column":4},"end":{"line":24,"column":46}},{"start":{},"end":{}}],"line":24},"1":{"loc":{"start":{"line":24,"column":8},"end":{"line":24,"column":37}},"type":"binary-expr","locations":[{"start":{"line":24,"column":8},"end":{"line":24,"column":14}},{"start":{"line":24,"column":18},"end":{"line":24,"column":37}}],"line":24},"2":{"loc":{"start":{"line":31,"column":21},"end":{"line":31,"column":45}},"type":"binary-expr","locations":[{"start":{"line":31,"column":21},"end":{"line":31,"column":32}},{"start":{"line":31,"column":36},"end":{"line":31,"column":45}}],"line":31},"3":{"loc":{"start":{"line":32,"column":19},"end":{"line":32,"column":40}},"type":"binary-expr","locations":[{"start":{"line":32,"column":19},"end":{"line":32,"column":27}},{"start":{"line":32,"column":31},"end":{"line":32,"column":40}}],"line":32},"4":{"loc":{"start":{"line":33,"column":18},"end":{"line":33,"column":38}},"type":"binary-expr","locations":[{"start":{"line":33,"column":18},"end":{"line":33,"column":25}},{"start":{"line":33,"column":29},"end":{"line":33,"column":38}}],"line":33}},"s":{"0":5,"1":5,"2":5,"3":5,"4":5,"5":5,"6":5,"7":5,"8":5,"9":5,"10":5,"11":5,"12":1,"13":0,"14":1,"15":1,"16":1,"17":1,"18":0,"19":1,"20":5,"21":1},"f":{"0":5,"1":5,"2":5,"3":1},"b":{"0":[0,1],"1":[1,1],"2":[1,1],"3":[1,1],"4":[1,1]},"_coverageSchema":"1a1c01bbd47fc00a2c39e90264f33305004495a9","hash":"91b5726065c27ec27e21f0f07c1ff6587f37e109"}
,"/Users/fx024/Work/FamilyFun/app/(child)/wishlist/index.tsx": {"path":"/Users/fx024/Work/FamilyFun/app/(child)/wishlist/index.tsx","statementMap":{"0":{"start":{"line":16,"column":16},"end":{"line":16,"column":32}},"1":{"start":{"line":17,"column":17},"end":{"line":17,"column":28}},"2":{"start":{"line":18,"column":18},"end":{"line":18,"column":48}},"3":{"start":{"line":18,"column":38},"end":{"line":18,"column":47}},"4":{"start":{"line":19,"column":41},"end":{"line":19,"column":56}},"5":{"start":{"line":20,"column":38},"end":{"line":20,"column":59}},"6":{"start":{"line":22,"column":19},"end":{"line":22,"column":37}},"7":{"start":{"line":23,"column":18},"end":{"line":23,"column":65}},"8":{"start":{"line":23,"column":38},"end":{"line":23,"column":64}},"9":{"start":{"line":25,"column":2},"end":{"line":27,"column":17}},"10":{"start":{"line":26,"column":4},"end":{"line":26,"column":39}},"11":{"start":{"line":26,"column":18},"end":{"line":26,"column":39}},"12":{"start":{"line":29,"column":20},"end":{"line":33,"column":3}},"13":{"start":{"line":30,"column":4},"end":{"line":30,"column":24}},"14":{"start":{"line":31,"column":4},"end":{"line":31,"column":45}},"15":{"start":{"line":31,"column":18},"end":{"line":31,"column":45}},"16":{"start":{"line":32,"column":4},"end":{"line":32,"column":25}},"17":{"start":{"line":35,"column":25},"end":{"line":42,"column":3}},"18":{"start":{"line":36,"column":4},"end":{"line":41,"column":5}},"19":{"start":{"line":37,"column":31},"end":{"line":37,"column":53}},"20":{"start":{"line":38,"column":23},"end":{"line":38,"column":45}},"21":{"start":{"line":39,"column":23},"end":{"line":39,"column":43}},"22":{"start":{"line":40,"column":23},"end":{"line":40,"column":45}},"23":{"start":{"line":44,"column":24},"end":{"line":51,"column":3}},"24":{"start":{"line":45,"column":4},"end":{"line":50,"column":5}},"25":{"start":{"line":46,"column":31},"end":{"line":46,"column":65}},"26":{"start":{"line":47,"column":23},"end":{"line":47,"column":50}},"27":{"start":{"line":48,"column":23},"end":{"line":48,"column":50}},"28":{"start":{"line":49,"column":23},"end":{"line":49,"column":50}},"29":{"start":{"line":53,"column":21},"end":{"line":72,"column":3}},"30":{"start":{"line":54,"column":4},"end":{"line":71,"column":16}},"31":{"start":{"line":54,"column":30},"end":{"line":54,"column":57}},"32":{"start":{"line":74,"column":2},"end":{"line":95,"column":4}},"33":{"start":{"line":79,"column":32},"end":{"line":79,"column":39}},"34":{"start":{"line":89,"column":25},"end":{"line":89,"column":45}},"35":{"start":{"line":98,"column":15},"end":{"line":155,"column":2}}},"fnMap":{"0":{"name":"ChildWishlistScreen","decl":{"start":{"line":15,"column":24},"end":{"line":15,"column":43}},"loc":{"start":{"line":15,"column":46},"end":{"line":96,"column":1}},"line":15},"1":{"name":"(anonymous_1)","decl":{"start":{"line":18,"column":31},"end":{"line":18,"column":32}},"loc":{"start":{"line":18,"column":38},"end":{"line":18,"column":47}},"line":18},"2":{"name":"(anonymous_2)","decl":{"start":{"line":23,"column":31},"end":{"line":23,"column":32}},"loc":{"start":{"line":23,"column":38},"end":{"line":23,"column":64}},"line":23},"3":{"name":"(anonymous_3)","decl":{"start":{"line":25,"column":12},"end":{"line":25,"column":13}},"loc":{"start":{"line":25,"column":18},"end":{"line":27,"column":3}},"line":25},"4":{"name":"(anonymous_4)","decl":{"start":{"line":29,"column":20},"end":{"line":29,"column":21}},"loc":{"start":{"line":29,"column":32},"end":{"line":33,"column":3}},"line":29},"5":{"name":"(anonymous_5)","decl":{"start":{"line":35,"column":25},"end":{"line":35,"column":26}},"loc":{"start":{"line":35,"column":53},"end":{"line":42,"column":3}},"line":35},"6":{"name":"(anonymous_6)","decl":{"start":{"line":44,"column":24},"end":{"line":44,"column":25}},"loc":{"start":{"line":44,"column":52},"end":{"line":51,"column":3}},"line":44},"7":{"name":"(anonymous_7)","decl":{"start":{"line":53,"column":21},"end":{"line":53,"column":22}},"loc":{"start":{"line":54,"column":4},"end":{"line":71,"column":16}},"line":54},"8":{"name":"(anonymous_8)","decl":{"start":{"line":54,"column":24},"end":{"line":54,"column":25}},"loc":{"start":{"line":54,"column":30},"end":{"line":54,"column":57}},"line":54},"9":{"name":"(anonymous_9)","decl":{"start":{"line":79,"column":22},"end":{"line":79,"column":23}},"loc":{"start":{"line":79,"column":32},"end":{"line":79,"column":39}},"line":79},"10":{"name":"(anonymous_10)","decl":{"start":{"line":89,"column":19},"end":{"line":89,"column":20}},"loc":{"start":{"line":89,"column":25},"end":{"line":89,"column":45}},"line":89}},"branchMap":{"0":{"loc":{"start":{"line":26,"column":4},"end":{"line":26,"column":39}},"type":"if","locations":[{"start":{"line":26,"column":4},"end":{"line":26,"column":39}},{"start":{},"end":{}}],"line":26},"1":{"loc":{"start":{"line":31,"column":4},"end":{"line":31,"column":45}},"type":"if","locations":[{"start":{"line":31,"column":4},"end":{"line":31,"column":45}},{"start":{},"end":{}}],"line":31},"2":{"loc":{"start":{"line":36,"column":4},"end":{"line":41,"column":5}},"type":"switch","locations":[{"start":{"line":37,"column":6},"end":{"line":37,"column":53}},{"start":{"line":38,"column":6},"end":{"line":38,"column":45}},{"start":{"line":39,"column":6},"end":{"line":39,"column":43}},{"start":{"line":40,"column":6},"end":{"line":40,"column":45}}],"line":36},"3":{"loc":{"start":{"line":45,"column":4},"end":{"line":50,"column":5}},"type":"switch","locations":[{"start":{"line":46,"column":6},"end":{"line":46,"column":65}},{"start":{"line":47,"column":6},"end":{"line":47,"column":50}},{"start":{"line":48,"column":6},"end":{"line":48,"column":50}},{"start":{"line":49,"column":6},"end":{"line":49,"column":50}}],"line":45},"4":{"loc":{"start":{"line":60,"column":13},"end":{"line":62,"column":13}},"type":"binary-expr","locations":[{"start":{"line":60,"column":13},"end":{"line":60,"column":38}},{"start":{"line":61,"column":14},"end":{"line":61,"column":73}}],"line":60},"5":{"loc":{"start":{"line":83,"column":10},"end":{"line":83,"column":89}},"type":"cond-expr","locations":[{"start":{"line":83,"column":21},"end":{"line":83,"column":82}},{"start":{"line":83,"column":85},"end":{"line":83,"column":89}}],"line":83}},"s":{"0":3,"1":3,"2":3,"3":3,"4":3,"5":3,"6":3,"7":3,"8":9,"9":3,"10":3,"11":3,"12":3,"13":0,"14":0,"15":0,"16":0,"17":3,"18":12,"19":6,"20":6,"21":0,"22":0,"23":3,"24":6,"25":3,"26":3,"27":0,"28":0,"29":3,"30":6,"31":0,"32":3,"33":9,"34":0,"35":1},"f":{"0":3,"1":3,"2":9,"3":3,"4":0,"5":12,"6":6,"7":6,"8":0,"9":9,"10":0},"b":{"0":[3,0],"1":[0,0],"2":[6,6,0,0],"3":[3,3,0,0],"4":[6,3],"5":[3,0]},"_coverageSchema":"1a1c01bbd47fc00a2c39e90264f33305004495a9","hash":"389b25442fab569d9e0f47562ae4c90b53a874c1"}
,"/Users/fx024/Work/FamilyFun/app/(parent)/add-child.tsx": {"path":"/Users/fx024/Work/FamilyFun/app/(parent)/add-child.tsx","statementMap":{"0":{"start":{"line":12,"column":16},"end":{"line":12,"column":32}},"1":{"start":{"line":13,"column":17},"end":{"line":13,"column":28}},"2":{"start":{"line":14,"column":18},"end":{"line":14,"column":48}},"3":{"start":{"line":14,"column":38},"end":{"line":14,"column":47}},"4":{"start":{"line":15,"column":19},"end":{"line":15,"column":52}},"5":{"start":{"line":15,"column":41},"end":{"line":15,"column":51}},"6":{"start":{"line":17,"column":40},"end":{"line":17,"column":52}},"7":{"start":{"line":18,"column":34},"end":{"line":18,"column":46}},"8":{"start":{"line":19,"column":32},"end":{"line":19,"column":47}},"9":{"start":{"line":21,"column":20},"end":{"line":32,"column":3}},"10":{"start":{"line":22,"column":4},"end":{"line":22,"column":65}},"11":{"start":{"line":22,"column":58},"end":{"line":22,"column":65}},"12":{"start":{"line":23,"column":4},"end":{"line":23,"column":21}},"13":{"start":{"line":24,"column":4},"end":{"line":31,"column":5}},"14":{"start":{"line":25,"column":6},"end":{"line":25,"column":63}},"15":{"start":{"line":26,"column":6},"end":{"line":26,"column":20}},"16":{"start":{"line":28,"column":6},"end":{"line":28,"column":70}},"17":{"start":{"line":30,"column":6},"end":{"line":30,"column":24}},"18":{"start":{"line":34,"column":2},"end":{"line":58,"column":4}},"19":{"start":{"line":61,"column":15},"end":{"line":72,"column":2}}},"fnMap":{"0":{"name":"AddChildScreen","decl":{"start":{"line":11,"column":24},"end":{"line":11,"column":38}},"loc":{"start":{"line":11,"column":41},"end":{"line":59,"column":1}},"line":11},"1":{"name":"(anonymous_1)","decl":{"start":{"line":14,"column":31},"end":{"line":14,"column":32}},"loc":{"start":{"line":14,"column":38},"end":{"line":14,"column":47}},"line":14},"2":{"name":"(anonymous_2)","decl":{"start":{"line":15,"column":34},"end":{"line":15,"column":35}},"loc":{"start":{"line":15,"column":41},"end":{"line":15,"column":51}},"line":15},"3":{"name":"(anonymous_3)","decl":{"start":{"line":21,"column":20},"end":{"line":21,"column":21}},"loc":{"start":{"line":21,"column":32},"end":{"line":32,"column":3}},"line":21}},"branchMap":{"0":{"loc":{"start":{"line":22,"column":4},"end":{"line":22,"column":65}},"type":"if","locations":[{"start":{"line":22,"column":4},"end":{"line":22,"column":65}},{"start":{},"end":{}}],"line":22},"1":{"loc":{"start":{"line":22,"column":8},"end":{"line":22,"column":56}},"type":"binary-expr","locations":[{"start":{"line":22,"column":8},"end":{"line":22,"column":20}},{"start":{"line":22,"column":24},"end":{"line":22,"column":33}},{"start":{"line":22,"column":37},"end":{"line":22,"column":56}}],"line":22},"2":{"loc":{"start":{"line":28,"column":37},"end":{"line":28,"column":68}},"type":"binary-expr","locations":[{"start":{"line":28,"column":37},"end":{"line":28,"column":51}},{"start":{"line":28,"column":55},"end":{"line":28,"column":68}}],"line":28},"3":{"loc":{"start":{"line":54,"column":18},"end":{"line":54,"column":53}},"type":"binary-expr","locations":[{"start":{"line":54,"column":18},"end":{"line":54,"column":30}},{"start":{"line":54,"column":34},"end":{"line":54,"column":53}}],"line":54}},"s":{"0":14,"1":14,"2":14,"3":14,"4":14,"5":14,"6":14,"7":14,"8":14,"9":14,"10":2,"11":0,"12":2,"13":2,"14":2,"15":1,"16":1,"17":2,"18":14,"19":1},"f":{"0":14,"1":14,"2":14,"3":2},"b":{"0":[0,2],"1":[2,2,2],"2":[1,0],"3":[14,10]},"_coverageSchema":"1a1c01bbd47fc00a2c39e90264f33305004495a9","hash":"57586d2b6abcdafd4e3fd64184eebbc15db16c94"}
,"/Users/fx024/Work/FamilyFun/app/(parent)/family.tsx": {"path":"/Users/fx024/Work/FamilyFun/app/(parent)/family.tsx","statementMap":{"0":{"start":{"line":13,"column":16},"end":{"line":13,"column":32}},"1":{"start":{"line":14,"column":18},"end":{"line":14,"column":48}},"2":{"start":{"line":14,"column":38},"end":{"line":14,"column":47}},"3":{"start":{"line":15,"column":57},"end":{"line":15,"column":73}},"4":{"start":{"line":16,"column":17},"end":{"line":16,"column":28}},"5":{"start":{"line":17,"column":38},"end":{"line":17,"column":53}},"6":{"start":{"line":19,"column":19},"end":{"line":19,"column":37}},"7":{"start":{"line":21,"column":2},"end":{"line":26,"column":17}},"8":{"start":{"line":22,"column":4},"end":{"line":25,"column":5}},"9":{"start":{"line":23,"column":6},"end":{"line":23,"column":28}},"10":{"start":{"line":24,"column":6},"end":{"line":24,"column":29}},"11":{"start":{"line":28,"column":20},"end":{"line":34,"column":3}},"12":{"start":{"line":29,"column":4},"end":{"line":29,"column":24}},"13":{"start":{"line":30,"column":4},"end":{"line":32,"column":5}},"14":{"start":{"line":31,"column":6},"end":{"line":31,"column":73}},"15":{"start":{"line":33,"column":4},"end":{"line":33,"column":25}},"16":{"start":{"line":36,"column":2},"end":{"line":124,"column":4}},"17":{"start":{"line":63,"column":14},"end":{"line":63,"column":72}},"18":{"start":{"line":63,"column":62},"end":{"line":63,"column":72}},"19":{"start":{"line":64,"column":14},"end":{"line":64,"column":71}},"20":{"start":{"line":64,"column":62},"end":{"line":64,"column":71}},"21":{"start":{"line":65,"column":14},"end":{"line":65,"column":23}},"22":{"start":{"line":69,"column":16},"end":{"line":91,"column":23}},"23":{"start":{"line":94,"column":14},"end":{"line":103,"column":15}},"24":{"start":{"line":95,"column":16},"end":{"line":102,"column":18}},"25":{"start":{"line":98,"column":35},"end":{"line":98,"column":76}},"26":{"start":{"line":105,"column":14},"end":{"line":105,"column":26}},"27":{"start":{"line":118,"column":25},"end":{"line":118,"column":63}},"28":{"start":{"line":127,"column":15},"end":{"line":240,"column":2}}},"fnMap":{"0":{"name":"FamilyScreen","decl":{"start":{"line":12,"column":24},"end":{"line":12,"column":36}},"loc":{"start":{"line":12,"column":39},"end":{"line":125,"column":1}},"line":12},"1":{"name":"(anonymous_1)","decl":{"start":{"line":14,"column":31},"end":{"line":14,"column":32}},"loc":{"start":{"line":14,"column":38},"end":{"line":14,"column":47}},"line":14},"2":{"name":"(anonymous_2)","decl":{"start":{"line":21,"column":12},"end":{"line":21,"column":13}},"loc":{"start":{"line":21,"column":18},"end":{"line":26,"column":3}},"line":21},"3":{"name":"(anonymous_3)","decl":{"start":{"line":28,"column":20},"end":{"line":28,"column":21}},"loc":{"start":{"line":28,"column":32},"end":{"line":34,"column":3}},"line":28},"4":{"name":"(anonymous_4)","decl":{"start":{"line":62,"column":18},"end":{"line":62,"column":19}},"loc":{"start":{"line":62,"column":28},"end":{"line":66,"column":13}},"line":62},"5":{"name":"(anonymous_5)","decl":{"start":{"line":67,"column":17},"end":{"line":67,"column":18}},"loc":{"start":{"line":67,"column":29},"end":{"line":106,"column":13}},"line":67},"6":{"name":"(anonymous_6)","decl":{"start":{"line":98,"column":29},"end":{"line":98,"column":30}},"loc":{"start":{"line":98,"column":35},"end":{"line":98,"column":76}},"line":98},"7":{"name":"(anonymous_7)","decl":{"start":{"line":118,"column":19},"end":{"line":118,"column":20}},"loc":{"start":{"line":118,"column":25},"end":{"line":118,"column":63}},"line":118}},"branchMap":{"0":{"loc":{"start":{"line":22,"column":4},"end":{"line":25,"column":5}},"type":"if","locations":[{"start":{"line":22,"column":4},"end":{"line":25,"column":5}},{"start":{},"end":{}}],"line":22},"1":{"loc":{"start":{"line":30,"column":4},"end":{"line":32,"column":5}},"type":"if","locations":[{"start":{"line":30,"column":4},"end":{"line":32,"column":5}},{"start":{},"end":{}}],"line":30},"2":{"loc":{"start":{"line":44,"column":9},"end":{"line":49,"column":9}},"type":"binary-expr","locations":[{"start":{"line":44,"column":9},"end":{"line":44,"column":15}},{"start":{"line":45,"column
[...]
art":{"line":85,"column":32},"end":{"line":95,"column":3}},"line":85},"13":{"name":"(anonymous_13)","decl":{"start":{"line":92,"column":8},"end":{"line":92,"column":9}},"loc":{"start":{"line":92,"column":20},"end":{"line":94,"column":5}},"line":92},"14":{"name":"(anonymous_14)","decl":{"start":{"line":93,"column":32},"end":{"line":93,"column":33}},"loc":{"start":{"line":93,"column":39},"end":{"line":93,"column":54}},"line":93}},"branchMap":{"0":{"loc":{"start":{"line":30,"column":6},"end":{"line":30,"column":29}},"type":"if","locations":[{"start":{"line":30,"column":6},"end":{"line":30,"column":29}},{"start":{},"end":{}}],"line":30},"1":{"loc":{"start":{"line":31,"column":19},"end":{"line":31,"column":41}},"type":"binary-expr","locations":[{"start":{"line":31,"column":20},"end":{"line":31,"column":34}},{"start":{"line":31,"column":39},"end":{"line":31,"column":41}}],"line":31},"2":{"loc":{"start":{"line":39,"column":4},"end":{"line":39,"column":27}},"type":"if","locations":[{"start":{"line":39,"column":4},"end":{"line":39,"column":27}},{"start":{},"end":{}}],"line":39},"3":{"loc":{"start":{"line":48,"column":4},"end":{"line":48,"column":27}},"type":"if","locations":[{"start":{"line":48,"column":4},"end":{"line":48,"column":27}},{"start":{},"end":{}}],"line":48},"4":{"loc":{"start":{"line":52,"column":8},"end":{"line":52,"column":92}},"type":"cond-expr","locations":[{"start":{"line":52,"column":26},"end":{"line":52,"column":88}},{"start":{"line":52,"column":91},"end":{"line":52,"column":92}}],"line":52},"5":{"loc":{"start":{"line":62,"column":4},"end":{"line":62,"column":27}},"type":"if","locations":[{"start":{"line":62,"column":4},"end":{"line":62,"column":27}},{"start":{},"end":{}}],"line":62},"6":{"loc":{"start":{"line":66,"column":8},"end":{"line":66,"column":67}},"type":"cond-expr","locations":[{"start":{"line":66,"column":26},"end":{"line":66,"column":63}},{"start":{"line":66,"column":66},"end":{"line":66,"column":67}}],"line":66},"7":{"loc":{"start":{"line":76,"column":4},"end":{"line":76,"column":27}},"type":"if","locations":[{"start":{"line":76,"column":4},"end":{"line":76,"column":27}},{"start":{},"end":{}}],"line":76},"8":{"loc":{"start":{"line":80,"column":8},"end":{"line":80,"column":67}},"type":"cond-expr","locations":[{"start":{"line":80,"column":26},"end":{"line":80,"column":63}},{"start":{"line":80,"column":66},"end":{"line":80,"column":67}}],"line":80},"9":{"loc":{"start":{"line":90,"column":4},"end":{"line":90,"column":27}},"type":"if","locations":[{"start":{"line":90,"column":4},"end":{"line":90,"column":27}},{"start":{},"end":{}}],"line":90}},"s":{"0":1,"1":1,"2":3,"3":3,"4":3,"5":3,"6":1,"7":2,"8":3,"9":1,"10":1,"11":0,"12":1,"13":1,"14":1,"15":0,"16":1,"17":1,"18":1,"19":1,"20":1,"21":0,"22":1,"23":1,"24":1,"25":1,"26":1,"27":0,"28":1,"29":1,"30":1,"31":2,"32":2,"33":1,"34":1,"35":1,"36":2},"f":{"0":1,"1":3,"2":1,"3":1,"4":1,"5":1,"6":1,"7":1,"8":1,"9":1,"10":1,"11":1,"12":2,"13":1,"14":2},"b":{"0":[1,2],"1":[2,0],"2":[0,1],"3":[0,1],"4":[1,0],"5":[0,1],"6":[1,0],"7":[0,1],"8":[1,0],"9":[1,1]},"_coverageSchema":"1a1c01bbd47fc00a2c39e90264f33305004495a9","hash":"9a547cbfacafcbdbc2a565f6a92685043c410012"}
,"/Users/fx024/Work/FamilyFun/stores/missionsStore.ts": {"path":"/Users/fx024/Work/FamilyFun/stores/missionsStore.ts","statementMap":{"0":{"start":{"line":22,"column":32},"end":{"line":214,"column":3}},"1":{"start":{"line":22,"column":69},"end":{"line":214,"column":1}},"2":{"start":{"line":28,"column":4},"end":{"line":28,"column":27}},"3":{"start":{"line":29,"column":4},"end":{"line":41,"column":5}},"4":{"start":{"line":30,"column":30},"end":{"line":35,"column":50}},"5":{"start":{"line":37,"column":6},"end":{"line":37,"column":29}},"6":{"start":{"line":37,"column":17},"end":{"line":37,"column":29}},"7":{"start":{"line":38,"column":6},"end":{"line":38,"column":51}},"8":{"start":{"line":40,"column":6},"end":{"line":40,"column":30}},"9":{"start":{"line":45,"column":28},"end":{"line":45,"column":106}},"10":{"start":{"line":46,"column":4},"end":{"line":46,"column":27}},"11":{"start":{"line":46,"column":15},"end":{"line":46,"column":27}},"12":{"start":{"line":47,"column":4},"end":{"line":47,"column":49}},"13":{"start":{"line":48,"column":4},"end":{"line":48,"column":29}},"14":{"start":{"line":52,"column":22},"end":{"line":54,"column":26}},"15":{"start":{"line":55,"column":4},"end":{"line":55,"column":27}},"16":{"start":{"line":55,"column":15},"end":{"line":55,"column":27}},"17":{"start":{"line":57,"column":4},"end":{"line":61,"column":8}},"18":{"start":{"line":57,"column":20},"end":{"line":61,"column":5}},"19":{"start":{"line":59,"column":8},"end":{"line":59,"column":53}},"20":{"start":{"line":65,"column":22},"end":{"line":68,"column":26}},"21":{"start":{"line":69,"column":4},"end":{"line":69,"column":27}},"22":{"start":{"line":69,"column":15},"end":{"line":69,"column":27}},"23":{"start":{"line":71,"column":4},"end":{"line":73,"column":8}},"24":{"start":{"line":71,"column":20},"end":{"line":73,"column":5}},"25":{"start":{"line":72,"column":45},"end":{"line":72,"column":63}},"26":{"start":{"line":77,"column":28},"end":{"line":81,"column":48}},"27":{"start":{"line":83,"column":4},"end":{"line":83,"column":27}},"28":{"start":{"line":83,"column":15},"end":{"line":83,"column":27}},"29":{"start":{"line":84,"column":4},"end":{"line":84,"column":62}},"30":{"start":{"line":88,"column":22},"end":{"line":93,"column":6}},"31":{"start":{"line":94,"column":4},"end":{"line":94,"column":27}},"32":{"start":{"line":94,"column":15},"end":{"line":94,"column":27}},"33":{"start":{"line":95,"column":4},"end":{"line":95,"column":43}},"34":{"start":{"line":98,"column":20},"end":{"line":98,"column":66}},"35":{"start":{"line":98,"column":47},"end":{"line":98,"column":65}},"36":{"start":{"line":99,"column":4},"end":{"line":128,"column":5}},"37":{"start":{"line":100,"column":6},"end":{"line":127,"column":7}},"38":{"start":{"line":102,"column":8},"end":{"line":109,"column":27}},"39":{"start":{"line":112,"column":39},"end":{"line":116,"column":19}},"40":{"start":{"line":118,"column":8},"end":{"line":126,"column":9}},"41":{"start":{"line":119,"column":10},"end":{"line":125,"column":29}},"42":{"start":{"line":132,"column":22},"end":{"line":137,"column":6}},"43":{"start":{"line":138,"column":4},"end":{"line":138,"column":27}},"44":{"start":{"line":138,"column":15},"end":{"line":138,"column":27}},"45":{"start":{"line":139,"column":4},"end":{"line":139,"column":43}},"46":{"start":{"line":143,"column":28},"end":{"line":149,"column":15}},"47":{"start":{"line":150,"column":4},"end":{"line":150,"column":27}},"48":{"start":{"line":150,"column":15},"end":{"line":150,"column":27}},"49":{"start":{"line":151,"column":4},"end":{"line":151,"column":102}},"50":{"start":{"line":151,"column":36},"end":{"line":151,"column":102}},"51":{"start":{"line":152,"column":4},"end":{"line":152,"column":43}},"52":{"start":{"line":155,"column":23},"end":{"line":155,"column":75}},"53":{"start":{"line":155,"column":53},"end":{"line":155,"column":74}},"54":{"start":{"line":156,"column":4},"end":{"line":173,"column":5}},"55":{"start":{"line":157,"column":22},"end":{"line":157,"column":80}},"56":{"start":{"line":157,"column":49},"end":{"line":157,"column":79}},"57":{"start":{"line":158,"column":37},"end":{"line":162,"column":17}},"58":{"start":{"line":164,"column":6},"end":{"line":172,"column":7}},"59":{"start":{"line":165,"column":8},"end":{"line":171,"column":27}},"60":{"start":{"line":177,"column":22},"end":{"line":184,"column":29}},"61":{"start":{"line":185,"column":4},"end":{"line":185,"column":27}},"62":{"start":{"line":185,"column":15},"end":{"line":185,"column":27}},"63":{"start":{"line":188,"column":23},"end":{"line":188,"column":75}},"64":{"start":{"line":188,"column":53},"end":{"line":188,"column":74}},"65":{"start":{"line":189,"column":4},"end":{"line":191,"column":5}},"66":{"start":{"line":190,"column":6},"end":{"line":190,"column":57}},"67":{"start":{"line":194,"column":4},"end":{"line":212,"column":5}},"68":{"start":{"line":195,"column":22},"end":{"line":195,"column":80}},"69":{"start":{"line":195,"column":49},"end":{"line":195,"column":79}},"70":{"start":{"line":196,"column":6},"end":{"line":211,"column":7}},"71":{"start":{"line":197,"column":26},"end":{"line":197,"column":90}},"72":{"start":{"line":198,"column":22},"end":{"line":198,"column":83}},"73":{"start":{"line":199,"column":21},"end":{"line":201,"column":57}},"74":{"start":{"line":203,"column":8},"end":{"line":210,"column":27}}},"fnMap":{"0":{"name":"(anonymous_0)","decl":{"start":{"line":22,"column":54},"end":{"line":22,"column":55}},"loc":{"start":{"line":22,"column":69},"end":{"line":214,"column":1}},"line":22},"1":{"name":"(anonymous_1)","decl":{"start":{"line":27,"column":17},"end":{"line":27,"column":18}},"loc":{"start":{"line":27,"column":45},"end":{"line":42,"column":3}},"line":27},"2":{"name":"(anonymous_2)","decl":{"start":{"line":44,"column":17},"end":{"line":44,"column":18}},"loc":{"start":{"line":44,"column":36},"end":{"line":49,"column":3}},"line":44},"3":{"name":"(anonymous_3)","decl":{"start":{"line":51,"column":17},"end":{"line":51,"column":18}},"loc":{"start":{"line":51,"column":47},"end":{"line":62,"column":3}},"line":51},"4":{"name":"(anonymous_4)","decl":{"start":{"line":57,"column":8},"end":{"line":57,"column":9}},"loc":{"start":{"line":57,"column":20},"end":{"line":61,"column":5}},"line":57},"5":{"name":"(anonymous_5)","decl":{"start":{"line":58,"column":35},"end":{"line":58,"column":36}},"loc":{"start":{"line":59,"column":8},"end":{"line":59,"column":53}},"line":59},"6":{"name":"(anonymous_6)","decl":{"start":{"line":64,"column":18},"end":{"line":64,"column":19}},"loc":{"start":{"line":64,"column":47},"end":{"line":74,"column":3}},"line":64},"7":{"name":"(anonymous_7)","decl":{"start":{"line":71,"column":8},"end":{"line":71,"column":9}},"loc":{"start":{"line":71,"column":20},"end":{"line":73,"column":5}},"line":71},"8":{"name":"(anonymous_8)","decl":{"start":{"line":72,"column":38},"end":{"line":72,"column":39}},"loc":{"start":{"line":72,"column":45},"end":{"line":72,"column":63}},"line":72},"9":{"name":"(anonymous_9)","decl":{"start":{"line":76,"column":20},"end":{"line":76,"column":21}},"loc":{"start":{"line":76,"column":48},"end":{"line":85,"column":3}},"line":76},"10":{"name":"(anonymous_10)","decl":{"start":{"line":87,"column":16},"end":{"line":87,"column":17}},"loc":{"start":{"line":87,"column":74},"end":{"line":129,"column":3}},"line":87},"11":{"name":"(anonymous_11)","decl":{"start":{"line":98,"column":40},"end":{"line":98,"column":41}},"loc":{"start":{"line":98,"column":47},"end":{"line":98,"column":65}},"line":98},"12":{"name":"(anonymous_12)","decl":{"start":{"line":109,"column":16},"end":{"line":109,"column":17}},"loc":{"start":{"line":109,"column":22},"end":{"line":109,"column":25}},"line":109},"13":{"name":"(anonymous_13)","decl":{"start":{"line":125,"column":18},"end":{"line":125,"column":19}},"loc":{"start":{"line":125,"column":24},"end":{"line":125,"column":27}},"line":125},"14":{"name":"(anonymous_14)","decl":{"start":{"line":131,"column":17},"end":{"line":131,"column":18}},"loc":{"start":{"line":131,"column":63},"end":{"line":140,"column":3}},"line":131},"15":{"name":"(anonymous_15)","decl":{"start":{"line":142,"column":17},"end":{"line":142,"column":18}},"loc":{"start":{"line":142,"column":57},"end":{"line":174,"column":3}},"line":142},"16":{"name":"(anonymous_16)","decl":{"start":{"line":155,"column":46},"end":{"line":155,"column":47}},"loc":{"start":{"line":155,"column":53},"end":{"line":155,"column":74}},"line":155},"17":{"name":"(anonymous_17)","decl":{"start":{"line":157,"column":42},"end":{"line":157,"column":43}},"loc":{"start":{"line":157,"column":49},"end":{"line":157,"column":79}},"line":157},"18":{"name":"(anonymous_18)","decl":{"start":{"line":171,"column":16},"end":{"line":171,"column":17}},"loc":{"start":{"line":171,"column":22},"end":{"line":171,"column":25}},"line":171},"19":{"name":"(anonymous_19)","decl":{"start":{"line":176,"column":22},"end":{"line":176,"column":23}},"loc":{"start":{"line":176,"column":67},"end":{"line":213,"column":3}},"line":176},"20":{"name":"(anonymous_20)","decl":{"start":{"line":188,"column":46},"end":{"line":188,"column":47}},"loc":{"start":{"line":188,"column":53},"end":{"line":188,"column":74}},"line":188},"21":{"name":"(anonymous_21)","decl":{"start":{"line":195,"column":42},"end":{"line":195,"column":43}},"loc":{"start":{"line":195,"column":49},"end":{"line":195,"column":79}},"line":195},"22":{"name":"(anonymous_22)","decl":{"start":{"line":210,"column":16},"end":{"line":210,"column":17}},"loc":{"start":{"line":210,"column":22},"end":{"line":210,"column":25}},"line":210}},"branchMap":{"0":{"loc":{"start":{"line":37,"column":6},"end":{"line":37,"column":29}},"type":"if","locations":[{"start":{"line":37,"column":6},"end":{"line":37,"column":29}},{"start":{},"end":{}}],"line":37},"1":{"loc":{"start":{"line":38,"column":22},"end":{"line":38,"column":47}},"type":"binary-expr","locations":[{"start":{"line":38,"column":23},"end":{"line":38,"column":40}},{"start":{"line":38,"column":45},"end":{"line":38,"column":47}}],"line":38},"2":{"loc":{"start":{"line":46,"column":4},"end":{"line":46,"column":27}},"type":"if","locations":[{"start":{"line":46,"column":4},"end":{"line":46,"column":27}},{"start":{},"end":{}}],"line":46},"3":{"loc":{"start":{"line":55,"column":4},"end":{"line":55,"column":27}},"type":"if","locations":[{"start":{"line":55,"column":4},"end":{"line":55,"column":27}},{"start":{},"end":{}}],"line":55},"4":{"loc":{"start":{"line":59,"column":8},"end":{"line":59,"column":53}},"type":"cond-expr","locations":[{"start":{"line":59,"column":29},"end":{"line":59,"column":49}},{"start":{"line":59,"column":52},"end":{"line":59,"column":53}}],"line":59},"5":{"loc":{"start":{"line":69,"column":4},"end":{"line":69,"column":27}},"type":"if","locations":[{"start":{"line":69,"column":4},"end":{"line":69,"column":27}},{"start":{},"end":{}}],"line":69},"6":{"loc":{"start":{"line":83,"column":4},"end":{"line":83,"column":27}},"type":"if","locations":[{"start":{"line":83,"column":4},"end":{"line":83,"column":27}},{"start":{},"end":{}}],"line":83},"7":{"loc":{"start":{"line":84,"column":23},"end":{"line":84,"column":58}},"type":"binary-expr","locations":[{"start":{"line":84,"column":24},"end":{"line":84,"column":51}},{"start":{"line":84,"column":56},"end":{"line":84,"column":58}}],"line":84},"8":{"loc":{"start":{"line":94,"column":4},"end":{"line":94,"column":27}},"type":"if","locations":[{"start":{"line":94,"column":4},"end":{"line":94,"column":27}},{"start":{},"end":{}}],"line":94},"9":{"loc":{"start":{"line":99,"column":4},"end":{"line":128,"column":5}},"type":"if","locations":[{"start":{"line":99,"column":4},"end":{"line":128,"column":5}},{"start":{},"end":{}}],"line":99},"10":{"loc":{"start":{"line":100,"column":6},"end":{"line":127,"column":7}},"type":"if","locations":[{"start":{"line":100,"column":6},"end":{"line":127,"column":7}},{"start":{"line":110,"column":13},"end":{"line":127,"column":7}}],"line":100},"11":{"loc":{"start":{"line":118,"column":8},"end":{"line":126,"column":9}},"type":"if","locations":[{"start":{"line":118,"column":8},"end":{"line":126,"column":9}},{"start":{},"end":{}}],"line":118},"12":{"loc":{"start":{"line":136,"column":12},"end":{"line":136,"column":24}},"type":"binary-expr","locations":[{"start":{"line":136,"column":12},"end":{"line":136,"column":16}},{"start":{"line":136,"column":20},"end":{"line":136,"column":24}}],"line":136},"13":{"loc":{"start":{"line":138,"column":4},"end":{"line":138,"column":27}},"type":"if","locations":[{"start":{"line":138,"column":4},"end":{"line":138,"column":27}},{"start":{},"end":{}}],"line":138},"14":{"loc":{"start":{"line":146,"column":14},"end":{"line":146,"column":26}},"type":"binary-expr","locations":[{"start":{"line":146,"column":14},"end":{"line":146,"column":18}},{"start":{"line":146,"column":22},"end":{"line":146,"column":26}}],"line":146},"15":{"loc":{"start":{"line":150,"column":4},"end":{"line":150,"column":27}},"type":"if","locations":[{"start":{"line":150,"column":4},"end":{"line":150,"column":27}},{"start":{},"end":{}}],"line":150},"16":{"loc":{"start":{"line":151,"column":4},"end":{"line":151,"column":102}},"type":"if","locations":[{"start":{"line":151,"column":4},"end":{"line":151,"column":102}},{"start":{},"end":{}}],"line":151},"17":{"loc":{"start":{"line":151,"column":8},"end":{"line":151,"column":34}},"type":"binary-expr","locations":[{"start":{"line":151,"column":8},"end":{"line":151,"column":13}},{"start":{"line":151,"column":17},"end":{"line":151,"column":34}}],"line":151},"18":{"loc":{"start":{"line":156,"column":4},"end":{"line":173,"column":5}},"type":"if","locations":[{"start":{"line":156,"column":4},"end":{"line":173,"column":5}},{"start":{},"end":{}}],"line":156},"19":{"loc":{"start":{"line":164,"column":6},"end":{"line":172,"column":7}},"type":"if","locations":[{"start":{"line":164,"column":6},"end":{"line":172,"column":7}},{"start":{},"end":{}}],"line":164},"20":{"loc":{"start":{"line":164,"column":10},"end":{"line":164,"column":33}},"type":"binary-expr","locations":[{"start":{"line":164,"column":10},"end":{"line":164,"column":17}},{"start":{"line":164,"column":21},"end":{"line":164,"column":33}}],"line":164},"21":{"loc":{"start":{"line":185,"column":4},"end":{"line":185,"column":27}},"type":"if","locations":[{"start":{"line":185,"column":4},"end":{"line":185,"column":27}},{"start":{},"end":{}}],"line":185},"22":{"loc":{"start":{"line":189,"column":4},"end":{"line":191,"column":5}},"type":"if","locations":[{"start":{"line":189,"column":4},"end":{"line":191,"column":5}},{"start":{},"end":{}}],"line":189},"23":{"loc":{"start":{"line":194,"column":4},"end":{"line":212,"column":5}},"type":"if","locations":[{"start":{"line":194,"column":4},"end":{"line":212,"column":5}},{"start":{},"end":{}}],"line":194},"24":{"loc":{"start":{"line":196,"column":6},"end":{"line":211,"column":7}},"type":"if","locations":[{"start":{"line":196,"column":6},"end":{"line":211,"column":7}},{"start":{},"end":{}}],"line":196},"25":{"loc":{"start":{"line":197,"column":26},"end":{"line":197,"column":90}},"type":"cond-expr","locations":[{"start":{"line":197,"column":50},"end":{"line":197,"column":69}},{"start":{"line":197,"column":72},"end":{"line":197,"column":90}}],"line":197},"26":{"loc":{"start":{"line":198,"column":22},"end":{"line":198,"column":83}},"type":"cond-expr","locations":[{"start":{"line":198,"column":46},"end":{"line":198,"column":63}},{"start":{"line":198,"column":66},"end":{"line":198,"column":83}}],"line":198},"27":{"loc":{"start":{"line":199,"column":21},"end":{"line":201,"column":57}},"type":"cond-expr","locations":[{"start":{"line":200,"column":12},"end":{"line":200,"column":105}},{"start":{"line":201,"column":12},"end":{"line":201,"column":57}}],"line":199}},"s":{"0":1,"1":1,"2":2,"3":2,"4":2,"5":2,"6":0,"7":2,"8":2,"9":1,"10":1,"11":0,"12":1,"13":1,"14":1,"15":1,"16":0,"17":1,"18":1,"19":1,"20":1,"21":1,"22":0,"23":1,"24":1,"25":2,"26":6,"27":6,"28":0,"29":6,"30":2,"31":2,"32":0,"33":2,"34":2,"35":2,"36":2,"37":2,"38":1,"39":1,"40":1,"41":1,"42":1,"43":1,"44":0,"45":1,"46":2,"47":2,"48":0,"49":2,"50":1,"51":1,"52":1,"53":1,"54":1,"55":1,"56":1,"57":1,"58":1,"59":1,"60":1,"61":1,"62":0,"63":1,"64":1,"65":1,"66":1,"67":1,"68":1,"69":1,"70":1,"71":1,"72":1,"73":1,"74":1},"f":{"0":1,"1":2,"2":1,"3":1,"4":1,"5":1,"6":1,"7":1,"8":2,"9":6,"10":2,"11":2,"12":0,"13":0,"14":1,"15":2,"16":1,"17":1,"18":0,"19":1,"20":1,"21":1,"22":0},"b":{"0":[0,2],"1":[2,0],"2":[0,1],"3":[0,1],"4":[1,0],"5":[0,1],"6":[0,6],"7":[6,0],"8":[0,2],"9":[2,0],"10":[1,1],"11":[1,0],"12":[1,0],"13":[0,1],"14":[2,1],"15":[0,2],"16":[1,1],"17":[2,2],"18":[1,0],"19":[1,0],"20":[1,1],"21":[0,1],"22":[1,0],"23":[1,0],"24":[1,0],"25":[1,0],"26":[1,0],"27":[1,0]},"_coverageSchema":"1a1c01bbd47fc00a2c39e90264f33305004495a9","hash":"3da171ed74c715173e75aaa4c90f3a6aa3e03ce9"}
}
