TN:
SF:app/(parent)/gifts/[id].tsx
FN:15,ParentGiftDetailScreen
FN:19,(anonymous_1)
FN:26,(anonymous_2)
FN:27,(anonymous_3)
FN:31,(anonymous_4)
FN:44,(anonymous_5)
FN:56,(anonymous_6)
FN:62,(anonymous_7)
FN:79,(anonymous_8)
FNF:9
FNH:8
FNDA:24,ParentGiftDetailScreen
FNDA:24,(anonymous_1)
FNDA:23,(anonymous_2)
FNDA:23,(anonymous_3)
FNDA:2,(anonymous_4)
FNDA:2,(anonymous_5)
FNDA:3,(anonymous_6)
FNDA:2,(anonymous_7)
FNDA:0,(anonymous_8)
DA:16,24
DA:17,24
DA:18,24
DA:19,24
DA:20,24
DA:21,24
DA:23,24
DA:24,24
DA:26,24
DA:27,24
DA:29,24
DA:31,23
DA:32,2
DA:33,2
DA:34,2
DA:35,2
DA:36,1
DA:38,1
DA:40,2
DA:44,23
DA:45,2
DA:46,2
DA:47,2
DA:48,1
DA:50,1
DA:52,2
DA:56,23
DA:57,3
DA:63,2
DA:64,2
DA:65,1
DA:67,1
DA:74,23
DA:79,0
DA:137,1
LF:35
LH:34
BRDA:27,0,0,23
BRDA:27,0,1,1
BRDA:29,1,0,1
BRDA:29,1,1,23
BRDA:32,2,0,0
BRDA:32,2,1,2
BRDA:32,3,0,2
BRDA:32,3,1,2
BRDA:85,4,0,23
BRDA:85,4,1,22
BRDA:86,5,0,23
BRDA:86,5,1,22
BRDA:91,6,0,23
BRDA:91,6,1,22
BRDA:118,7,0,23
BRDA:118,7,1,1
BRF:16
BRH:15
end_of_record
TN:
SF:app/(parent)/gifts/edit.tsx
FN:10,EditGiftScreen
FN:16,(anonymous_1)
FN:27,(anonymous_2)
FNF:3
FNH:3
FNDA:26,EditGiftScreen
FNDA:25,(anonymous_1)
FNDA:4,(anonymous_2)
DA:11,26
DA:12,26
DA:13,26
DA:14,26
DA:16,26
DA:18,26
DA:19,26
DA:20,26
DA:21,26
DA:22,26
DA:23,26
DA:25,26
DA:27,25
DA:28,4
DA:29,4
DA:30,4
DA:31,4
DA:38,3
DA:40,1
DA:42,4
DA:46,25
DA:97,1
LF:22
LH:22
BRDA:18,0,0,26
BRDA:18,0,1,1
BRDA:19,1,0,26
BRDA:19,1,1,2
BRDA:20,2,0,26
BRDA:20,2,1,2
BRDA:21,3,0,26
BRDA:21,3,1,2
BRDA:22,4,0,24
BRDA:22,4,1,2
BRDA:25,5,0,1
BRDA:25,5,1,25
BRDA:28,6,0,0
BRDA:28,6,1,4
BRDA:33,7,0,4
BRDA:33,7,1,1
BRDA:34,8,0,4
BRDA:34,8,1,1
BRDA:35,9,0,4
BRDA:35,9,1,1
BRDA:36,10,0,3
BRDA:36,10,1,1
BRF:22
BRH:21
end_of_record
TN:
SF:app/(parent)/missions/[id].tsx
FN:15,ParentMissionDetailScreen
FN:19,(anonymous_1)
FN:22,(anonymous_2)
FN:26,(anonymous_3)
FN:27,(anonymous_4)
FN:28,(anonymous_5)
FN:30,(anonymous_6)
FN:32,(anonymous_7)
FN:33,(anonymous_8)
FN:34,(anonymous_9)
FN:36,(anonymous_10)
FN:37,(anonymous_11)
FN:39,(anonymous_12)
FN:49,(anonymous_13)
FN:61,(anonymous_14)
FN:70,(anonymous_15)
FN:75,(anonymous_16)
FN:84,(anonymous_17)
FN:100,(anonymous_18)
FN:108,(anonymous_19)
FN:114,(anonymous_20)
FN:141,(anonymous_21)
FN:153,(anonymous_22)
FN:162,(anonymous_23)
FN:166,(anonymous_24)
FN:176,(anonymous_25)
FN:180,(anonymous_26)
FNF:27
FNH:26
FNDA:28,ParentMissionDetailScreen
FNDA:28,(anonymous_1)
FNDA:28,(anonymous_2)
FNDA:27,(anonymous_3)
FNDA:29,(anonymous_4)
FNDA:29,(anonymous_5)
FNDA:84,(anonymous_6)
FNDA:29,(anonymous_7)
FNDA:27,(anonymous_8)
FNDA:56,(anonymous_9)
FNDA:28,(anonymous_10)
FNDA:31,(anonymous_11)
FNDA:3,(anonymous_12)
FNDA:2,(anonymous_13)
FNDA:3,(anonymous_14)
FNDA:2,(anonymous_15)
FNDA:1,(anonymous_16)
FNDA:28,(anonymous_17)
FNDA:2,(anonymous_18)
FNDA:2,(anonymous_19)
FNDA:1,(anonymous_20)
FNDA:0,(anonymous_21)
FNDA:51,(anonymous_22)
FNDA:29,(anonymous_23)
FNDA:2,(anonymous_24)
FNDA:29,(anonymous_25)
FNDA:1,(anonymous_26)
DA:16,28
DA:17,28
DA:18,28
DA:19,28
DA:20,28
DA:21,28
DA:22,28
DA:24,28
DA:26,28
DA:27,29
DA:28,29
DA:30,84
DA:31,28
DA:32,29
DA:33,27
DA:34,56
DA:36,28
DA:37,31
DA:39,28
DA:40,3
DA:41,3
DA:42,3
DA:43,2
DA:45,1
DA:49,28
DA:50,2
DA:51,2
DA:52,2
DA:53,2
DA:55,1
DA:57,2
DA:61,28
DA:62,3
DA:63,3
DA:64,3
DA:66,1
DA:70,28
DA:71,2
DA:76,1
DA:82,28
DA:84,27
DA:85,28
DA:100,2
DA:108,2
DA:114,1
DA:132,27
DA:141,0
DA:153,51
DA:163,29
DA:166,2
DA:177,29
DA:180,1
DA:200,1
LF:53
LH:52
BRDA:32,0,0,29
BRDA:32,0,1,25
BRDA:37,1,0,28
BRDA:37,1,1,1
BRDA:40,2,0,0
BRDA:40,2,1,3
BRDA:43,3,0,2
BRDA:43,3,1,0
BRDA:50,4,0,0
BRDA:50,4,1,2
BRDA:50,5,0,2
BRDA:50,5,1,2
BRDA:62,6,0,0
BRDA:62,6,1,3
BRDA:62,7,0,3
BRDA:62,7,1,3
BRDA:62,7,2,3
BRDA:76,8,0,1
BRDA:76,8,1,0
BRDA:82,9,0,1
BRDA:82,9,1,27
BRDA:92,10,0,28
BRDA:92,10,1,26
BRDA:93,11,0,4
BRDA:93,11,1,24
BRDA:104,12,0,22
BRDA:104,12,1,2
BRDA:123,13,0,1
BRDA:123,13,1,1
BRDA:126,14,0,1
BRDA:126,14,1,1
BRDA:138,15,0,27
BRDA:138,15,1,26
BRDA:158,16,0,27
BRDA:158,16,1,26
BRF:35
BRH:30
end_of_record
TN:
SF:stores/giftsStore.ts
FN:18,(anonymous_0)
FN:22,(anonymous_1)
FN:38,(anonymous_2)
FN:44,(anonymous_3)
FN:51,(anonymous_4)
FN:52,(anonymous_5)
FN:58,(anonymous_6)
FN:65,(anonymous_7)
FN:66,(anonymous_8)
FN:72,(anonymous_9)
FN:79,(anonymous_10)
FN:80,(anonymous_11)
FN:86,(anonymous_12)
FN:92,(anonymous_13)
FN:93,(anonymous_14)
FN:99,(anonymous_15)
FN:106,(anonymous_16)
FN:107,(anonymous_17)
FNF:18
FNH:18
FNDA:1,(anonymous_0)
FNDA:3,(anonymous_1)
FNDA:1,(anonymous_2)
FNDA:1,(anonymous_3)
FNDA:1,(anonymous_4)
FNDA:1,(anonymous_5)
FNDA:1,(anonymous_6)
FNDA:1,(anonymous_7)
FNDA:1,(anonymous_8)
FNDA:1,(anonymous_9)
FNDA:1,(anonymous_10)
FNDA:1,(anonymous_11)
FNDA:3,(anonymous_12)
FNDA:2,(anonymous_13)
FNDA:3,(anonymous_14)
FNDA:2,(anonymous_15)
FNDA:1,(anonymous_16)
FNDA:2,(anonymous_17)
DA:18,1
DA:23,3
DA:24,3
DA:25,3
DA:31,3
DA:32,2
DA:34,3
DA:39,1
DA:40,1
DA:41,1
DA:45,1
DA:49,1
DA:51,1
DA:53,1
DA:59,1
DA:63,1
DA:65,1
DA:67,1
DA:73,1
DA:77,1
DA:79,1
DA:81,1
DA:87,3
DA:90,3
DA:92,2
DA:94,3
DA:100,2
DA:104,2
DA:106,1
DA:107,2
LF:30
LH:30
BRDA:31,0,0,1
BRDA:31,0,1,2
BRDA:32,1,0,2
BRDA:32,1,1,0
BRDA:40,2,0,0
BRDA:40,2,1,1
BRDA:49,3,0,0
BRDA:49,3,1,1
BRDA:53,4,0,1
BRDA:53,4,1,0
BRDA:63,5,0,0
BRDA:63,5,1,1
BRDA:67,6,0,1
BRDA:67,6,1,0
BRDA:77,7,0,0
BRDA:77,7,1,1
BRDA:81,8,0,1
BRDA:81,8,1,0
BRDA:90,9,0,1
BRDA:90,9,1,2
BRDA:94,10,0,2
BRDA:94,10,1,1
BRDA:104,11,0,1
BRDA:104,11,1,1
BRF:24
BRH:16
end_of_record
TN:
SF:stores/missionsStore.ts
FN:23,(anonymous_0)
FN:28,(anonymous_1)
FN:45,(anonymous_2)
FN:52,(anonymous_3)
FN:58,(anonymous_4)
FN:59,(anonymous_5)
FN:65,(anonymous_6)
FN:72,(anonymous_7)
FN:73,(anonymous_8)
FN:77,(anonymous_9)
FN:88,(anonymous_10)
FN:99,(anonymous_11)
FN:110,(anonymous_12)
FN:126,(anonymous_13)
FN:132,(anonymous_14)
FN:143,(anonymous_15)
FN:156,(anonymous_16)
FN:158,(anonymous_17)
FN:172,(anonymous_18)
FN:177,(anonymous_19)
FN:189,(anonymous_20)
FN:196,(anonymous_21)
FN:211,(anonymous_22)
FN:216,(anonymous_23)
FN:233,(anonymous_24)
FN:242,(anonymous_25)
FNF:26
FNH:21
FNDA:1,(anonymous_0)
FNDA:2,(anonymous_1)
FNDA:1,(anonymous_2)
FNDA:1,(anonymous_3)
FNDA:1,(anonymous_4)
FNDA:1,(anonymous_5)
FNDA:1,(anonymous_6)
FNDA:1,(anonymous_7)
FNDA:2,(anonymous_8)
FNDA:8,(anonymous_9)
FNDA:2,(anonymous_10)
FNDA:2,(anonymous_11)
FNDA:0,(anonymous_12)
FNDA:0,(anonymous_13)
FNDA:1,(anonymous_14)
FNDA:2,(anonymous_15)
FNDA:1,(anonymous_16)
FNDA:1,(anonymous_17)
FNDA:0,(anonymous_18)
FNDA:1,(anonymous_19)
FNDA:1,(anonymous_20)
FNDA:1,(anonymous_21)
FNDA:0,(anonymous_22)
FNDA:3,(anonymous_23)
FNDA:2,(anonymous_24)
FNDA:0,(anonymous_25)
DA:23,1
DA:29,2
DA:30,2
DA:31,2
DA:38,2
DA:39,2
DA:41,2
DA:46,1
DA:47,1
DA:48,1
DA:49,1
DA:53,1
DA:56,1
DA:58,1
DA:60,1
DA:66,1
DA:70,1
DA:72,1
DA:73,2
DA:78,8
DA:84,8
DA:85,8
DA:89,2
DA:95,2
DA:96,2
DA:99,2
DA:100,2
DA:101,2
DA:103,1
DA:113,1
DA:119,1
DA:120,1
DA:133,1
DA:139,1
DA:140,1
DA:144,2
DA:151,2
DA:152,2
DA:153,1
DA:156,1
DA:157,1
DA:158,1
DA:159,1
DA:165,1
DA:166,1
DA:178,1
DA:186,1
DA:189,1
DA:190,1
DA:191,1
DA:195,1
DA:196,1
DA:197,1
DA:198,1
DA:199,1
DA:200,1
DA:204,1
DA:218,3
DA:229,3
DA:230,2
DA:233,2
DA:234,2
DA:235,2
LF:63
LH:63
BRDA:38,0,0,0
BRDA:38,0,1,2
BRDA:39,1,0,2
BRDA:39,1,1,0
BRDA:47,2,0,0
BRDA:47,2,1,1
BRDA:56,3,0,0
BRDA:56,3,1,1
BRDA:60,4,0,1
BRDA:60,4,1,0
BRDA:70,5,0,0
BRDA:70,5,1,1
BRDA:84,6,0,0
BRDA:84,6,1,8
BRDA:85,7,0,8
BRDA:85,7,1,0
BRDA:95,8,0,0
BRDA:95,8,1,2
BRDA:100,9,0,2
BRDA:100,9,1,0
BRDA:101,10,0,1
BRDA:101,10,1,1
BRDA:119,11,0,1
BRDA:119,11,1,0
BRDA:137,12,0,1
BRDA:137,12,1,0
BRDA:139,13,0,0
BRDA:139,13,1,1
BRDA:147,14,0,2
BRDA:147,14,1,1
BRDA:151,15,0,0
BRDA:151,15,1,2
BRDA:152,16,0,1
BRDA:152,16,1,1
BRDA:152,17,0,2
BRDA:152,17,1,2
BRDA:157,18,0,1
BRDA:157,18,1,0
BRDA:165,19,0,1
BRDA:165,19,1,0
BRDA:165,20,0,1
BRDA:165,20,1,1
BRDA:186,21,0,0
BRDA:186,21,1,1
BRDA:190,22,0,1
BRDA:190,22,1,0
BRDA:195,23,0,1
BRDA:195,23,1,0
BRDA:197,24,0,1
BRDA:197,24,1,0
BRDA:198,25,0,1
BRDA:198,25,1,0
BRDA:199,26,0,1
BRDA:199,26,1,0
BRDA:200,27,0,1
BRDA:200,27,1,0
BRDA:229,28,0,1
BRDA:229,28,1,2
BRDA:234,29,0,2
BRDA:234,29,1,0
BRF:60
BRH:36
end_of_record
