TN:
SF:app/index.tsx
FN:4,Index
FNF:1
FNH:1
FNDA:5,Index
DA:5,5
DA:7,5
DA:8,1
DA:11,4
DA:12,2
DA:15,2
DA:16,1
DA:19,1
LF:8
LH:8
BRDA:7,0,0,1
BRDA:7,0,1,4
BRDA:11,1,0,2
BRDA:11,1,1,2
BRDA:15,2,0,1
BRDA:15,2,1,1
BRF:6
BRH:6
end_of_record
TN:
SF:app/(auth)/family-setup.tsx
FN:11,FamilySetupScreen
FN:22,(anonymous_1)
FN:49,(anonymous_2)
FN:70,(anonymous_3)
FN:76,(anonymous_4)
FN:106,(anonymous_5)
FN:138,(anonymous_6)
FNF:7
FNH:6
FNDA:23,FamilySetupScreen
FNDA:2,(anonymous_1)
FNDA:1,(anonymous_2)
FNDA:4,(anonymous_3)
FNDA:2,(anonymous_4)
FNDA:1,(anonymous_5)
FNDA:0,(anonymous_6)
DA:12,23
DA:13,23
DA:14,23
DA:15,23
DA:17,23
DA:18,23
DA:19,23
DA:20,23
DA:22,23
DA:23,2
DA:24,2
DA:25,0
DA:26,0
DA:27,0
DA:28,0
DA:29,0
DA:32,2
DA:33,2
DA:34,2
DA:35,2
DA:36,2
DA:37,1
DA:38,1
DA:39,1
DA:41,1
DA:42,1
DA:43,1
DA:45,2
DA:49,23
DA:50,1
DA:51,1
DA:52,1
DA:53,1
DA:54,1
DA:57,0
DA:59,1
DA:63,23
DA:64,8
DA:70,4
DA:76,2
DA:84,15
DA:85,10
DA:106,1
DA:114,5
DA:138,0
DA:146,1
LF:46
LH:39
BRDA:23,0,0,0
BRDA:23,0,1,2
BRDA:24,1,0,0
BRDA:24,1,1,2
BRDA:27,2,0,0
BRDA:27,2,1,0
BRDA:41,3,0,1
BRDA:41,3,1,0
BRDA:41,3,2,0
BRDA:50,4,0,0
BRDA:50,4,1,1
BRDA:50,5,0,1
BRDA:50,5,1,1
BRDA:63,6,0,8
BRDA:63,6,1,15
BRDA:84,7,0,10
BRDA:84,7,1,5
BRF:17
BRH:10
end_of_record
TN:
SF:app/(auth)/login.tsx
FN:20,LoginScreen
FN:23,(anonymous_1)
FN:26,(anonymous_2)
FN:36,(anonymous_3)
FN:81,(anonymous_4)
FN:90,(anonymous_5)
FN:141,(anonymous_6)
FNF:7
FNH:7
FNDA:25,LoginScreen
FNDA:25,(anonymous_1)
FNDA:4,(anonymous_2)
FNDA:3,(anonymous_3)
FNDA:1,(anonymous_4)
FNDA:3,(anonymous_5)
FNDA:1,(anonymous_6)
DA:21,25
DA:22,25
DA:23,25
DA:25,25
DA:26,25
DA:27,4
DA:28,4
DA:30,25
DA:31,25
DA:32,25
DA:33,25
DA:34,25
DA:36,25
DA:37,3
DA:38,3
DA:39,3
DA:40,3
DA:42,3
DA:43,1
DA:45,1
DA:48,1
DA:49,0
DA:50,0
DA:52,1
DA:54,2
DA:57,3
DA:59,1
DA:60,1
DA:62,3
DA:66,25
DA:68,25
DA:81,1
DA:90,3
DA:141,1
DA:150,1
LF:35
LH:33
BRDA:37,0,0,0
BRDA:37,0,1,3
BRDA:42,1,0,1
BRDA:42,1,1,2
BRDA:43,2,0,0
BRDA:43,2,1,1
BRDA:43,3,0,1
BRDA:43,3,1,1
BRDA:48,4,0,0
BRDA:48,4,1,1
BRDA:48,5,0,1
BRDA:48,5,1,1
BRDA:54,6,0,0
BRDA:54,6,1,2
BRDA:59,7,0,1
BRDA:59,7,1,0
BRDA:59,7,2,0
BRDA:66,8,0,17
BRDA:66,8,1,8
BRDA:66,9,0,17
BRDA:66,9,1,8
BRDA:66,10,0,8
BRDA:66,10,1,5
BRDA:66,10,2,4
BRDA:71,11,0,25
BRDA:71,11,1,0
BRDA:80,12,0,25
BRDA:80,12,1,17
BRDA:84,13,0,25
BRDA:84,13,1,17
BRDA:89,14,0,25
BRDA:89,14,1,8
BRDA:93,15,0,25
BRDA:93,15,1,8
BRDA:99,16,0,17
BRDA:99,16,1,8
BRF:36
BRH:29
end_of_record
TN:
SF:app/(auth)/register.tsx
FN:21,RegisterScreen
FN:24,(anonymous_1)
FN:34,(anonymous_2)
FN:72,(anonymous_3)
FN:81,(anonymous_4)
FN:90,(anonymous_5)
FN:145,(anonymous_6)
FNF:7
FNH:7
FNDA:16,RegisterScreen
FNDA:16,(anonymous_1)
FNDA:1,(anonymous_2)
FNDA:3,(anonymous_3)
FNDA:1,(anonymous_4)
FNDA:1,(anonymous_5)
FNDA:1,(anonymous_6)
DA:22,16
DA:23,16
DA:24,16
DA:26,16
DA:27,16
DA:28,16
DA:29,16
DA:30,16
DA:32,16
DA:34,16
DA:35,1
DA:36,1
DA:38,1
DA:39,1
DA:41,1
DA:46,1
DA:50,1
DA:51,1
DA:53,0
DA:54,0
DA:56,1
DA:60,16
DA:63,16
DA:64,7
DA:72,3
DA:81,1
DA:90,1
DA:100,9
DA:145,1
DA:154,1
LF:30
LH:28
BRDA:35,0,0,0
BRDA:35,0,1,1
BRDA:35,1,0,1
BRDA:35,1,1,1
BRDA:35,1,2,1
BRDA:36,2,0,0
BRDA:36,2,1,1
BRDA:36,3,0,1
BRDA:36,3,1,1
BRDA:46,4,0,0
BRDA:46,4,1,1
BRDA:53,5,0,0
BRDA:53,5,1,0
BRDA:53,5,2,0
BRDA:60,6,0,16
BRDA:60,6,1,9
BRDA:60,6,2,5
BRDA:60,6,3,3
BRDA:60,6,4,3
BRDA:63,7,0,7
BRDA:63,7,1,9
BRDA:103,8,0,9
BRDA:103,8,1,0
BRDA:108,9,0,1
BRDA:108,9,1,8
BRDA:118,10,0,9
BRDA:118,10,1,8
BRF:27
BRH:20
end_of_record
TN:
SF:app/(auth)/role-select.tsx
FN:12,RoleSelectScreen
FN:15,(anonymous_1)
FN:19,(anonymous_2)
FN:38,(anonymous_3)
FN:53,(anonymous_4)
FNF:5
FNH:4
FNDA:6,RoleSelectScreen
FNDA:6,(anonymous_1)
FNDA:1,(anonymous_2)
FNDA:1,(anonymous_3)
FNDA:0,(anonymous_4)
DA:13,6
DA:14,6
DA:15,6
DA:16,6
DA:17,6
DA:19,6
DA:20,1
DA:21,1
DA:22,1
DA:23,1
DA:24,1
DA:28,1
DA:32,6
DA:38,1
DA:53,0
DA:77,1
LF:16
LH:15
BRDA:20,0,0,0
BRDA:20,0,1,1
BRDA:37,1,0,6
BRDA:37,1,1,3
BRDA:43,2,0,3
BRDA:43,2,1,3
BRDA:45,3,0,6
BRDA:45,3,1,3
BRDA:52,4,0,6
BRDA:52,4,1,0
BRDA:58,5,0,0
BRDA:58,5,1,6
BRDA:60,6,0,6
BRDA:60,6,1,0
BRF:14
BRH:10
end_of_record
TN:
SF:app/(child)/history.tsx
FN:12,HistoryScreen
FN:14,(anonymous_1)
FN:18,(anonymous_2)
FN:30,(anonymous_3)
FN:34,(anonymous_4)
FN:40,(anonymous_5)
FN:71,(anonymous_6)
FNF:7
FNH:6
FNDA:4,HistoryScreen
FNDA:4,(anonymous_1)
FNDA:2,(anonymous_2)
FNDA:2,(anonymous_3)
FNDA:0,(anonymous_4)
FNDA:2,(anonymous_5)
FNDA:3,(anonymous_6)
DA:13,4
DA:14,4
DA:15,4
DA:16,4
DA:18,4
DA:19,2
DA:20,2
DA:27,2
DA:30,4
DA:31,2
DA:34,4
DA:35,0
DA:36,0
DA:37,0
DA:40,4
DA:41,2
DA:66,4
DA:71,3
DA:81,1
LF:19
LH:16
BRDA:19,0,0,0
BRDA:19,0,1,2
BRDA:27,1,0,2
BRDA:27,1,1,0
BRDA:44,2,0,1
BRDA:44,2,1,1
BRDA:46,3,0,1
BRDA:46,3,1,1
BRDA:57,4,0,1
BRDA:57,4,1,1
BRDA:60,5,0,1
BRDA:60,5,1,1
BRF:12
BRH:10
end_of_record
TN:
SF:app/(child)/index.tsx
FN:15,ChildDashboard
FN:26,(anonymous_1)
FN:33,(anonymous_2)
FN:42,(anonymous_3)
FN:43,(anonymous_4)
FN:73,(anonymous_5)
FN:89,(anonymous_6)
FNF:7
FNH:4
FNDA:4,ChildDashboard
FNDA:4,(anonymous_1)
FNDA:0,(anonymous_2)
FNDA:4,(anonymous_3)
FNDA:8,(anonymous_4)
FNDA:0,(anonymous_5)
FNDA:0,(anonymous_6)
DA:16,4
DA:17,4
DA:18,4
DA:19,4
DA:20,4
DA:21,4
DA:22,4
DA:24,4
DA:26,4
DA:27,4
DA:28,4
DA:29,4
DA:33,4
DA:34,0
DA:35,0
DA:36,0
DA:37,0
DA:39,0
DA:42,4
DA:43,8
DA:44,4
DA:46,4
DA:73,0
DA:89,0
DA:107,1
LF:25
LH:18
BRDA:27,0,0,4
BRDA:27,0,1,0
BRDA:36,1,0,0
BRDA:36,1,1,0
BRDA:42,2,0,4
BRDA:42,2,1,4
BRDA:44,3,0,4
BRDA:44,3,1,0
BRDA:60,4,0,4
BRDA:60,4,1,0
BRF:10
BRH:5
end_of_record
TN:
SF:app/(child)/settings.tsx
FN:10,ChildSettingsScreen
FN:14,(anonymous_1)
FN:20,(anonymous_2)
FNF:3
FNH:3
FNDA:6,ChildSettingsScreen
FNDA:1,(anonymous_1)
FNDA:2,(anonymous_2)
DA:11,6
DA:12,6
DA:14,6
DA:15,1
DA:16,1
DA:17,1
DA:20,6
DA:21,2
DA:27,6
DA:55,1
LF:10
LH:10
BRDA:15,0,0,0
BRDA:15,0,1,1
BRDA:38,1,0,0
BRDA:38,1,1,6
BRF:4
BRH:2
end_of_record
TN:
SF:app/(child)/missions/[id].tsx
FN:13,MissionDetailScreen
FN:17,(anonymous_1)
FN:23,(anonymous_2)
FN:25,(anonymous_3)
FN:27,(anonymous_4)
FN:28,(anonymous_5)
FN:38,(anonymous_6)
FN:50,(anonymous_7)
FN:64,(anonymous_8)
FNF:9
FNH:9
FNDA:10,MissionDetailScreen
FNDA:10,(anonymous_1)
FNDA:10,(anonymous_2)
FNDA:5,(anonymous_3)
FNDA:5,(anonymous_4)
FNDA:5,(anonymous_5)
FNDA:1,(anonymous_6)
FNDA:1,(anonymous_7)
FNDA:10,(anonymous_8)
DA:14,10
DA:15,10
DA:16,10
DA:17,10
DA:18,10
DA:20,10
DA:21,10
DA:23,10
DA:24,10
DA:25,5
DA:27,10
DA:28,10
DA:30,10
DA:31,0
DA:38,10
DA:39,1
DA:40,1
DA:41,1
DA:42,1
DA:44,0
DA:46,1
DA:50,10
DA:51,1
DA:52,1
DA:53,1
DA:54,1
DA:55,1
DA:56,1
DA:58,0
DA:60,1
DA:64,10
DA:65,10
DA:66,1
DA:74,9
DA:75,4
DA:100,5
DA:109,10
DA:134,1
LF:38
LH:35
BRDA:25,0,0,5
BRDA:25,0,1,5
BRDA:30,1,0,0
BRDA:30,1,1,10
BRDA:39,2,0,0
BRDA:39,2,1,1
BRDA:44,3,0,0
BRDA:44,3,1,0
BRDA:51,4,0,0
BRDA:51,4,1,1
BRDA:51,5,0,1
BRDA:51,5,1,1
BRDA:54,6,0,1
BRDA:54,6,1,1
BRDA:58,7,0,0
BRDA:58,7,1,0
BRDA:65,8,0,1
BRDA:65,8,1,9
BRDA:74,9,0,4
BRDA:74,9,1,5
BRDA:118,10,0,10
BRDA:118,10,1,10
BRDA:124,11,0,10
BRDA:124,11,1,0
BRF:24
BRH:16
end_of_record
TN:
SF:app/(child)/missions/index.tsx
FN:14,ChildMissionsScreen
FN:17,(anonymous_1)
FN:23,(anonymous_2)
FN:30,(anonymous_3)
FN:38,(anonymous_4)
FN:40,(anonymous_5)
FN:43,(anonymous_6)
FN:44,(anonymous_7)
FN:91,(anonymous_8)
FNF:9
FNH:7
FNDA:6,ChildMissionsScreen
FNDA:6,(anonymous_1)
FNDA:6,(anonymous_2)
FNDA:0,(anonymous_3)
FNDA:10,(anonymous_4)
FNDA:10,(anonymous_5)
FNDA:10,(anonymous_6)
FNDA:0,(anonymous_7)
FNDA:15,(anonymous_8)
DA:15,6
DA:16,6
DA:17,6
DA:18,6
DA:19,6
DA:21,6
DA:23,6
DA:24,6
DA:25,6
DA:26,6
DA:30,6
DA:31,0
DA:32,0
DA:33,0
DA:35,0
DA:38,6
DA:39,10
DA:40,10
DA:43,6
DA:44,10
DA:78,6
DA:79,1
DA:86,5
DA:91,15
DA:98,1
LF:25
LH:21
BRDA:24,0,0,6
BRDA:24,0,1,0
BRDA:32,1,0,0
BRDA:32,1,1,0
BRDA:40,2,0,10
BRDA:40,2,1,5
BRDA:40,2,2,5
BRDA:50,3,0,10
BRDA:50,3,1,5
BRDA:64,4,0,5
BRDA:64,4,1,5
BRDA:67,5,0,10
BRDA:67,5,1,5
BRDA:78,6,0,1
BRDA:78,6,1,5
BRDA:78,7,0,6
BRDA:78,7,1,6
BRF:17
BRH:14
end_of_record
TN:
SF:app/(child)/wishlist/[id].tsx
FN:12,GiftDetailScreen
FN:16,(anonymous_1)
FN:18,(anonymous_2)
FN:22,(anonymous_3)
FN:37,(anonymous_4)
FN:55,(anonymous_5)
FN:61,(anonymous_6)
FNF:7
FNH:6
FNDA:11,GiftDetailScreen
FNDA:11,(anonymous_1)
FNDA:11,(anonymous_2)
FNDA:10,(anonymous_3)
FNDA:1,(anonymous_4)
FNDA:1,(anonymous_5)
FNDA:0,(anonymous_6)
DA:13,11
DA:14,11
DA:15,11
DA:16,11
DA:17,11
DA:18,11
DA:20,11
DA:22,11
DA:24,11
DA:25,1
DA:33,10
DA:37,10
DA:38,1
DA:39,0
DA:40,0
DA:42,1
DA:43,1
DA:44,1
DA:45,1
DA:46,1
DA:47,1
DA:49,0
DA:51,1
DA:55,10
DA:56,1
DA:62,0
DA:63,0
DA:64,0
DA:66,0
DA:73,10
DA:129,1
LF:31
LH:24
BRDA:24,0,0,1
BRDA:24,0,1,10
BRDA:33,1,0,10
BRDA:33,1,1,8
BRDA:33,1,2,8
BRDA:35,2,0,8
BRDA:35,2,1,0
BRDA:38,3,0,0
BRDA:38,3,1,1
BRDA:78,4,0,10
BRDA:78,4,1,10
BRDA:80,5,0,10
BRDA:80,5,1,9
BRDA:89,6,0,10
BRDA:89,6,1,0
BRDA:93,7,0,10
BRDA:93,7,1,8
BRDA:103,8,0,10
BRDA:103,8,1,1
BRDA:110,9,0,10
BRDA:110,9,1,1
BRDA:117,10,0,10
BRDA:117,10,1,9
BRF:23
BRH:20
end_of_record
TN:
SF:app/(child)/wishlist/add.tsx
FN:11,AddGiftScreen
FN:14,(anonymous_1)
FN:15,(anonymous_2)
FN:23,(anonymous_3)
FNF:4
FNH:4
FNDA:5,AddGiftScreen
FNDA:5,(anonymous_1)
FNDA:5,(anonymous_2)
FNDA:1,(anonymous_3)
DA:12,5
DA:13,5
DA:14,5
DA:15,5
DA:17,5
DA:18,5
DA:19,5
DA:20,5
DA:21,5
DA:23,5
DA:24,1
DA:25,1
DA:26,1
DA:27,1
DA:35,1
DA:37,1
DA:39,1
DA:43,5
DA:87,1
LF:19
LH:19
BRDA:24,0,0,0
BRDA:24,0,1,1
BRDA:24,1,0,1
BRDA:24,1,1,1
BRDA:31,2,0,1
BRDA:31,2,1,1
BRDA:32,3,0,1
BRDA:32,3,1,1
BRDA:33,4,0,1
BRDA:33,4,1,1
BRF:10
BRH:9
end_of_record
TN:
SF:app/(child)/wishlist/index.tsx
FN:15,ChildWishlistScreen
FN:18,(anonymous_1)
FN:23,(anonymous_2)
FN:25,(anonymous_3)
FN:29,(anonymous_4)
FN:35,(anonymous_5)
FN:44,(anonymous_6)
FN:53,(anonymous_7)
FN:54,(anonymous_8)
FN:79,(anonymous_9)
FN:89,(anonymous_10)
FNF:11
FNH:8
FNDA:3,ChildWishlistScreen
FNDA:3,(anonymous_1)
FNDA:9,(anonymous_2)
FNDA:3,(anonymous_3)
FNDA:0,(anonymous_4)
FNDA:12,(anonymous_5)
FNDA:6,(anonymous_6)
FNDA:6,(anonymous_7)
FNDA:0,(anonymous_8)
FNDA:9,(anonymous_9)
FNDA:0,(anonymous_10)
DA:16,3
DA:17,3
DA:18,3
DA:19,3
DA:20,3
DA:22,3
DA:23,9
DA:25,3
DA:26,3
DA:29,3
DA:30,0
DA:31,0
DA:32,0
DA:35,3
DA:36,12
DA:37,6
DA:38,6
DA:39,0
DA:40,0
DA:44,3
DA:45,6
DA:46,3
DA:47,3
DA:48,0
DA:49,0
DA:53,3
DA:54,6
DA:74,3
DA:79,9
DA:89,0
DA:98,1
LF:31
LH:23
BRDA:26,0,0,3
BRDA:26,0,1,0
BRDA:31,1,0,0
BRDA:31,1,1,0
BRDA:36,2,0,6
BRDA:36,2,1,6
BRDA:36,2,2,0
BRDA:36,2,3,0
BRDA:45,3,0,3
BRDA:45,3,1,3
BRDA:45,3,2,0
BRDA:45,3,3,0
BRDA:60,4,0,6
BRDA:60,4,1,3
BRDA:83,5,0,3
BRDA:83,5,1,0
BRF:16
BRH:8
end_of_record
TN:
SF:app/(parent)/add-child.tsx
FN:11,AddChildScreen
FN:14,(anonymous_1)
FN:15,(anonymous_2)
FN:21,(anonymous_3)
FNF:4
FNH:4
FNDA:14,AddChildScreen
FNDA:14,(anonymous_1)
FNDA:14,(anonymous_2)
FNDA:2,(anonymous_3)
DA:12,14
DA:13,14
DA:14,14
DA:15,14
DA:17,14
DA:18,14
DA:19,14
DA:21,14
DA:22,2
DA:23,2
DA:24,2
DA:25,2
DA:26,1
DA:28,1
DA:30,2
DA:34,14
DA:61,1
LF:17
LH:17
BRDA:22,0,0,0
BRDA:22,0,1,2
BRDA:22,1,0,2
BRDA:22,1,1,2
BRDA:22,1,2,2
BRDA:28,2,0,1
BRDA:28,2,1,0
BRDA:54,3,0,14
BRDA:54,3,1,10
BRF:9
BRH:7
end_of_record
TN:
SF:app/(parent)/family.tsx
FN:14,FamilyScreen
FN:16,(anonymous_1)
FN:23,(anonymous_2)
FN:30,(anonymous_3)
FN:63,(anonymous_4)
FN:66,(anonymous_5)
FN:71,(anonymous_6)
FN:109,(anonymous_7)
FN:130,(anonymous_8)
FNF:9
FNH:6
FNDA:9,FamilyScreen
FNDA:9,(anonymous_1)
FNDA:9,(anonymous_2)
FNDA:0,(anonymous_3)
FNDA:8,(anonymous_4)
FNDA:8,(anonymous_5)
FNDA:16,(anonymous_6)
FNDA:0,(anonymous_7)
FNDA:0,(anonymous_8)
DA:12,1
DA:15,9
DA:16,9
DA:17,9
DA:18,9
DA:19,9
DA:21,9
DA:23,9
DA:24,9
DA:25,9
DA:26,9
DA:30,9
DA:31,0
DA:32,0
DA:33,0
DA:35,0
DA:38,9
DA:64,8
DA:65,8
DA:67,8
DA:68,8
DA:69,0
DA:72,16
DA:73,16
DA:74,16
DA:75,16
DA:78,16
DA:105,16
DA:106,8
DA:109,0
DA:116,8
DA:130,0
DA:139,1
LF:33
LH:26
BRDA:24,0,0,9
BRDA:24,0,1,0
BRDA:32,1,0,0
BRDA:32,1,1,0
BRDA:46,2,0,9
BRDA:46,2,1,9
BRDA:56,3,0,9
BRDA:56,3,1,0
BRDA:62,4,0,8
BRDA:62,4,1,1
BRDA:67,5,0,0
BRDA:67,5,1,8
BRDA:67,6,0,8
BRDA:67,6,1,0
BRDA:68,7,0,8
BRDA:68,7,1,0
BRDA:68,8,0,8
BRDA:68,8,1,8
BRDA:73,9,0,8
BRDA:73,9,1,8
BRDA:74,10,0,8
BRDA:74,10,1,8
BRDA:75,11,0,16
BRDA:75,11,1,0
BRDA:80,12,0,8
BRDA:80,12,1,8
BRDA:92,13,0,8
BRDA:92,13,1,8
BRDA:93,14,0,8
BRDA:93,14,1,8
BRDA:96,15,0,16
BRDA:96,15,1,8
BRDA:105,16,0,8
BRDA:105,16,1,8
BRF:34
BRH:26
end_of_record
TN:
SF:app/(parent)/index.tsx
FN:19,ParentDashboard
FN:23,(anonymous_1)
FN:30,(anonymous_2)
FN:31,(anonymous_3)
FN:32,(anonymous_4)
FN:33,(anonymous_5)
FN:34,(anonymous_6)
FN:36,(anonymous_7)
FN:46,(anonymous_8)
FN:80,(anonymous_9)
FN:122,(anonymous_10)
FN:133,(anonymous_11)
FN:134,(anonymous_12)
FN:135,(anonymous_13)
FN:160,(anonymous_14)
FN:173,(anonymous_15)
FN:186,(anonymous_16)
FN:197,(anonymous_17)
FN:198,(anonymous_18)
FN:199,(anonymous_19)
FN:227,(anonymous_20)
FN:233,(anonymous_21)
FNF:22
FNH:15
FNDA:7,ParentDashboard
FNDA:7,(anonymous_1)
FNDA:19,(anonymous_2)
FNDA:8,(anonymous_3)
FNDA:8,(anonymous_4)
FNDA:7,(anonymous_5)
FNDA:0,(anonymous_6)
FNDA:7,(anonymous_7)
FNDA:0,(anonymous_8)
FNDA:7,(anonymous_9)
FNDA:0,(anonymous_10)
FNDA:7,(anonymous_11)
FNDA:13,(anonymous_12)
FNDA:7,(anonymous_13)
FNDA:0,(anonymous_14)
FNDA:0,(anonymous_15)
FNDA:0,(anonymous_16)
FNDA:1,(anonymous_17)
FNDA:3,(anonymous_18)
FNDA:1,(anonymous_19)
FNDA:12,(anonymous_20)
FNDA:0,(anonymous_21)
DA:17,1
DA:20,7
DA:21,7
DA:22,7
DA:23,7
DA:24,7
DA:25,7
DA:26,7
DA:27,7
DA:29,7
DA:30,19
DA:31,8
DA:32,8
DA:33,7
DA:34,7
DA:36,7
DA:37,7
DA:38,7
DA:39,7
DA:40,7
DA:41,7
DA:42,7
DA:46,7
DA:47,0
DA:48,0
DA:49,0
DA:57,0
DA:60,7
DA:81,7
DA:82,7
DA:83,7
DA:84,0
DA:86,7
DA:122,0
DA:134,13
DA:135,7
DA:136,7
DA:137,6
DA:160,0
DA:173,0
DA:186,0
DA:198,3
DA:199,1
DA:200,1
DA:201,1
DA:228,12
DA:229,12
DA:230,12
DA:233,0
DA:272,1
LF:50
LH:40
BRDA:37,0,0,7
BRDA:37,0,1,0
BRDA:48,1,0,0
BRDA:48,1,1,0
BRDA:76,2,0,7
BRDA:76,2,1,0
BRDA:78,3,0,7
BRDA:78,3,1,7
BRDA:83,4,0,0
BRDA:83,4,1,7
BRDA:101,5,0,7
BRDA:101,5,1,7
BRDA:121,6,0,7
BRDA:121,6,1,7
BRDA:136,7,0,1
BRDA:136,7,1,6
BRDA:136,8,0,7
BRDA:136,8,1,6
BRDA:148,9,0,7
BRDA:148,9,1,0
BRDA:185,10,0,7
BRDA:185,10,1,1
BRDA:200,11,0,0
BRDA:200,11,1,1
BRDA:200,12,0,1
BRDA:200,12,1,1
BRDA:212,13,0,1
BRDA:212,13,1,0
BRDA:226,14,0,6
BRDA:226,14,1,1
BRDA:229,15,0,12
BRDA:229,15,1,0
BRDA:245,16,0,12
BRDA:245,16,1,0
BRDA:261,17,0,1
BRDA:261,17,1,1
BRF:36
BRH:26
end_of_record
TN:
SF:app/(parent)/notifications.tsx
FN:13,ParentNotificationsScreen
FN:15,(anonymous_1)
FN:19,(anonymous_2)
FN:31,(anonymous_3)
FN:35,(anonymous_4)
FN:41,(anonymous_5)
FN:51,(anonymous_6)
FN:70,(anonymous_7)
FN:86,(anonymous_8)
FNF:9
FNH:7
FNDA:6,ParentNotificationsScreen
FNDA:6,(anonymous_1)
FNDA:3,(anonymous_2)
FNDA:3,(anonymous_3)
FNDA:0,(anonymous_4)
FNDA:0,(anonymous_5)
FNDA:3,(anonymous_6)
FNDA:3,(anonymous_7)
FNDA:5,(anonymous_8)
DA:14,6
DA:15,6
DA:16,6
DA:17,6
DA:19,6
DA:20,3
DA:21,3
DA:28,3
DA:31,6
DA:32,3
DA:35,6
DA:36,0
DA:37,0
DA:38,0
DA:41,6
DA:42,0
DA:43,0
DA:48,0
DA:51,6
DA:52,3
DA:70,6
DA:72,6
DA:86,5
DA:97,1
LF:24
LH:18
BRDA:20,0,0,0
BRDA:20,0,1,3
BRDA:28,1,0,3
BRDA:28,1,1,0
BRDA:42,2,0,0
BRDA:42,2,1,0
BRDA:52,3,0,2
BRDA:52,3,1,1
BRDA:57,4,0,1
BRDA:57,4,1,2
BRDA:74,5,0,6
BRDA:74,5,1,2
BRF:12
BRH:8
end_of_record
TN:
SF:app/(parent)/settings.tsx
FN:11,ParentSettingsScreen
FN:16,(anonymous_1)
FN:22,(anonymous_2)
FNF:3
FNH:3
FNDA:7,ParentSettingsScreen
FNDA:1,(anonymous_1)
FNDA:2,(anonymous_2)
DA:12,7
DA:13,7
DA:14,7
DA:16,7
DA:17,1
DA:18,1
DA:19,1
DA:22,7
DA:23,2
DA:29,7
DA:65,1
LF:11
LH:11
BRDA:17,0,0,0
BRDA:17,0,1,1
BRDA:37,1,0,7
BRDA:37,1,1,7
BRDA:48,2,0,0
BRDA:48,2,1,7
BRF:6
BRH:4
end_of_record
TN:
SF:app/(parent)/gifts/[id].tsx
FN:15,ParentGiftDetailScreen
FN:19,(anonymous_1)
FN:26,(anonymous_2)
FN:27,(anonymous_3)
FN:31,(anonymous_4)
FN:44,(anonymous_5)
FN:56,(anonymous_6)
FN:62,(anonymous_7)
FN:80,(anonymous_8)
FNF:9
FNH:8
FNDA:23,ParentGiftDetailScreen
FNDA:23,(anonymous_1)
FNDA:22,(anonymous_2)
FNDA:22,(anonymous_3)
FNDA:2,(anonymous_4)
FNDA:2,(anonymous_5)
FNDA:3,(anonymous_6)
FNDA:2,(anonymous_7)
FNDA:0,(anonymous_8)
DA:16,23
DA:17,23
DA:18,23
DA:19,23
DA:20,23
DA:21,23
DA:23,23
DA:24,23
DA:26,23
DA:27,23
DA:29,23
DA:31,22
DA:32,2
DA:33,2
DA:34,2
DA:35,2
DA:36,1
DA:38,1
DA:40,2
DA:44,22
DA:45,2
DA:46,2
DA:47,2
DA:48,1
DA:50,1
DA:52,2
DA:56,22
DA:57,3
DA:63,2
DA:64,2
DA:65,1
DA:67,1
DA:74,22
DA:80,0
DA:139,1
LF:35
LH:34
BRDA:27,0,0,22
BRDA:27,0,1,1
BRDA:29,1,0,1
BRDA:29,1,1,22
BRDA:32,2,0,0
BRDA:32,2,1,2
BRDA:32,3,0,2
BRDA:32,3,1,2
BRDA:93,4,0,22
BRDA:93,4,1,21
BRDA:94,5,0,22
BRDA:94,5,1,21
BRDA:99,6,0,22
BRDA:99,6,1,21
BRDA:126,7,0,22
BRDA:126,7,1,1
BRF:16
BRH:15
end_of_record
TN:
SF:app/(parent)/gifts/add.tsx
FN:15,ParentAddGiftScreen
FN:18,(anonymous_1)
FN:19,(anonymous_2)
FN:20,(anonymous_3)
FN:22,(anonymous_4)
FN:33,(anonymous_5)
FN:35,(anonymous_6)
FN:37,(anonymous_7)
FN:42,(anonymous_8)
FN:43,(anonymous_9)
FN:47,(anonymous_10)
FN:50,(anonymous_11)
FN:91,(anonymous_12)
FN:96,(anonymous_13)
FNF:14
FNH:14
FNDA:15,ParentAddGiftScreen
FNDA:15,(anonymous_1)
FNDA:15,(anonymous_2)
FNDA:15,(anonymous_3)
FNDA:30,(anonymous_4)
FNDA:3,(anonymous_5)
FNDA:3,(anonymous_6)
FNDA:1,(anonymous_7)
FNDA:2,(anonymous_8)
FNDA:2,(anonymous_9)
FNDA:2,(anonymous_10)
FNDA:1,(anonymous_11)
FNDA:30,(anonymous_12)
FNDA:3,(anonymous_13)
DA:16,15
DA:17,15
DA:18,15
DA:19,15
DA:20,15
DA:22,30
DA:24,15
DA:25,15
DA:26,15
DA:27,15
DA:28,15
DA:29,15
DA:30,15
DA:31,15
DA:33,15
DA:34,3
DA:35,3
DA:36,3
DA:37,1
DA:42,15
DA:43,2
DA:44,2
DA:47,15
DA:48,15
DA:50,15
DA:51,1
DA:52,1
DA:53,1
DA:54,1
DA:55,1
DA:67,1
DA:69,1
DA:71,1
DA:75,15
DA:92,30
DA:93,30
DA:96,3
DA:162,1
LF:38
LH:38
BRDA:36,0,0,1
BRDA:36,0,1,2
BRDA:47,1,0,1
BRDA:47,1,1,14
BRDA:51,2,0,0
BRDA:51,2,1,1
BRDA:51,3,0,1
BRDA:51,3,1,1
BRDA:51,3,2,1
BRDA:51,3,3,1
BRDA:59,4,0,1
BRDA:59,4,1,1
BRDA:60,5,0,1
BRDA:60,5,1,1
BRDA:61,6,0,1
BRDA:61,6,1,1
BRDA:69,7,0,1
BRDA:69,7,1,0
BRDA:80,8,0,15
BRDA:80,8,1,1
BRDA:84,9,0,1
BRDA:84,9,1,14
BRDA:86,10,0,15
BRDA:86,10,1,1
BRDA:92,11,0,30
BRDA:92,11,1,28
BRDA:98,12,0,30
BRDA:98,12,1,6
BRDA:102,13,0,6
BRDA:102,13,1,24
BRDA:104,14,0,30
BRDA:104,14,1,6
BRDA:155,15,0,15
BRDA:155,15,1,4
BRDA:155,15,2,4
BRF:35
BRH:33
end_of_record
TN:
SF:app/(parent)/gifts/edit.tsx
FN:10,EditGiftScreen
FN:16,(anonymous_1)
FN:27,(anonymous_2)
FNF:3
FNH:3
FNDA:26,EditGiftScreen
FNDA:25,(anonymous_1)
FNDA:4,(anonymous_2)
DA:11,26
DA:12,26
DA:13,26
DA:14,26
DA:16,26
DA:18,26
DA:19,26
DA:20,26
DA:21,26
DA:22,26
DA:23,26
DA:25,26
DA:27,25
DA:28,4
DA:29,4
DA:30,4
DA:31,4
DA:38,3
DA:40,1
DA:42,4
DA:46,25
DA:97,1
LF:22
LH:22
BRDA:18,0,0,26
BRDA:18,0,1,1
BRDA:19,1,0,26
BRDA:19,1,1,2
BRDA:20,2,0,26
BRDA:20,2,1,2
BRDA:21,3,0,26
BRDA:21,3,1,2
BRDA:22,4,0,24
BRDA:22,4,1,2
BRDA:25,5,0,1
BRDA:25,5,1,25
BRDA:28,6,0,0
BRDA:28,6,1,4
BRDA:33,7,0,4
BRDA:33,7,1,1
BRDA:34,8,0,4
BRDA:34,8,1,1
BRDA:35,9,0,4
BRDA:35,9,1,1
BRDA:36,10,0,3
BRDA:36,10,1,1
BRF:22
BRH:21
end_of_record
TN:
SF:app/(parent)/gifts/index.tsx
FN:15,ParentGiftsScreen
FN:18,(anonymous_1)
FN:24,(anonymous_2)
FN:25,(anonymous_3)
FN:27,(anonymous_4)
FN:31,(anonymous_5)
FN:37,(anonymous_6)
FN:38,(anonymous_7)
FN:40,(anonymous_8)
FN:41,(anonymous_9)
FN:70,(anonymous_10)
FN:79,(anonymous_11)
FNF:12
FNH:9
FNDA:4,ParentGiftsScreen
FNDA:4,(anonymous_1)
FNDA:8,(anonymous_2)
FNDA:8,(anonymous_3)
FNDA:4,(anonymous_4)
FNDA:0,(anonymous_5)
FNDA:8,(anonymous_6)
FNDA:8,(anonymous_7)
FNDA:8,(anonymous_8)
FNDA:0,(anonymous_9)
FNDA:12,(anonymous_10)
FNDA:0,(anonymous_11)
DA:16,4
DA:17,4
DA:18,4
DA:19,4
DA:20,4
DA:21,4
DA:23,4
DA:24,8
DA:25,8
DA:27,4
DA:28,4
DA:31,4
DA:32,0
DA:33,0
DA:34,0
DA:37,4
DA:38,8
DA:40,4
DA:41,8
DA:62,4
DA:64,4
DA:70,12
DA:79,0
DA:87,1
LF:24
LH:20
BRDA:28,0,0,4
BRDA:28,0,1,0
BRDA:33,1,0,0
BRDA:33,1,1,0
BRDA:38,2,0,8
BRDA:38,2,1,0
BRDA:49,3,0,8
BRDA:49,3,1,4
BRDA:54,4,0,8
BRDA:54,4,1,4
BRDA:74,5,0,4
BRDA:74,5,1,0
BRF:12
BRH:7
end_of_record
TN:
SF:app/(parent)/missions/[id].tsx
FN:15,ParentMissionDetailScreen
FN:19,(anonymous_1)
FN:22,(anonymous_2)
FN:26,(anonymous_3)
FN:27,(anonymous_4)
FN:28,(anonymous_5)
FN:30,(anonymous_6)
FN:32,(anonymous_7)
FN:33,(anonymous_8)
FN:34,(anonymous_9)
FN:36,(anonymous_10)
FN:37,(anonymous_11)
FN:39,(anonymous_12)
FN:52,(anonymous_13)
FN:64,(anonymous_14)
FN:74,(anonymous_15)
FN:79,(anonymous_16)
FN:88,(anonymous_17)
FN:104,(anonymous_18)
FN:112,(anonymous_19)
FN:118,(anonymous_20)
FN:146,(anonymous_21)
FN:171,(anonymous_22)
FN:180,(anonymous_23)
FN:189,(anonymous_24)
FNF:25
FNH:24
FNDA:27,ParentMissionDetailScreen
FNDA:27,(anonymous_1)
FNDA:27,(anonymous_2)
FNDA:26,(anonymous_3)
FNDA:27,(anonymous_4)
FNDA:27,(anonymous_5)
FNDA:81,(anonymous_6)
FNDA:27,(anonymous_7)
FNDA:25,(anonymous_8)
FNDA:54,(anonymous_9)
FNDA:26,(anonymous_10)
FNDA:29,(anonymous_11)
FNDA:5,(anonymous_12)
FNDA:2,(anonymous_13)
FNDA:1,(anonymous_14)
FNDA:2,(anonymous_15)
FNDA:1,(anonymous_16)
FNDA:26,(anonymous_17)
FNDA:2,(anonymous_18)
FNDA:2,(anonymous_19)
FNDA:1,(anonymous_20)
FNDA:0,(anonymous_21)
FNDA:29,(anonymous_22)
FNDA:2,(anonymous_23)
FNDA:1,(anonymous_24)
DA:16,27
DA:17,27
DA:18,27
DA:19,27
DA:20,27
DA:21,27
DA:22,27
DA:24,27
DA:26,27
DA:27,27
DA:28,27
DA:30,81
DA:31,27
DA:32,27
DA:33,25
DA:34,54
DA:36,27
DA:37,29
DA:39,27
DA:40,5
DA:41,5
DA:42,5
DA:43,3
DA:44,3
DA:45,3
DA:48,2
DA:52,27
DA:53,2
DA:54,2
DA:55,2
DA:56,2
DA:58,1
DA:60,2
DA:64,27
DA:65,1
DA:66,1
DA:67,1
DA:68,1
DA:70,0
DA:74,27
DA:75,2
DA:80,1
DA:86,27
DA:88,26
DA:89,26
DA:104,2
DA:112,2
DA:118,1
DA:136,26
DA:146,0
DA:172,29
DA:180,2
DA:189,1
DA:204,1
LF:54
LH:52
BRDA:32,0,0,27
BRDA:32,0,1,23
BRDA:37,1,0,26
BRDA:37,1,1,1
BRDA:40,2,0,0
BRDA:40,2,1,5
BRDA:43,3,0,3
BRDA:43,3,1,0
BRDA:53,4,0,0
BRDA:53,4,1,2
BRDA:53,5,0,2
BRDA:53,5,1,2
BRDA:65,6,0,0
BRDA:65,6,1,1
BRDA:65,7,0,1
BRDA:65,7,1,1
BRDA:65,7,2,1
BRDA:80,8,0,1
BRDA:80,8,1,0
BRDA:86,9,0,1
BRDA:86,9,1,26
BRDA:96,10,0,26
BRDA:96,10,1,24
BRDA:97,11,0,4
BRDA:97,11,1,22
BRDA:108,12,0,20
BRDA:108,12,1,2
BRDA:127,13,0,1
BRDA:127,13,1,1
BRDA:130,14,0,1
BRDA:130,14,1,1
BRDA:142,15,0,26
BRDA:142,15,1,25
BRDA:159,16,0,26
BRDA:159,16,1,25
BRDA:168,17,0,26
BRDA:168,17,1,25
BRF:37
BRH:32
end_of_record
TN:
SF:app/(parent)/missions/create.tsx
FN:15,CreateMissionScreen
FN:18,(anonymous_1)
FN:22,(anonymous_2)
FN:37,(anonymous_3)
FN:93,(anonymous_4)
FN:100,(anonymous_5)
FN:123,(anonymous_6)
FN:139,(anonymous_7)
FN:150,(anonymous_8)
FN:157,(anonymous_9)
FNF:10
FNH:8
FNDA:25,CreateMissionScreen
FNDA:25,(anonymous_1)
FNDA:50,(anonymous_2)
FNDA:4,(anonymous_3)
FNDA:75,(anonymous_4)
FNDA:0,(anonymous_5)
FNDA:0,(anonymous_6)
FNDA:1,(anonymous_7)
FNDA:50,(anonymous_8)
FNDA:1,(anonymous_9)
DA:16,25
DA:17,25
DA:18,25
DA:19,25
DA:20,25
DA:22,50
DA:24,25
DA:25,25
DA:26,25
DA:27,25
DA:28,25
DA:29,25
DA:31,25
DA:37,25
DA:38,4
DA:39,4
DA:40,4
DA:41,4
DA:50,3
DA:51,1
DA:52,2
DA:54,2
DA:55,1
DA:58,3
DA:60,4
DA:62,4
DA:66,25
DA:94,75
DA:100,0
DA:123,0
DA:139,1
DA:151,50
DA:157,1
DA:184,1
LF:34
LH:32
BRDA:38,0,0,0
BRDA:38,0,1,4
BRDA:38,1,0,4
BRDA:38,1,1,4
BRDA:38,1,2,4
BRDA:45,2,0,4
BRDA:45,2,1,4
BRDA:50,3,0,1
BRDA:50,3,1,2
BRDA:54,4,0,1
BRDA:54,4,1,1
BRDA:60,5,0,4
BRDA:60,5,1,0
BRDA:98,6,0,75
BRDA:98,6,1,25
BRDA:105,7,0,75
BRDA:105,7,1,25
BRDA:114,8,0,25
BRDA:114,8,1,25
BRDA:121,9,0,25
BRDA:121,9,1,15
BRDA:128,10,0,25
BRDA:128,10,1,15
BRDA:137,11,0,25
BRDA:137,11,1,5
BRDA:144,12,0,25
BRDA:144,12,1,5
BRDA:155,13,0,50
BRDA:155,13,1,5
BRDA:162,14,0,50
BRDA:162,14,1,5
BRDA:177,15,0,25
BRDA:177,15,1,16
BRF:33
BRH:31
end_of_record
TN:
SF:app/(parent)/missions/edit.tsx
FN:12,EditMissionScreen
FN:18,(anonymous_1)
FN:34,(anonymous_2)
FN:79,(anonymous_3)
FN:86,(anonymous_4)
FNF:5
FNH:4
FNDA:5,EditMissionScreen
FNDA:5,(anonymous_1)
FNDA:1,(anonymous_2)
FNDA:15,(anonymous_3)
FNDA:0,(anonymous_4)
DA:13,5
DA:14,5
DA:15,5
DA:16,5
DA:18,5
DA:20,5
DA:21,5
DA:22,5
DA:23,5
DA:24,5
DA:26,5
DA:32,5
DA:34,5
DA:35,1
DA:36,1
DA:37,1
DA:38,1
DA:44,1
DA:46,1
DA:48,1
DA:52,5
DA:80,15
DA:86,0
DA:111,1
LF:24
LH:23
BRDA:20,0,0,5
BRDA:20,0,1,0
BRDA:21,1,0,5
BRDA:21,1,1,0
BRDA:22,2,0,5
BRDA:22,2,1,0
BRDA:23,3,0,5
BRDA:23,3,1,0
BRDA:32,4,0,0
BRDA:32,4,1,5
BRDA:35,5,0,0
BRDA:35,5,1,1
BRDA:35,6,0,1
BRDA:35,6,1,1
BRDA:40,7,0,1
BRDA:40,7,1,0
BRDA:84,8,0,15
BRDA:84,8,1,5
BRDA:91,9,0,15
BRDA:91,9,1,5
BRDA:104,10,0,5
BRDA:104,10,1,5
BRF:22
BRH:15
end_of_record
TN:
SF:app/(parent)/missions/index.tsx
FN:16,ParentMissionsScreen
FN:19,(anonymous_1)
FN:26,(anonymous_2)
FN:33,(anonymous_3)
FN:41,(anonymous_4)
FN:42,(anonymous_5)
FN:44,(anonymous_6)
FN:46,(anonymous_7)
FN:47,(anonymous_8)
FN:47,(anonymous_9)
FN:50,(anonymous_10)
FN:54,(anonymous_11)
FN:83,(anonymous_12)
FN:93,(anonymous_13)
FNF:14
FNH:11
FNDA:5,ParentMissionsScreen
FNDA:5,(anonymous_1)
FNDA:5,(anonymous_2)
FNDA:0,(anonymous_3)
FNDA:8,(anonymous_4)
FNDA:16,(anonymous_5)
FNDA:8,(anonymous_6)
FNDA:16,(anonymous_7)
FNDA:4,(anonymous_8)
FNDA:4,(anonymous_9)
FNDA:8,(anonymous_10)
FNDA:0,(anonymous_11)
FNDA:12,(anonymous_12)
FNDA:0,(anonymous_13)
DA:17,5
DA:18,5
DA:19,5
DA:20,5
DA:21,5
DA:22,5
DA:24,5
DA:26,5
DA:27,5
DA:28,5
DA:29,5
DA:33,5
DA:34,0
DA:35,0
DA:36,0
DA:38,0
DA:41,5
DA:42,16
DA:44,5
DA:45,8
DA:46,16
DA:47,4
DA:50,5
DA:51,8
DA:52,8
DA:53,8
DA:54,0
DA:78,5
DA:83,12
DA:93,0
DA:102,1
LF:31
LH:25
BRDA:27,0,0,5
BRDA:27,0,1,0
BRDA:35,1,0,0
BRDA:35,1,1,0
BRDA:42,2,0,16
BRDA:42,2,1,8
BRDA:46,3,0,16
BRDA:46,3,1,8
BRDA:60,4,0,8
BRDA:60,4,1,4
BRDA:66,5,0,8
BRDA:66,5,1,4
BRDA:87,6,0,5
BRDA:87,6,1,0
BRF:14
BRH:10
end_of_record
TN:
SF:app/child-detail/[id].tsx
FN:17,ChildDetailScreen
FN:23,(anonymous_1)
FN:30,(anonymous_2)
FN:31,(anonymous_3)
FN:33,(anonymous_4)
FN:34,(anonymous_5)
FN:52,(anonymous_6)
FN:61,(anonymous_7)
FN:77,(anonymous_8)
FN:90,(anonymous_9)
FN:126,(anonymous_10)
FN:136,(anonymous_11)
FN:137,(anonymous_12)
FN:138,(anonymous_13)
FN:176,(anonymous_14)
FN:186,(anonymous_15)
FN:190,(anonymous_16)
FNF:17
FNH:14
FNDA:50,ChildDetailScreen
FNDA:50,(anonymous_1)
FNDA:48,(anonymous_2)
FNDA:48,(anonymous_3)
FNDA:18,(anonymous_4)
FNDA:18,(anonymous_5)
FNDA:3,(anonymous_6)
FNDA:2,(anonymous_7)
FNDA:2,(anonymous_8)
FNDA:2,(anonymous_9)
FNDA:4,(anonymous_10)
FNDA:60,(anonymous_11)
FNDA:44,(anonymous_12)
FNDA:0,(anonymous_13)
FNDA:6,(anonymous_14)
FNDA:0,(anonymous_15)
FNDA:0,(anonymous_16)
DA:18,50
DA:19,50
DA:20,50
DA:21,50
DA:22,50
DA:23,50
DA:24,50
DA:25,50
DA:26,50
DA:27,50
DA:28,50
DA:30,50
DA:31,50
DA:33,50
DA:34,18
DA:35,18
DA:42,18
DA:44,18
DA:45,18
DA:46,18
DA:50,50
DA:52,48
DA:53,3
DA:62,2
DA:63,2
DA:64,2
DA:65,1
DA:67,1
DA:69,2
DA:77,48
DA:78,2
DA:79,2
DA:80,2
DA:81,1
DA:82,1
DA:84,1
DA:86,2
DA:90,48
DA:91,2
DA:111,48
DA:126,4
DA:136,60
DA:138,44
DA:176,6
DA:186,0
DA:190,0
DA:229,1
LF:47
LH:45
BRDA:42,0,0,18
BRDA:42,0,1,0
BRDA:45,1,0,18
BRDA:45,1,1,0
BRDA:50,2,0,2
BRDA:50,2,1,48
BRDA:64,3,0,2
BRDA:64,3,1,0
BRDA:84,4,0,1
BRDA:84,4,1,0
BRDA:94,5,0,1
BRDA:94,5,1,1
BRDA:96,6,0,1
BRDA:96,6,1,1
BRDA:102,7,0,1
BRDA:102,7,1,1
BRDA:105,8,0,1
BRDA:105,8,1,1
BRDA:133,9,0,46
BRDA:133,9,1,2
BRDA:143,10,0,2
BRDA:143,10,1,42
BRDA:144,11,0,2
BRDA:144,11,1,40
BRDA:148,12,0,2
BRDA:148,12,1,42
BRDA:149,13,0,2
BRDA:149,13,1,40
BRDA:152,14,0,2
BRDA:152,14,1,42
BRDA:153,15,0,2
BRDA:153,15,1,40
BRDA:154,16,0,2
BRDA:154,16,1,38
BRDA:160,17,0,44
BRDA:160,17,1,4
BRDA:193,18,0,48
BRDA:193,18,1,0
BRDA:361,19,0,1
BRDA:361,19,1,0
BRDA:365,20,0,1
BRDA:365,20,1,0
BRF:42
BRH:35
end_of_record
TN:
SF:components/ui/Button.tsx
FN:24,Button
FN:41,(anonymous_1)
FNF:2
FNH:2
FNDA:351,Button
FNDA:351,(anonymous_1)
DA:34,351
DA:36,351
DA:41,351
DA:71,19
LF:4
LH:4
BRDA:27,0,0,234
BRDA:28,1,0,289
BRDA:29,2,0,143
BRDA:30,3,0,165
BRDA:34,4,0,351
BRDA:34,4,1,261
BRDA:45,5,0,351
BRDA:45,5,1,120
BRDA:46,6,0,351
BRDA:46,6,1,0
BRDA:46,6,2,0
BRDA:50,7,0,32
BRDA:50,7,1,319
BRDA:52,8,0,0
BRDA:52,8,1,32
BRF:15
BRH:12
end_of_record
TN:
SF:components/ui/Card.tsx
FN:10,Card
FNF:1
FNH:1
FNDA:390,Card
DA:11,390
DA:14,18
LF:2
LH:2
BRF:0
BRH:0
end_of_record
TN:
SF:components/ui/EmptyState.tsx
FN:12,EmptyState
FNF:1
FNH:1
FNDA:12,EmptyState
DA:13,12
DA:22,7
LF:2
LH:2
BRDA:17,0,0,12
BRDA:17,0,1,1
BRF:2
BRH:2
end_of_record
TN:
SF:components/ui/Input.tsx
FN:11,Input
FN:27,(anonymous_1)
FN:27,(anonymous_2)
FNF:3
FNH:3
FNDA:483,Input
FNDA:2,(anonymous_1)
FNDA:2,(anonymous_2)
DA:12,483
DA:13,483
DA:15,483
DA:27,2
DA:44,13
LF:5
LH:5
BRDA:13,0,0,483
BRDA:13,0,1,64
BRDA:17,1,0,483
BRDA:17,1,1,482
BRDA:18,2,0,483
BRDA:18,2,1,1
BRDA:20,3,0,483
BRDA:20,3,1,64
BRDA:22,4,0,64
BRDA:22,4,1,419
BRDA:25,5,0,483
BRDA:25,5,1,64
BRDA:32,6,0,63
BRDA:32,6,1,1
BRDA:39,7,0,483
BRDA:39,7,1,1
BRF:16
BRH:16
end_of_record
TN:
SF:components/ui/Touchable.tsx
FN:15,Touchable
FN:24,(anonymous_1)
FNF:2
FNH:2
FNDA:652,Touchable
FNDA:652,(anonymous_1)
DA:21,652
DA:24,652
LF:2
LH:2
BRDA:16,0,0,652
BRDA:26,1,0,652
BRDA:26,1,1,0
BRDA:26,1,2,0
BRF:4
BRH:2
end_of_record
TN:
SF:hooks/useNotifications.ts
FN:9,useNotifications
FN:11,(anonymous_1)
FN:15,(anonymous_2)
FN:26,(anonymous_3)
FN:38,(anonymous_4)
FN:45,(anonymous_5)
FN:53,(anonymous_6)
FNF:7
FNH:5
FNDA:1,useNotifications
FNDA:1,(anonymous_1)
FNDA:1,(anonymous_2)
FNDA:1,(anonymous_3)
FNDA:0,(anonymous_4)
FNDA:0,(anonymous_5)
FNDA:1,(anonymous_6)
DA:7,1
DA:10,1
DA:11,1
DA:12,1
DA:13,1
DA:15,1
DA:16,1
DA:18,1
DA:19,1
DA:20,1
DA:22,0
DA:26,1
DA:27,1
DA:28,1
DA:29,1
DA:31,0
DA:34,1
DA:37,1
DA:44,1
DA:46,0
DA:47,0
DA:48,0
DA:53,1
DA:54,1
DA:55,1
DA:57,1
DA:58,1
LF:27
LH:22
BRDA:16,0,0,0
BRDA:16,0,1,1
BRDA:16,1,0,1
BRDA:16,1,1,1
BRDA:47,2,0,0
BRDA:47,2,1,0
BRDA:54,3,0,1
BRDA:54,3,1,0
BRDA:57,4,0,1
BRDA:57,4,1,0
BRF:10
BRH:5
end_of_record
TN:
SF:hooks/useRealtime.ts
FN:8,useRealtime
FN:9,(anonymous_1)
FN:10,(anonymous_2)
FN:11,(anonymous_3)
FN:12,(anonymous_4)
FN:13,(anonymous_5)
FN:14,(anonymous_6)
FN:18,(anonymous_7)
FN:26,(anonymous_8)
FN:31,(anonymous_9)
FN:40,(anonymous_10)
FN:45,(anonymous_11)
FN:52,(anonymous_12)
FNF:13
FNH:9
FNDA:2,useRealtime
FNDA:2,(anonymous_1)
FNDA:2,(anonymous_2)
FNDA:2,(anonymous_3)
FNDA:2,(anonymous_4)
FNDA:2,(anonymous_5)
FNDA:2,(anonymous_6)
FNDA:2,(anonymous_7)
FNDA:0,(anonymous_8)
FNDA:0,(anonymous_9)
FNDA:0,(anonymous_10)
FNDA:0,(anonymous_11)
FNDA:2,(anonymous_12)
DA:9,2
DA:10,2
DA:11,2
DA:12,2
DA:13,2
DA:14,2
DA:16,2
DA:18,2
DA:19,2
DA:21,2
DA:26,0
DA:32,0
DA:34,0
DA:40,0
DA:46,0
DA:47,0
DA:52,2
DA:53,2
LF:18
LH:12
BRDA:19,0,0,0
BRDA:19,0,1,2
BRF:2
BRH:1
end_of_record
TN:
SF:lib/constants.ts
FNF:0
FNH:0
DA:1,30
DA:18,30
DA:27,30
DA:36,30
LF:4
LH:4
BRF:0
BRH:0
end_of_record
TN:
SF:lib/notifications.ts
FN:14,(anonymous_0)
FN:27,registerForPushNotifications
FN:79,sendPushNotification
FN:105,notifyParents
FN:139,notifyChild
FNF:5
FNH:3
FNDA:0,(anonymous_0)
FNDA:0,registerForPushNotifications
FNDA:5,sendPushNotification
FNDA:3,notifyParents
FNDA:2,notifyChild
DA:6,1
DA:9,1
DA:10,1
DA:11,1
DA:12,1
DA:13,1
DA:14,0
DA:28,0
DA:29,0
DA:30,0
DA:33,0
DA:34,0
DA:35,0
DA:39,0
DA:40,0
DA:43,0
DA:44,0
DA:45,0
DA:48,0
DA:49,0
DA:50,0
DA:54,0
DA:57,0
DA:60,0
DA:66,0
DA:67,0
DA:75,0
DA:85,5
DA:93,5
DA:112,3
DA:118,3
DA:120,2
DA:122,3
DA:132,3
DA:133,2
DA:147,2
DA:154,2
DA:164,2
DA:165,1
LF:39
LH:18
BRDA:10,0,0,1
BRDA:10,0,1,0
BRDA:28,1,0,0
BRDA:28,1,1,0
BRDA:33,2,0,0
BRDA:33,2,1,0
BRDA:43,3,0,0
BRDA:43,3,1,0
BRDA:48,4,0,0
BRDA:48,4,1,0
BRDA:66,5,0,0
BRDA:66,5,1,0
BRDA:90,6,0,5
BRDA:90,6,1,1
BRDA:109,7,0,2
BRDA:118,8,0,1
BRDA:118,8,1,2
BRDA:128,9,0,3
BRDA:128,9,1,1
BRDA:132,10,0,2
BRDA:132,10,1,1
BRDA:160,11,0,2
BRDA:160,11,1,1
BRDA:164,12,0,1
BRDA:164,12,1,1
BRF:25
BRH:14
end_of_record
TN:
SF:lib/supabase.ts
FN:8,(anonymous_0)
FN:24,(anonymous_1)
FN:39,(anonymous_2)
FN:75,setSkipAuthStateChange
FNF:4
FNH:4
FNDA:4,(anonymous_0)
FNDA:2,(anonymous_1)
FNDA:2,(anonymous_2)
FNDA:2,setSkipAuthStateChange
DA:5,11
DA:7,11
DA:9,4
DA:10,4
DA:12,3
DA:13,2
DA:14,2
DA:15,2
DA:16,4
DA:17,4
DA:18,3
DA:20,1
DA:22,1
DA:25,2
DA:26,1
DA:27,1
DA:30,1
DA:31,1
DA:32,2
DA:34,1
DA:35,1
DA:36,2
DA:40,2
DA:41,2
DA:42,1
DA:43,1
DA:44,2
DA:47,2
DA:51,11
DA:52,11
DA:54,11
DA:55,11
DA:61,11
DA:74,11
DA:76,2
LF:35
LH:35
BRDA:10,0,0,1
BRDA:10,0,1,3
BRDA:12,1,0,2
BRDA:12,1,1,1
BRDA:17,2,0,1
BRDA:17,2,1,3
BRDA:25,3,0,1
BRDA:25,3,1,1
BRDA:41,4,0,1
BRDA:41,4,1,1
BRDA:41,5,0,2
BRDA:41,5,1,2
BRDA:51,6,0,11
BRDA:51,6,1,11
BRDA:52,7,0,11
BRDA:52,7,1,11
BRDA:54,8,0,11
BRDA:54,8,1,0
BRDA:54,9,0,11
BRDA:54,9,1,0
BRDA:62,10,0,11
BRDA:62,10,1,11
BRDA:63,11,0,11
BRDA:63,11,1,11
BRF:24
BRH:22
end_of_record
TN:
SF:stores/authStore.ts
FN:21,(anonymous_0)
FN:27,(anonymous_1)
FN:37,(anonymous_2)
FN:51,(anonymous_3)
FN:56,(anonymous_4)
FN:95,(anonymous_5)
FN:101,(anonymous_6)
FN:114,(anonymous_7)
FN:131,(anonymous_8)
FNF:9
FNH:8
FNDA:1,(anonymous_0)
FNDA:2,(anonymous_1)
FNDA:0,(anonymous_2)
FNDA:2,(anonymous_3)
FNDA:5,(anonymous_4)
FNDA:2,(anonymous_5)
FNDA:2,(anonymous_6)
FNDA:5,(anonymous_7)
FNDA:2,(anonymous_8)
DA:21,1
DA:28,2
DA:29,2
DA:30,2
DA:32,2
DA:33,1
DA:37,2
DA:38,0
DA:39,0
DA:40,0
DA:41,0
DA:43,0
DA:47,2
DA:52,2
DA:53,2
DA:57,5
DA:58,5
DA:59,5
DA:60,1
DA:61,1
DA:63,4
DA:65,4
DA:66,1
DA:69,3
DA:70,2
DA:76,2
DA:77,2
DA:80,2
DA:81,2
DA:82,1
DA:83,1
DA:86,1
DA:87,1
DA:89,1
DA:91,1
DA:96,2
DA:97,2
DA:98,1
DA:102,2
DA:103,2
DA:105,1
DA:109,1
DA:111,1
DA:115,5
DA:116,5
DA:118,4
DA:124,4
DA:126,4
DA:127,4
DA:132,2
DA:133,2
DA:135,1
DA:139,1
DA:141,1
LF:54
LH:49
BRDA:32,0,0,1
BRDA:32,0,1,1
BRDA:38,1,0,0
BRDA:38,1,1,0
BRDA:40,2,0,0
BRDA:40,2,1,0
BRDA:53,3,0,1
BRDA:53,3,1,1
BRDA:56,4,0,3
BRDA:59,5,0,1
BRDA:59,5,1,4
BRDA:65,6,0,1
BRDA:65,6,1,3
BRDA:65,7,0,4
BRDA:65,7,1,3
BRDA:65,7,2,3
BRDA:69,8,0,2
BRDA:69,8,1,1
BRDA:81,9,0,1
BRDA:81,9,1,1
BRDA:86,10,0,1
BRDA:86,10,1,0
BRDA:86,11,0,1
BRDA:86,11,1,1
BRDA:97,12,0,1
BRDA:97,12,1,1
BRDA:103,13,0,1
BRDA:103,13,1,1
BRDA:109,14,0,0
BRDA:109,14,1,1
BRDA:116,15,0,1
BRDA:116,15,1,4
BRDA:124,16,0,0
BRDA:124,16,1,4
BRDA:126,17,0,4
BRDA:126,17,1,0
BRDA:133,18,0,1
BRDA:133,18,1,1
BRDA:139,19,0,0
BRDA:139,19,1,1
BRF:40
BRH:31
end_of_record
TN:
SF:stores/familyStore.ts
FN:19,(anonymous_0)
FN:24,(anonymous_1)
FN:40,(anonymous_2)
FN:64,(anonymous_3)
FN:86,(anonymous_4)
FN:96,(anonymous_5)
FN:148,(anonymous_6)
FN:156,(anonymous_7)
FN:164,(anonymous_8)
FN:165,(anonymous_9)
FNF:10
FNH:10
FNDA:1,(anonymous_0)
FNDA:2,(anonymous_1)
FNDA:2,(anonymous_2)
FNDA:2,(anonymous_3)
FNDA:1,(anonymous_4)
FNDA:2,(anonymous_5)
FNDA:1,(anonymous_6)
FNDA:2,(anonymous_7)
FNDA:1,(anonymous_8)
FNDA:2,(anonymous_9)
DA:19,1
DA:25,2
DA:26,2
DA:27,2
DA:33,2
DA:34,1
DA:36,2
DA:42,2
DA:44,2
DA:50,2
DA:52,1
DA:55,1
DA:60,1
DA:61,1
DA:66,2
DA:72,2
DA:74,1
DA:77,1
DA:82,1
DA:83,1
DA:87,1
DA:92,1
DA:93,1
DA:97,2
DA:99,2
DA:100,2
DA:103,1
DA:108,1
DA:111,1
DA:113,1
DA:115,1
DA:116,1
DA:117,1
DA:120,1
DA:128,1
DA:131,1
DA:135,1
DA:139,1
DA:143,1
DA:144,1
DA:149,1
DA:153,1
DA:158,2
DA:161,2
DA:164,1
DA:165,2
LF:46
LH:46
BRDA:33,0,0,1
BRDA:33,0,1,1
BRDA:50,1,0,1
BRDA:50,1,1,1
BRDA:72,2,0,1
BRDA:72,2,1,1
BRDA:72,3,0,2
BRDA:72,3,1,1
BRDA:82,4,0,0
BRDA:82,4,1,1
BRDA:92,5,0,0
BRDA:92,5,1,1
BRDA:93,6,0,1
BRDA:93,6,1,0
BRDA:100,7,0,1
BRDA:100,7,1,1
BRDA:116,8,0,0
BRDA:116,8,1,1
BRDA:117,9,0,0
BRDA:117,9,1,1
BRDA:128,10,0,0
BRDA:128,10,1,1
BRDA:143,11,0,1
BRDA:143,11,1,0
BRDA:144,12,0,1
BRDA:144,12,1,0
BRDA:153,13,0,0
BRDA:153,13,1,1
BRDA:161,14,0,1
BRDA:161,14,1,1
BRF:30
BRH:21
end_of_record
TN:
SF:stores/giftsStore.ts
FN:18,(anonymous_0)
FN:22,(anonymous_1)
FN:38,(anonymous_2)
FN:44,(anonymous_3)
FN:51,(anonymous_4)
FN:52,(anonymous_5)
FN:58,(anonymous_6)
FN:65,(anonymous_7)
FN:66,(anonymous_8)
FN:72,(anonymous_9)
FN:79,(anonymous_10)
FN:80,(anonymous_11)
FN:86,(anonymous_12)
FN:92,(anonymous_13)
FN:93,(anonymous_14)
FN:99,(anonymous_15)
FN:106,(anonymous_16)
FN:107,(anonymous_17)
FNF:18
FNH:18
FNDA:1,(anonymous_0)
FNDA:3,(anonymous_1)
FNDA:1,(anonymous_2)
FNDA:1,(anonymous_3)
FNDA:1,(anonymous_4)
FNDA:1,(anonymous_5)
FNDA:1,(anonymous_6)
FNDA:1,(anonymous_7)
FNDA:1,(anonymous_8)
FNDA:1,(anonymous_9)
FNDA:1,(anonymous_10)
FNDA:1,(anonymous_11)
FNDA:3,(anonymous_12)
FNDA:2,(anonymous_13)
FNDA:3,(anonymous_14)
FNDA:2,(anonymous_15)
FNDA:1,(anonymous_16)
FNDA:2,(anonymous_17)
DA:18,1
DA:23,3
DA:24,3
DA:25,3
DA:31,3
DA:32,2
DA:34,3
DA:39,1
DA:40,1
DA:41,1
DA:45,1
DA:49,1
DA:51,1
DA:53,1
DA:59,1
DA:63,1
DA:65,1
DA:67,1
DA:73,1
DA:77,1
DA:79,1
DA:81,1
DA:87,3
DA:90,3
DA:92,2
DA:94,3
DA:100,2
DA:104,2
DA:106,1
DA:107,2
LF:30
LH:30
BRDA:31,0,0,1
BRDA:31,0,1,2
BRDA:32,1,0,2
BRDA:32,1,1,0
BRDA:40,2,0,0
BRDA:40,2,1,1
BRDA:49,3,0,0
BRDA:49,3,1,1
BRDA:53,4,0,1
BRDA:53,4,1,0
BRDA:63,5,0,0
BRDA:63,5,1,1
BRDA:67,6,0,1
BRDA:67,6,1,0
BRDA:77,7,0,0
BRDA:77,7,1,1
BRDA:81,8,0,1
BRDA:81,8,1,0
BRDA:90,9,0,1
BRDA:90,9,1,2
BRDA:94,10,0,2
BRDA:94,10,1,1
BRDA:104,11,0,1
BRDA:104,11,1,1
BRF:24
BRH:16
end_of_record
TN:
SF:stores/missionsStore.ts
FN:23,(anonymous_0)
FN:28,(anonymous_1)
FN:45,(anonymous_2)
FN:52,(anonymous_3)
FN:58,(anonymous_4)
FN:59,(anonymous_5)
FN:65,(anonymous_6)
FN:80,(anonymous_7)
FN:81,(anonymous_8)
FN:83,(anonymous_9)
FN:88,(anonymous_10)
FN:99,(anonymous_11)
FN:110,(anonymous_12)
FN:121,(anonymous_13)
FN:137,(anonymous_14)
FN:143,(anonymous_15)
FN:154,(anonymous_16)
FN:167,(anonymous_17)
FN:169,(anonymous_18)
FN:183,(anonymous_19)
FN:188,(anonymous_20)
FN:200,(anonymous_21)
FN:207,(anonymous_22)
FN:222,(anonymous_23)
FN:227,(anonymous_24)
FN:253,(anonymous_25)
FN:262,(anonymous_26)
FNF:27
FNH:22
FNDA:1,(anonymous_0)
FNDA:2,(anonymous_1)
FNDA:1,(anonymous_2)
FNDA:1,(anonymous_3)
FNDA:1,(anonymous_4)
FNDA:1,(anonymous_5)
FNDA:1,(anonymous_6)
FNDA:1,(anonymous_7)
FNDA:2,(anonymous_8)
FNDA:3,(anonymous_9)
FNDA:8,(anonymous_10)
FNDA:2,(anonymous_11)
FNDA:2,(anonymous_12)
FNDA:0,(anonymous_13)
FNDA:0,(anonymous_14)
FNDA:1,(anonymous_15)
FNDA:2,(anonymous_16)
FNDA:1,(anonymous_17)
FNDA:1,(anonymous_18)
FNDA:0,(anonymous_19)
FNDA:1,(anonymous_20)
FNDA:1,(anonymous_21)
FNDA:1,(anonymous_22)
FNDA:0,(anonymous_23)
FNDA:4,(anonymous_24)
FNDA:2,(anonymous_25)
FNDA:0,(anonymous_26)
DA:23,1
DA:29,2
DA:30,2
DA:31,2
DA:38,2
DA:39,2
DA:41,2
DA:46,1
DA:47,1
DA:48,1
DA:49,1
DA:53,1
DA:56,1
DA:58,1
DA:60,1
DA:67,1
DA:72,1
DA:74,1
DA:78,1
DA:80,1
DA:81,2
DA:83,3
DA:89,8
DA:95,8
DA:96,8
DA:100,2
DA:106,2
DA:107,2
DA:110,2
DA:111,2
DA:112,2
DA:114,1
DA:124,1
DA:130,1
DA:131,1
DA:144,1
DA:150,1
DA:151,1
DA:155,2
DA:162,2
DA:163,2
DA:164,1
DA:167,1
DA:168,1
DA:169,1
DA:170,1
DA:176,1
DA:177,1
DA:189,1
DA:197,1
DA:200,1
DA:201,1
DA:202,1
DA:206,1
DA:207,1
DA:208,1
DA:209,1
DA:210,1
DA:211,1
DA:215,1
DA:229,4
DA:238,4
DA:241,3
DA:248,3
DA:250,2
DA:253,2
DA:254,2
DA:255,2
LF:68
LH:68
BRDA:38,0,0,0
BRDA:38,0,1,2
BRDA:39,1,0,2
BRDA:39,1,1,0
BRDA:47,2,0,0
BRDA:47,2,1,1
BRDA:56,3,0,0
BRDA:56,3,1,1
BRDA:60,4,0,1
BRDA:60,4,1,0
BRDA:72,5,0,0
BRDA:72,5,1,1
BRDA:78,6,0,0
BRDA:78,6,1,1
BRDA:83,7,0,3
BRDA:83,7,1,2
BRDA:83,7,2,1
BRDA:95,8,0,0
BRDA:95,8,1,8
BRDA:96,9,0,8
BRDA:96,9,1,0
BRDA:106,10,0,0
BRDA:106,10,1,2
BRDA:111,11,0,2
BRDA:111,11,1,0
BRDA:112,12,0,1
BRDA:112,12,1,1
BRDA:130,13,0,1
BRDA:130,13,1,0
BRDA:148,14,0,1
BRDA:148,14,1,0
BRDA:150,15,0,0
BRDA:150,15,1,1
BRDA:158,16,0,2
BRDA:158,16,1,1
BRDA:162,17,0,0
BRDA:162,17,1,2
BRDA:163,18,0,1
BRDA:163,18,1,1
BRDA:163,19,0,2
BRDA:163,19,1,2
BRDA:168,20,0,1
BRDA:168,20,1,0
BRDA:176,21,0,1
BRDA:176,21,1,0
BRDA:176,22,0,1
BRDA:176,22,1,1
BRDA:197,23,0,0
BRDA:197,23,1,1
BRDA:201,24,0,1
BRDA:201,24,1,0
BRDA:206,25,0,1
BRDA:206,25,1,0
BRDA:208,26,0,1
BRDA:208,26,1,0
BRDA:209,27,0,1
BRDA:209,27,1,0
BRDA:210,28,0,1
BRDA:210,28,1,0
BRDA:211,29,0,1
BRDA:211,29,1,0
BRDA:238,30,0,1
BRDA:238,30,1,3
BRDA:248,31,0,1
BRDA:248,31,1,2
BRDA:254,32,0,2
BRDA:254,32,1,0
BRF:67
BRH:42
end_of_record
